<?xml version="1.0" encoding="utf-8"?><testsuites name="pytest tests"><testsuite name="pytest" errors="0" failures="0" skipped="2" tests="828" time="483.801" timestamp="2026-09-15T04:02:00.056379+00:00" hostname="agent-env-58795608-06e6-4590-83e6-248653031b9c"><testcase classname="tests.test_admin_service_token.TestServiceTokenGrantsAdmin" name="test_admin_me" time="0.147" /><testcase classname="tests.test_admin_service_token.TestServiceTokenGrantsAdmin" name="test_admin_users" time="0.077" /><testcase classname="tests.test_admin_service_token.TestServiceTokenGrantsAdmin" name="test_admin_dashboard" time="0.101" /><testcase classname="tests.test_admin_service_token.TestServiceTokenGrantsAdmin" name="test_admin_metrics" time="0.080" /><testcase classname="tests.test_admin_service_token.TestServiceTokenSecurity" name="test_wrong_token_returns_401" time="0.073" /><testcase classname="tests.test_admin_service_token.TestServiceTokenSecurity" name="test_missing_auth_returns_401" time="0.131" /><testcase classname="tests.test_admin_service_token.TestRiderBoundary" name="test_rider_token_forbidden_on_admin_me" time="0.387" /><testcase classname="tests.test_admin_service_token.TestRiderBoundary" name="test_rider_token_forbidden_on_admin_users" time="0.081" /><testcase classname="tests.test_admin_service_token.TestInteractiveAdminRegression" name="test_admin_login_token_hits_admin_me" time="0.374" /><testcase classname="tests.test_admin_service_token.TestRiderRegression" name="test_auth_me_with_rider_token" time="0.081" /><testcase classname="tests.test_admin_service_token.TestRiderRegression" name="test_analysis_streak_with_rider_token" time="0.078" /><testcase classname="tests.test_auth_verify_reset.TestRegisterAndMe" name="test_register_returns_token_and_unverified_user" time="0.368" /><testcase classname="tests.test_auth_verify_reset.TestRegisterAndMe" name="test_me_reports_email_verified_false_for_new_user" time="0.075" /><testcase classname="tests.test_auth_verify_reset.TestRegisterAndMe" name="test_me_reports_email_verified_true_for_demo" time="0.377" /><testcase classname="tests.test_auth_verify_reset.TestRegisterAndMe" name="test_register_writes_verify_token_to_db" time="0.002" /><testcase classname="tests.test_auth_verify_reset.TestVerifyEmail" name="test_verify_email_bad_token_returns_html_error" time="0.163" /><testcase classname="tests.test_auth_verify_reset.TestVerifyEmail" name="test_verify_email_missing_token_returns_html_error" time="0.164" /><testcase classname="tests.test_auth_verify_reset.TestVerifyEmail" name="test_verify_email_valid_token_sets_email_verified" time="0.130" /><testcase classname="tests.test_auth_verify_reset.TestResendVerification" name="test_resend_requires_auth" time="0.070" /><testcase classname="tests.test_auth_verify_reset.TestResendVerification" name="test_resend_for_already_verified_returns_ok" time="0.385" /><testcase classname="tests.test_auth_verify_reset.TestResendVerification" name="test_resend_for_unverified_502_is_expected_in_preview" time="0.374" /><testcase classname="tests.test_auth_verify_reset.TestForgotAndReset" name="test_forgot_password_unknown_email_returns_ok" time="0.069" /><testcase classname="tests.test_auth_verify_reset.TestForgotAndReset" name="test_forgot_password_existing_writes_reset_token" time="0.377" /><testcase classname="tests.test_auth_verify_reset.TestForgotAndReset" name="test_reset_password_page_returns_html_form" time="0.184" /><testcase classname="tests.test_auth_verify_reset.TestForgotAndReset" name="test_reset_rejects_short_password" time="0.076" /><testcase classname="tests.test_auth_verify_reset.TestForgotAndReset" name="test_reset_rejects_invalid_token" time="0.077" /><testcase classname="tests.test_auth_verify_reset.TestForgotAndReset" name="test_reset_password_success_and_login_with_new_password" time="0.895" /><testcase classname="tests.test_backend.TestWorkouts" name="test_root_requires_auth" time="0.156" /><testcase classname="tests.test_backend.TestWorkouts" name="test_root" time="0.078" /><testcase classname="tests.test_backend.TestWorkouts" name="test_start_workout" time="0.080" /><testcase classname="tests.test_backend.TestWorkouts" name="test_get_workout" time="0.071" /><testcase classname="tests.test_backend.TestWorkouts" name="test_list_workouts" time="0.070" /><testcase classname="tests.test_backend.TestWorkouts" name="test_end_workout" time="0.159" /><testcase classname="tests.test_backend.TestWorkouts" name="test_get_unknown_workout_404" time="0.078" /><testcase classname="tests.test_backend.TestTelemetryWS" name="test_disconnected_by_default_and_ignores_erg_target" time="3.014" /><testcase classname="tests.test_backend.TestTelemetryWS" name="test_real_sensor_override_then_expires_to_disconnected" time="10.634" /><testcase classname="tests.test_benchmark.TestBenchmarkAuthGating" name="test_profile_requires_auth" time="0.190" /><testcase classname="tests.test_benchmark.TestBenchmarkAuthGating" name="test_results_requires_auth" time="0.149" /><testcase classname="tests.test_benchmark.TestBenchmarkAuthGating" name="test_sessions_post_requires_auth" time="0.148" /><testcase classname="tests.test_benchmark.TestBenchmarkProfileAndResults" name="test_profile_returns_all_nine_keys" time="0.449" /><testcase classname="tests.test_benchmark.TestBenchmarkProfileAndResults" name="test_results_returns_results_list" time="0.079" /><testcase classname="tests.test_benchmark.TestBenchmarkSessions" name="test_create_session_returns_id_and_startedAt" time="0.073" /><testcase classname="tests.test_benchmark.TestBenchmarkSessions" name="test_get_session_by_id" time="0.072" /><testcase classname="tests.test_benchmark.TestBenchmarkSessions" name="test_patch_session_updates" time="0.152" /><testcase classname="tests.test_benchmark.TestBenchmarkSessions" name="test_create_session_rejects_missing_testId" time="0.072" /><testcase classname="tests.test_benchmark.TestBenchmarkSessions" name="test_get_unknown_session_404" time="0.070" /><testcase classname="tests.test_benchmark.TestBenchmarkSessions" name="test_patch_unknown_session_404" time="0.072" /><testcase classname="tests.test_benchmark.TestBenchmarkSessions" name="test_do_not_start_outcome_persists" time="0.072" /><testcase classname="tests.test_benchmark.TestBenchmarkUserScoping" name="test_other_user_cannot_read_session" time="0.758" /><testcase classname="tests.test_billing.TestProducts" name="test_products_shape" time="0.518" /><testcase classname="tests.test_billing.TestConsumeRideGating" name="test_full_gating_flow" time="0.948" /><testcase classname="tests.test_billing.TestValidateRejects" name="test_bogus_receipt_rejected" time="0.306" /><testcase classname="tests.test_billing.TestAuthGuard" name="test_status_requires_auth" time="0.145" /><testcase classname="tests.test_calendar.TestCalendarWeek" name="test_get_week_returns_full_shape" time="0.439" /><testcase classname="tests.test_calendar.TestCalendarWeek" name="test_no_mongo_objectid_leak" time="0.073" /><testcase classname="tests.test_calendar.TestCalendarMove" name="test_move_and_verify_persists_and_returns_updated_week" time="0.237" /><testcase classname="tests.test_calendar.TestCalendarMove" name="test_move_invalid_session_type_returns_400" time="0.085" /><testcase classname="tests.test_calendar.TestCalendarMove" name="test_move_missing_source_session_returns_400" time="0.226" /><testcase classname="tests.test_calendar.TestCalendarReview" name="test_review_returns_message" time="0.960" /><testcase classname="tests.test_calendar.TestCoachAdaptation" name="test_adaptation_cached_then_refresh" time="1.048" /><testcase classname="tests.test_calendar.TestCoachDebriefTriggersAdaptation" name="test_debrief_sets_adaptation_at_timestamp" time="3.420" /><testcase classname="tests.test_coach_chat.TestCoachChatAlberto" name="test_chat_alberto_returns_persona_reply" time="1.901" /><testcase classname="tests.test_coach_chat.TestCoachChatAlberto" name="test_history_alberto_persisted" time="0.073" /><testcase classname="tests.test_coach_chat.TestCoachChatAlberto" name="test_history_adriana_isolated" time="0.069" /><testcase classname="tests.test_coach_chat.TestCoachChatAlberto" name="test_delete_alberto_history" time="0.148" /><testcase classname="tests.test_coach_chat.TestCoachChatStyle" name="test_chat_essential_style_shape" time="1.090" /><testcase classname="tests.test_coach_chat.TestCoachChatValidation" name="test_empty_message_rejected" time="0.259" /><testcase classname="tests.test_coach_weekly_note.TestCoachWeeklyNote" name="test_weekly_note_returns_valid_shape[demo@roujaune.app-demo9900]" time="0.433" /><testcase classname="tests.test_coach_weekly_note.TestCoachWeeklyNote" name="test_weekly_note_returns_valid_shape[greenlantern@roujaune.app-rideon9900]" time="0.365" /><testcase classname="tests.test_coach_weekly_note.TestCoachWeeklyNote" name="test_weekly_note_refresh[demo@roujaune.app-demo9900]" time="1.678" /><testcase classname="tests.test_coach_weekly_note.TestCoachWeeklyNote" name="test_weekly_note_refresh[greenlantern@roujaune.app-rideon9900]" time="1.536" /><testcase classname="tests.test_coach_weekly_note.TestCoachWeeklyNote" name="test_adaptation_callouts_inspection[demo@roujaune.app-demo9900]" time="1.581" /><testcase classname="tests.test_coach_weekly_note.TestCoachWeeklyNote" name="test_adaptation_callouts_inspection[greenlantern@roujaune.app-rideon9900]" time="1.551" /><testcase classname="tests.test_companion_plan_edits.TestChatEdit" name="test_a1_chat_edits_first_endurance_ride_to_20min" time="2.457" /><testcase classname="tests.test_companion_plan_edits.TestChatEdit" name="test_a2_status_question_does_not_edit_plan" time="1.475" /><testcase classname="tests.test_companion_plan_edits.TestAutoEase" name="test_b1_low_compliance_eases_week2_and_is_idempotent" time="12.474" /><testcase classname="tests.test_couch_to_road.TestRiderProfile" name="test_rider_is_green_lantern" time="0.473" /><testcase classname="tests.test_couch_to_road.TestPlanEndpoint" name="test_plan_is_couch_to_road" time="0.066" /><testcase classname="tests.test_couch_to_road.TestPlanEndpoint" name="test_plan_has_four_phases" time="0.068" /><testcase classname="tests.test_couch_to_road.TestPlanEndpoint" name="test_plan_has_beginner_goals" time="0.067" /><testcase classname="tests.test_couch_to_road.TestPlanEndpoint" name="test_plan_workout_ids" time="0.064" /><testcase classname="tests.test_couch_to_road.TestCalendarWeek" name="test_calendar_week1_dates" time="0.069" /><testcase classname="tests.test_couch_to_road.TestCalendarWeek" name="test_calendar_has_cycling_workout_ids" time="0.077" /><testcase classname="tests.test_couch_to_road.TestCalendarWeek" name="test_calendar_has_slots" time="0.076" /><testcase classname="tests.test_hub_screens.TestCalendarReadinessEnriched" name="test_week_readiness_has_source_and_metrics" time="0.442" /><testcase classname="tests.test_hub_screens.TestCalendarReadinessEnriched" name="test_wednesday_readiness_matches_spec" time="0.075" /><testcase classname="tests.test_hub_screens.TestProgress" name="test_progress_shape" time="0.074" /><testcase classname="tests.test_hub_screens.TestRoutes" name="test_routes_shape" time="0.076" /><testcase classname="tests.test_hub_screens.TestCommunity" name="test_community_shape" time="0.076" /><testcase classname="tests.test_hub_screens.TestConnections" name="test_connections_shape" time="0.076" /><testcase classname="tests.test_intervals_debrief.TestCoachDebriefIntervals" name="test_debrief_accepts_interval_fields" time="1.537" /><testcase classname="tests.test_intervals_debrief.TestCoachDebriefIntervals" name="test_debrief_backwards_compat_without_intervals" time="1.653" /><testcase classname="tests.test_intervals_debrief.TestSummarizeStillWorks" name="test_summarize_empty_returns_reference" time="0.473" /><testcase classname="tests.test_iter103_no_google_fit.TestGoogleFitRetired" name="test_connections_endpoint_ok" time="0.485" /><testcase classname="tests.test_iter103_no_google_fit.TestGoogleFitRetired" name="test_no_google_fit_id_or_name" time="0.076" /><testcase classname="tests.test_iter103_no_google_fit.TestGoogleFitRetired" name="test_health_connect_present_and_native" time="0.078" /><testcase classname="tests.test_iter103_no_google_fit.TestGoogleFitRetired" name="test_apple_health_present_and_native" time="0.074" /><testcase classname="tests.test_iter103_no_google_fit.TestGoogleFitRetired" name="test_response_shape" time="0.077" /><testcase classname="tests.test_iter104_strava_and_health_rename.TestConnectionsProviders" name="test_connections_ok" time="0.406" /><testcase classname="tests.test_iter104_strava_and_health_rename.TestConnectionsProviders" name="test_no_google_fit" time="0.063" /><testcase classname="tests.test_iter104_strava_and_health_rename.TestConnectionsProviders" name="test_apple_health_present" time="0.065" /><testcase classname="tests.test_iter104_strava_and_health_rename.TestConnectionsProviders" name="test_health_connect_renamed" time="0.064" /><testcase classname="tests.test_iter104_strava_and_health_rename.TestConnectionsProviders" name="test_strava_registered_and_configured" time="0.064" /><testcase classname="tests.test_iter104_strava_and_health_rename.TestStravaAuthorize" name="test_authorize_returns_real_oauth_url" time="0.067" /><testcase classname="tests.test_iter105_strava_push_and_samples" name="test_summarize_returns_id_and_avg_hr" time="0.409" /><testcase classname="tests.test_iter105_strava_push_and_samples" name="test_ride_history_has_samples_and_avg_hr" time="0.070" /><testcase classname="tests.test_iter105_strava_push_and_samples" name="test_strava_ride_status_all_false" time="0.069" /><testcase classname="tests.test_iter105_strava_push_and_samples" name="test_strava_push_returns_400_when_not_connected" time="0.066" /><testcase classname="tests.test_iter105_strava_push_and_samples" name="test_strava_push_missing_ride_id_400" time="0.065" /><testcase classname="tests.test_iter105_strava_push_and_samples" name="test_strava_settings_patch_ok" time="0.070" /><testcase classname="tests.test_iter105_strava_push_and_samples" name="test_connections_lists_expected_providers_and_no_google_fit" time="0.067" /><testcase classname="tests.test_iter106_ride_photos.TestRidePhotos" name="test_1_summarize_returns_id" time="0.474" /><testcase classname="tests.test_iter106_ride_photos.TestRidePhotos" name="test_2_upload_photo_ok" time="0.297" /><testcase classname="tests.test_iter106_ride_photos.TestRidePhotos" name="test_3_list_photos" time="0.148" /><testcase classname="tests.test_iter106_ride_photos.TestRidePhotos" name="test_4a_get_photo_with_bearer" time="0.210" /><testcase classname="tests.test_iter106_ride_photos.TestRidePhotos" name="test_4b_get_photo_with_token_query" time="0.207" /><testcase classname="tests.test_iter106_ride_photos.TestRidePhotos" name="test_4c_get_photo_without_token_401" time="0.127" /><testcase classname="tests.test_iter106_ride_photos.TestRidePhotos" name="test_5_ownership_forbidden" time="0.136" /><testcase classname="tests.test_iter106_ride_photos.TestRidePhotos" name="test_6_delete_photo" time="0.262" /><testcase classname="tests.test_iter106_ride_photos.TestRidePhotoGuards" name="test_reject_non_image" time="0.177" /><testcase classname="tests.test_iter106_ride_photos.TestRidePhotoGuards" name="test_nonexistent_ride_404" time="0.193" /><testcase classname="tests.test_iter111_calendar_week_and_custom_catalog.TestCalendarWeek" name="test_default_week_no_date" time="0.521" /><testcase classname="tests.test_iter111_calendar_week_and_custom_catalog.TestCalendarWeek" name="test_date_inside_demo_plan_week_returns_plan_week" time="0.199" /><testcase classname="tests.test_iter111_calendar_week_and_custom_catalog.TestCalendarWeek" name="test_date_outside_plan_returns_free_week_mon_start" time="0.144" /><testcase classname="tests.test_iter111_calendar_week_and_custom_catalog.TestCalendarWeek" name="test_date_monday_of_target" time="0.116" /><testcase classname="tests.test_iter111_calendar_week_and_custom_catalog.TestCustomCatalog" name="test_custom_workout_lifecycle" time="0.682" /><testcase classname="tests.test_iter111_calendar_week_and_custom_catalog.TestCustomCatalog" name="test_create_custom_requires_name" time="0.138" /><testcase classname="tests.test_iter112_struggle_and_debrief.TestCoachCueStruggle" name="test_struggle_cue_returns_200" time="1.191" /><testcase classname="tests.test_iter112_struggle_and_debrief.TestCoachCueStruggle" name="test_safety_cue_returns_200_calm" time="1.064" /><testcase classname="tests.test_iter112_struggle_and_debrief.TestCoachCueStruggle" name="test_live_cue_regression" time="0.922" /><testcase classname="tests.test_iter112_struggle_and_debrief.TestCoachDebriefStruggles" name="test_debrief_with_struggles_200" time="1.188" /><testcase classname="tests.test_iter113_adaptation.TestAdaptationMetrics" name="test_summarize_computes_adaptation_metrics" time="0.568" /><testcase classname="tests.test_iter113_adaptation.TestAdaptationMetrics" name="test_history_persists_adaptation_metrics" time="0.077" /><testcase classname="tests.test_iter113_adaptation.TestAdaptationEndpoint" name="test_seed_two_more_rides_then_adaptation" time="0.234" /><testcase classname="tests.test_iter113_adaptation.TestRegressionSummarize" name="test_manual_entry_returns_200" time="0.075" /><testcase classname="tests.test_iter113_adaptation.TestRegressionSummarize" name="test_few_samples_returns_reference_with_id" time="0.079" /><testcase classname="tests.test_iter117_wprime_predictive.TestPredictiveWPrimeCue" name="test_preemptive_struggle_cue_returns_200" time="1.385" /><testcase classname="tests.test_iter117_wprime_predictive.TestPredictiveWPrimeCue" name="test_struggle_cue_without_new_fields_still_200" time="0.806" /><testcase classname="tests.test_iter117_wprime_predictive.TestPredictiveWPrimeCue" name="test_minimal_live_cue_no_new_fields_regression" time="0.928" /><testcase classname="tests.test_iter117_wprime_predictive.TestRiderSettingsMaxHrAge" name="test_age_persists_via_rider_profile" time="0.595" /><testcase classname="tests.test_iter117_wprime_predictive.TestRiderSettingsMaxHrAge" name="test_max_hr_persists_via_activities_ftp" time="0.650" /><testcase classname="tests.test_iter118_systemic_fatigue.TestSystemicFatigueCue" name="test_systemic_fatigue_cue_returns_200_hydration_cue" time="1.197" /><testcase classname="tests.test_iter118_systemic_fatigue.TestSystemicFatigueCue" name="test_power_fade_without_systemic_fatigue_still_generic_struggle_cue" time="0.892" /><testcase classname="tests.test_iter121_missed_structured_plan.TestRiderMissedBasic" name="test_missed_returns_200_and_valid_shape" time="0.431" /><testcase classname="tests.test_iter121_missed_structured_plan.TestRiderMissedBasic" name="test_missed_items_shape" time="0.072" /><testcase classname="tests.test_iter121_missed_structured_plan.TestStructuredMissedResolve" name="test_skip_structured_entry_removes_from_missed" time="0.077"><skipped type="pytest.skip" message="No naturally-occurring past-due structured-plan missed entry found with current seed data — verified GET /api/rider/missed still returns 200 valid JSON (see TestRiderMissedBasic).">/app/backend/tests/test_iter121_missed_structured_plan.py:89: No naturally-occurring past-due structured-plan missed entry found with current seed data — verified GET /api/rider/missed still returns 200 valid JSON (see TestRiderMissedBasic).</skipped></testcase><testcase classname="tests.test_iter121_missed_structured_plan.TestStructuredMissedResolve" name="test_reschedule_structured_entry_appears_in_calendar" time="0.075"><skipped type="pytest.skip" message="No naturally-occurring past-due structured-plan missed entry found with current seed data.">/app/backend/tests/test_iter121_missed_structured_plan.py:106: No naturally-occurring past-due structured-plan missed entry found with current seed data.</skipped></testcase><testcase classname="tests.test_iter121_missed_structured_plan.TestStructuredMissedResolve" name="test_invalid_entry_id_format" time="0.078" /><testcase classname="tests.test_iter121_missed_structured_plan.TestStructuredMissedResolve" name="test_invalid_action" time="0.070" /><testcase classname="tests.test_iter121_missed_structured_plan.TestAdhocMissedRegression" name="test_adhoc_missed_skip_flow" time="0.377" /><testcase classname="tests.test_iter121_missed_structured_plan.TestAdhocMissedRegression" name="test_adhoc_missed_reschedule_flow" time="0.296" /><testcase classname="tests.test_iter126_gemini_shim_retry.TestBackendHealth" name="test_backend_up" time="0.149" /><testcase classname="tests.test_iter126_gemini_shim_retry.TestCoachCue" name="test_coach_cue_success" time="1.225" /><testcase classname="tests.test_iter126_gemini_shim_retry.TestCoachExtendAdvice" name="test_extend_advice_success" time="0.798" /><testcase classname="tests.test_iter126_gemini_shim_retry.TestCoachDebrief" name="test_debrief_success" time="1.109" /><testcase classname="tests.test_iter126_gemini_shim_retry.TestCoachChat" name="test_chat_success" time="1.199" /><testcase classname="tests.test_iter19_profile_progress" name="test_rider_season_windows[0]" time="0.480" /><testcase classname="tests.test_iter19_profile_progress" name="test_rider_season_windows[7]" time="0.075" /><testcase classname="tests.test_iter19_profile_progress" name="test_rider_season_windows[30]" time="0.072" /><testcase classname="tests.test_iter19_profile_progress" name="test_rider_season_windows[90]" time="0.072" /><testcase classname="tests.test_iter19_profile_progress" name="test_rider_season_windows[365]" time="0.070" /><testcase classname="tests.test_iter19_profile_progress" name="test_rider_achievements_empty" time="0.070" /><testcase classname="tests.test_iter19_profile_progress" name="test_connections_services_contract" time="0.071" /><testcase classname="tests.test_iter19_profile_progress" name="test_rider_profile_get_has_location_keys" time="0.080" /><testcase classname="tests.test_iter19_profile_progress" name="test_rider_profile_put_persists" time="0.145" /><testcase classname="tests.test_iter20_checkin_level.TestCheckin" name="test_healthy_checkin_returns_score" time="0.420" /><testcase classname="tests.test_iter20_checkin_level.TestCheckin" name="test_symptom_override" time="0.068" /><testcase classname="tests.test_iter20_checkin_level.TestCheckin" name="test_readiness_today_after_healthy_checkin" time="0.138" /><testcase classname="tests.test_iter20_checkin_level.TestCheckin" name="test_calendar_week_reflects_checkin" time="0.136" /><testcase classname="tests.test_iter20_checkin_level.TestRiderLevel" name="test_returns_structure" time="0.132" /><testcase classname="tests.test_iter20_checkin_level.TestRiderLevel" name="test_missed_or_stopped_triggers_concern" time="0.068" /><testcase classname="tests.test_iter20_checkin_level" name="test_zzz_reset_to_healthy" time="0.065" /><testcase classname="tests.test_iter22_cross_cutting.TestPlan" name="test_plan_is_from_couch_to_road" time="0.798" /><testcase classname="tests.test_iter22_cross_cutting.TestPlan" name="test_plan_week_targets_shape" time="0.484" /><testcase classname="tests.test_iter22_cross_cutting.TestPlan" name="test_plan_progress_and_ctr_workouts" time="0.537" /><testcase classname="tests.test_iter22_cross_cutting.TestCalendarWeek" name="test_week1_dates" time="0.888" /><testcase classname="tests.test_iter22_cross_cutting.TestCalendarWeek" name="test_cycling_day_workout_ids_and_readiness" time="0.518" /><testcase classname="tests.test_iter22_cross_cutting.TestCalendarWeek" name="test_tuesday_is_ctr_ride_1" time="0.534" /><testcase classname="tests.test_iter22_cross_cutting.TestSeason" name="test_empty_season_zero_state" time="0.815" /><testcase classname="tests.test_iter22_cross_cutting.TestSummarizeTelemetryFlow" name="test_summarize_and_plan_reflects_completion" time="1.422" /><testcase classname="tests.test_iter22_cross_cutting.TestManualSummary" name="test_manual_summary_computes_tss_from_rpe" time="1.155" /><testcase classname="tests.test_iter22_cross_cutting.TestSupplementary" name="test_supplementary_increments_season" time="1.424" /><testcase classname="tests.test_iter23_seated_and_sensor.TestCoachCueSeated" name="test_coach_cue_seated_true" time="0.866" /><testcase classname="tests.test_iter23_seated_and_sensor.TestCoachCueSeated" name="test_coach_cue_seated_false" time="0.919" /><testcase classname="tests.test_iter23_seated_and_sensor.TestWsTelemetrySensor" name="test_sensor_override_and_fallback" time="8.491" /><testcase classname="tests.test_iter41_today_progress_timeline.TestPlanCouchToRoad" name="test_plan_returns_persistent_workouts_with_mixed_types" time="0.510" /><testcase classname="tests.test_iter41_today_progress_timeline.TestPlanCouchToRoad" name="test_plan_workout_shape_cycling_and_non_cycling" time="0.121" /><testcase classname="tests.test_iter41_today_progress_timeline.TestPlanCouchToRoad" name="test_plan_spans_multiple_weeks_if_needed" time="0.125" /><testcase classname="tests.test_iter41_today_progress_timeline.TestPlanCouchToRoad" name="test_plan_progress_and_phase" time="0.121" /><testcase classname="tests.test_iter41_today_progress_timeline.TestPlanRegressionOtherPlans" name="test_ride_stronger_returns_workouts" time="0.631" /><testcase classname="tests.test_iter41_today_progress_timeline.TestPlanRegressionOtherPlans" name="test_ride_beyond_returns_workouts" time="0.302" /><testcase classname="tests.test_iter41_today_progress_timeline.TestProgressTimeline" name="test_bucket_counts[week-7]" time="0.162" /><testcase classname="tests.test_iter41_today_progress_timeline.TestProgressTimeline" name="test_bucket_counts[month-4]" time="0.140" /><testcase classname="tests.test_iter41_today_progress_timeline.TestProgressTimeline" name="test_bucket_counts[3m-13]" time="0.141" /><testcase classname="tests.test_iter41_today_progress_timeline.TestProgressTimeline" name="test_bucket_counts[6m-6]" time="0.135" /><testcase classname="tests.test_iter41_today_progress_timeline.TestProgressTimeline" name="test_bucket_counts[1y-12]" time="0.135" /><testcase classname="tests.test_iter41_today_progress_timeline.TestProgressTimeline" name="test_has_next_true_for_offset_1" time="0.126" /><testcase classname="tests.test_iter41_today_progress_timeline.TestProgressTimeline" name="test_summary_shape" time="0.140" /><testcase classname="tests.test_iter41_today_progress_timeline.TestProgressTimeline" name="test_offset_windows_differ" time="0.237" /><testcase classname="tests.test_iter41_today_progress_timeline.TestProgressTimeline" name="test_aggregates_real_ride_history" time="0.154" /><testcase classname="tests.test_iter41_today_progress_timeline.TestProgressRegression" name="test_get_progress_still_works" time="0.318" /><testcase classname="tests.test_iter42_hero_prefs.TestPlanHero" name="test_plan_returns_hero" time="0.475" /><testcase classname="tests.test_iter42_hero_prefs.TestPlanHero" name="test_hero_values_for_green_lantern" time="0.142" /><testcase classname="tests.test_iter42_hero_prefs.TestPlanHero" name="test_workouts_have_dates" time="0.125" /><testcase classname="tests.test_iter42_hero_prefs.TestPlanHero" name="test_first_incomplete_is_strength_beginner_cycling" time="0.141" /><testcase classname="tests.test_iter42_hero_prefs.TestRiderPrefs" name="test_get_default_alberto" time="0.127" /><testcase classname="tests.test_iter42_hero_prefs.TestRiderPrefs" name="test_put_changes_coach" time="0.142" /><testcase classname="tests.test_iter42_hero_prefs.TestRiderPrefs" name="test_get_persists_new_coach" time="0.113" /><testcase classname="tests.test_iter42_hero_prefs.TestRiderPrefs" name="test_prefs_user_scoped" time="0.718" /><testcase classname="tests.test_iter42_hero_prefs.TestRiderPrefs" name="test_zzz_restore_alberto" time="0.309" /><testcase classname="tests.test_iter43_phase2_training.TestPlanPhaseObjectives" name="test_plan_ok" time="0.516" /><testcase classname="tests.test_iter43_phase2_training.TestPlanPhaseObjectives" name="test_four_phases_with_expected_names" time="0.124" /><testcase classname="tests.test_iter43_phase2_training.TestPlanPhaseObjectives" name="test_every_phase_has_non_empty_objective" time="0.124" /><testcase classname="tests.test_iter43_phase2_training.TestPlanPhaseObjectives" name="test_phase_1_active" time="0.123" /><testcase classname="tests.test_iter43_phase2_training.TestAdaptationDetail" name="test_refresh_true_generates" time="1.963" /><testcase classname="tests.test_iter43_phase2_training.TestAdaptationDetail" name="test_no_refresh_returns_cached_identical" time="0.126" /><testcase classname="tests.test_iter43_phase2_training.TestAdaptationDetail" name="test_refresh_true_regenerates" time="2.069" /><testcase classname="tests.test_iter43_phase2_training.TestAdaptationDetail" name="test_groundedness_mentions_plan_or_phase_or_goals" time="2.051" /><testcase classname="tests.test_iter43_phase2_training.TestAdaptationDetail" name="test_coach_gender_omitted_ok" time="2.051" /><testcase classname="tests.test_iter43_phase2_training.TestRiderAppearanceUserScoped" name="test_get_appearance_has_user_id" time="0.308" /><testcase classname="tests.test_iter43_phase2_training.TestRiderAppearanceUserScoped" name="test_put_updates_field" time="0.134" /><testcase classname="tests.test_iter43_phase2_training.TestRiderAppearanceUserScoped" name="test_get_reflects_update" time="0.221" /><testcase classname="tests.test_iter43_phase2_training.TestRiderAppearanceUserScoped" name="test_user_scoped_isolation" time="0.834" /><testcase classname="tests.test_iter43_phase2_training.TestRiderAppearanceUserScoped" name="test_zzz_restore_appearance" time="0.293" /><testcase classname="tests.test_iter44_settings_adaptation.TestRiderSettings" name="test_settings_get_is_dict" time="0.465" /><testcase classname="tests.test_iter44_settings_adaptation.TestRiderSettings" name="test_settings_put_partial_merges" time="0.471" /><testcase classname="tests.test_iter44_settings_adaptation.TestRiderSettings" name="test_settings_user_scoped_isolation" time="0.642" /><testcase classname="tests.test_iter44_settings_adaptation.TestRiderSettings" name="test_settings_restore_flipped_booleans" time="0.120" /><testcase classname="tests.test_iter44_settings_adaptation.TestCoachStylePrefs" name="test_pref_put_get_performance" time="0.288" /><testcase classname="tests.test_iter44_settings_adaptation.TestCoachStylePrefs" name="test_pref_restore_balanced" time="0.135" /><testcase classname="tests.test_iter44_settings_adaptation.TestAdaptationAutoRefresh" name="test_plan_exposes_adaptation_timestamp" time="2.680" /><testcase classname="tests.test_iter44_settings_adaptation.TestAdaptationAutoRefresh" name="test_plan_may_include_detail_timestamp" time="0.129" /><testcase classname="tests.test_iter45_prefs_persist.TestRiderSettingsExtended" name="test_put_and_get_new_keys_persist" time="0.603" /><testcase classname="tests.test_iter45_prefs_persist.TestRiderSettingsExtended" name="test_user_scoped_new_keys" time="0.529" /><testcase classname="tests.test_iter45_prefs_persist.TestRiderSettingsExtended" name="test_restore_defaults" time="0.256" /><testcase classname="tests.test_iter45_prefs_persist.TestRiderKV" name="test_kv_set_get_remove" time="0.721" /><testcase classname="tests.test_iter45_prefs_persist.TestRiderKV" name="test_invalid_key_with_dot_rejected" time="0.137" /><testcase classname="tests.test_iter45_prefs_persist.TestRiderKV" name="test_empty_key_rejected" time="0.134" /><testcase classname="tests.test_iter45_prefs_persist.TestRiderKV" name="test_kv_user_scoped" time="0.424" /><testcase classname="tests.test_iter45_prefs_persist.TestRegression" name="test_equipment_keys_still_work" time="0.616" /><testcase classname="tests.test_iter45_prefs_persist.TestRegression" name="test_rider_prefs_still_returns_coach_fields" time="0.260" /><testcase classname="tests.test_iter51_plan_snapshot_and_rbac.TestGetRiderPlan" name="test_plan_structure" time="0.438" /><testcase classname="tests.test_iter51_plan_snapshot_and_rbac.TestGetRiderPlan" name="test_active_plan_is_couch_to_road" time="0.074" /><testcase classname="tests.test_iter51_plan_snapshot_and_rbac.TestGetRiderPlan" name="test_plan_title_is_canonical" time="0.084" /><testcase classname="tests.test_iter51_plan_snapshot_and_rbac.TestSnapshotIsolation" name="test_template_edit_does_not_leak_into_rider_snapshot" time="0.256" /><testcase classname="tests.test_iter51_plan_snapshot_and_rbac.TestSnapshotIsolation" name="test_snapshot_doc_has_definition_and_snapshot_at" time="0.159" /><testcase classname="tests.test_iter51_plan_snapshot_and_rbac.TestReassignmentResnapshot" name="test_reassign_resnapshots_and_resets_week" time="0.241" /><testcase classname="tests.test_iter51_plan_snapshot_and_rbac.TestReassignmentResnapshot" name="test_get_plan_creates_snapshot_when_missing" time="0.085" /><testcase classname="tests.test_iter51_plan_snapshot_and_rbac.TestReassignmentResnapshot" name="test_repeated_get_plan_is_idempotent" time="0.159" /><testcase classname="tests.test_iter51_plan_snapshot_and_rbac.TestProgressionRegression" name="test_endpoint_ok[/api/plan/progress?plan_id=couch-to-road]" time="0.086" /><testcase classname="tests.test_iter51_plan_snapshot_and_rbac.TestProgressionRegression" name="test_endpoint_ok[/api/plan/adaptations?plan_id=couch-to-road]" time="0.073" /><testcase classname="tests.test_iter51_plan_snapshot_and_rbac.TestProgressionRegression" name="test_endpoint_ok[/api/plan/targets?plan_id=couch-to-road]" time="0.075" /><testcase classname="tests.test_iter51_plan_snapshot_and_rbac.TestProgressionRegression" name="test_endpoint_ok[/api/calendar/week]" time="0.095" /><testcase classname="tests.test_iter51_plan_snapshot_and_rbac.TestProgressionRegression" name="test_endpoint_ok[/api/rider/plan]" time="0.077" /><testcase classname="tests.test_iter51_plan_snapshot_and_rbac.TestAllPlansAssignable" name="test_assign_and_fetch[couch-to-road]" time="0.166" /><testcase classname="tests.test_iter51_plan_snapshot_and_rbac.TestAllPlansAssignable" name="test_assign_and_fetch[ride-stronger]" time="0.159" /><testcase classname="tests.test_iter51_plan_snapshot_and_rbac.TestAllPlansAssignable" name="test_assign_and_fetch[ride-beyond]" time="0.153" /><testcase classname="tests.test_iter51_plan_snapshot_and_rbac.TestAllPlansAssignable" name="test_assign_and_fetch[build-and-climb]" time="0.163" /><testcase classname="tests.test_iter51_plan_snapshot_and_rbac.TestAllPlansAssignable" name="test_restore_rider_to_couch_to_road" time="0.075" /><testcase classname="tests.test_iter51_plan_snapshot_and_rbac.TestAdminRBAC" name="test_plans_mutation_anonymous_is_401[POST-/api/plans-payload0]" time="0.184" /><testcase classname="tests.test_iter51_plan_snapshot_and_rbac.TestAdminRBAC" name="test_plans_mutation_anonymous_is_401[PUT-/api/plans/couch-to-road-payload1]" time="0.075" /><testcase classname="tests.test_iter51_plan_snapshot_and_rbac.TestAdminRBAC" name="test_plans_mutation_anonymous_is_401[PATCH-/api/plans/couch-to-road-payload2]" time="0.072" /><testcase classname="tests.test_iter51_plan_snapshot_and_rbac.TestAdminRBAC" name="test_plans_mutation_anonymous_is_401[DELETE-/api/plans/couch-to-road-None]" time="0.077" /><testcase classname="tests.test_iter51_plan_snapshot_and_rbac.TestAdminRBAC" name="test_plans_mutation_anonymous_is_401[PUT-/api/plans/couch-to-road/weeks/1-payload4]" time="0.079" /><testcase classname="tests.test_iter51_plan_snapshot_and_rbac.TestAdminRBAC" name="test_plans_mutation_anonymous_is_401[PATCH-/api/plans/couch-to-road/weeks/1/days/0-payload5]" time="0.075" /><testcase classname="tests.test_iter51_plan_snapshot_and_rbac.TestAdminRBAC" name="test_plans_mutation_anonymous_is_401[POST-/api/plans/couch-to-road/adapt-payload6]" time="0.072" /><testcase classname="tests.test_iter51_plan_snapshot_and_rbac.TestAdminRBAC" name="test_plans_mutation_rider_is_403[POST-/api/plans-payload0]" time="0.071" /><testcase classname="tests.test_iter51_plan_snapshot_and_rbac.TestAdminRBAC" name="test_plans_mutation_rider_is_403[PUT-/api/plans/couch-to-road-payload1]" time="0.070" /><testcase classname="tests.test_iter51_plan_snapshot_and_rbac.TestAdminRBAC" name="test_plans_mutation_rider_is_403[PATCH-/api/plans/couch-to-road-payload2]" time="0.074" /><testcase classname="tests.test_iter51_plan_snapshot_and_rbac.TestAdminRBAC" name="test_plans_mutation_rider_is_403[DELETE-/api/plans/couch-to-road-None]" time="0.076" /><testcase classname="tests.test_iter51_plan_snapshot_and_rbac.TestAdminRBAC" name="test_plans_mutation_rider_is_403[PUT-/api/plans/couch-to-road/weeks/1-payload4]" time="0.083" /><testcase classname="tests.test_iter51_plan_snapshot_and_rbac.TestAdminRBAC" name="test_plans_mutation_rider_is_403[PATCH-/api/plans/couch-to-road/weeks/1/days/0-payload5]" time="0.074" /><testcase classname="tests.test_iter51_plan_snapshot_and_rbac.TestAdminRBAC" name="test_plans_mutation_rider_is_403[POST-/api/plans/couch-to-road/adapt-payload6]" time="0.073" /><testcase classname="tests.test_iter51_plan_snapshot_and_rbac.TestAdminRBAC" name="test_admin_route_anonymous_is_401[GET-/api/admin/health-None]" time="0.069" /><testcase classname="tests.test_iter51_plan_snapshot_and_rbac.TestAdminRBAC" name="test_admin_route_anonymous_is_401[GET-/api/admin/metrics-None]" time="0.074" /><testcase classname="tests.test_iter51_plan_snapshot_and_rbac.TestAdminRBAC" name="test_admin_route_anonymous_is_401[GET-/api/admin/users-None]" time="0.073" /><testcase classname="tests.test_iter51_plan_snapshot_and_rbac.TestAdminRBAC" name="test_admin_route_anonymous_is_401[GET-/api/admin/users/user_greenlantern-None]" time="0.073" /><testcase classname="tests.test_iter51_plan_snapshot_and_rbac.TestAdminRBAC" name="test_admin_route_anonymous_is_401[PATCH-/api/admin/users/user_greenlantern-payload4]" time="0.074" /><testcase classname="tests.test_iter51_plan_snapshot_and_rbac.TestAdminRBAC" name="test_admin_route_anonymous_is_401[GET-/api/admin/audit-None]" time="0.070" /><testcase classname="tests.test_iter51_plan_snapshot_and_rbac.TestAdminRBAC" name="test_admin_route_rider_is_403[GET-/api/admin/health-None]" time="0.075" /><testcase classname="tests.test_iter51_plan_snapshot_and_rbac.TestAdminRBAC" name="test_admin_route_rider_is_403[GET-/api/admin/metrics-None]" time="0.096" /><testcase classname="tests.test_iter51_plan_snapshot_and_rbac.TestAdminRBAC" name="test_admin_route_rider_is_403[GET-/api/admin/users-None]" time="0.070" /><testcase classname="tests.test_iter51_plan_snapshot_and_rbac.TestAdminRBAC" name="test_admin_route_rider_is_403[GET-/api/admin/users/user_greenlantern-None]" time="0.077" /><testcase classname="tests.test_iter51_plan_snapshot_and_rbac.TestAdminRBAC" name="test_admin_route_rider_is_403[PATCH-/api/admin/users/user_greenlantern-payload4]" time="0.069" /><testcase classname="tests.test_iter51_plan_snapshot_and_rbac.TestAdminRBAC" name="test_admin_route_rider_is_403[GET-/api/admin/audit-None]" time="0.072" /><testcase classname="tests.test_iter51_plan_snapshot_and_rbac.TestAdminRBAC" name="test_plans_get_gating_documented" time="0.227" /><testcase classname="tests.test_iter52_admin_console" name="test_openapi_public" time="0.182" /><testcase classname="tests.test_iter52_admin_console" name="test_admin_login_wrong_password" time="0.354" /><testcase classname="tests.test_iter52_admin_console" name="test_admin_metrics_rejects_rider_token" time="0.510" /><testcase classname="tests.test_iter52_admin_console" name="test_admin_metrics_rejects_anonymous" time="0.145" /><testcase classname="tests.test_iter52_admin_console" name="test_admin_health" time="0.475" /><testcase classname="tests.test_iter52_admin_console" name="test_admin_metrics_shape" time="0.146" /><testcase classname="tests.test_iter52_admin_console" name="test_admin_users_pagination_and_secret_strip" time="0.469" /><testcase classname="tests.test_iter52_admin_console" name="test_admin_user_detail" time="0.143" /><testcase classname="tests.test_iter52_admin_console" name="test_suspend_blocks_session_and_login" time="11.890" /><testcase classname="tests.test_iter52_admin_console" name="test_admin_export_and_delete_cascade" time="0.828" /><testcase classname="tests.test_iter52_admin_console" name="test_admin_cannot_delete_own_account" time="0.304" /><testcase classname="tests.test_iter52_admin_console" name="test_benchmark_config_get_and_put_restore" time="12.756" /><testcase classname="tests.test_iter52_admin_console" name="test_coaches_config_allowlist_and_readonly_policy" time="6.635" /><testcase classname="tests.test_iter52_admin_console" name="test_plan_patch_writes_audit" time="0.831" /><testcase classname="tests.test_iter52_admin_console" name="test_rider_self_export_and_delete" time="0.782" /><testcase classname="tests.test_iter52_admin_console" name="test_regression_rider_flows[/api/plan]" time="0.139" /><testcase classname="tests.test_iter52_admin_console" name="test_regression_rider_flows[/api/calendar/week]" time="0.143" /><testcase classname="tests.test_iter52_admin_console" name="test_regression_rider_flows[/api/rider/profile]" time="0.132" /><testcase classname="tests.test_iter52_admin_console" name="test_regression_rider_flows[/api/progress]" time="5.311" /><testcase classname="tests.test_iter53_admin_console_paths" name="test_admin_me_shape" time="7.836" /><testcase classname="tests.test_iter53_admin_console_paths" name="test_admin_me_no_token_is_401" time="0.142" /><testcase classname="tests.test_iter53_admin_console_paths" name="test_admin_me_rider_token_is_403" time="0.499" /><testcase classname="tests.test_iter53_admin_console_paths" name="test_admin_dashboard_shape" time="0.142" /><testcase classname="tests.test_iter53_admin_console_paths" name="test_admin_dashboard_no_token_is_401" time="0.140" /><testcase classname="tests.test_iter53_admin_console_paths" name="test_admin_dashboard_rider_token_is_403" time="0.116" /><testcase classname="tests.test_iter53_admin_console_paths" name="test_admin_nav_badges" time="0.138" /><testcase classname="tests.test_iter53_admin_console_paths" name="test_admin_analytics_growth_series" time="0.145" /><testcase classname="tests.test_iter53_admin_console_paths" name="test_admin_riders_list" time="0.120" /><testcase classname="tests.test_iter53_admin_console_paths" name="test_admin_riders_export_csv_route_not_shadowed" time="0.184" /><testcase classname="tests.test_iter53_admin_console_paths" name="test_rider_lifecycle_full" time="3.147" /><testcase classname="tests.test_iter53_admin_console_paths" name="test_admin_plans_items_have_status" time="0.181" /><testcase classname="tests.test_iter53_admin_console_paths" name="test_plan_lifecycle_and_audit" time="0.565" /><testcase classname="tests.test_iter53_admin_console_paths" name="test_admin_integrations_health" time="0.125" /><testcase classname="tests.test_iter53_admin_console_paths" name="test_admin_integrations_without_health_omits_database" time="0.132" /><testcase classname="tests.test_iter53_admin_console_paths" name="test_admin_catalog" time="0.232" /><testcase classname="tests.test_iter53_admin_console_paths" name="test_config_benchmarks_alias_roundtrip" time="0.670" /><testcase classname="tests.test_iter53_admin_console_paths" name="test_admin_coaches" time="0.117" /><testcase classname="tests.test_iter53_admin_console_paths" name="test_regression_rider_endpoints" time="4.671" /><testcase classname="tests.test_iter53_admin_console_paths" name="test_regression_existing_admin_endpoints" time="0.497" /><testcase classname="tests.test_iter53_admin_console_paths" name="test_zz_restore_couch_to_road_published" time="0.124" /><testcase classname="tests.test_iter53_admin_console_paths" name="test_zz_restore_benchmark_config" time="0.267" /><testcase classname="tests.test_iter54_catalog_backend.TestRiderCatalogRead" name="test_get_catalog_list_has_all_items" time="0.557" /><testcase classname="tests.test_iter54_catalog_backend.TestRiderCatalogRead" name="test_get_threshold_climb_defaults" time="0.135" /><testcase classname="tests.test_iter54_catalog_backend.TestRiderCopyOnAssign" name="test_assign_edit_isolation_reset" time="1.384" /><testcase classname="tests.test_iter54_catalog_backend.TestEditAllowlist" name="test_put_ignores_non_allowlisted_fields" time="0.295" /><testcase classname="tests.test_iter54_catalog_backend.TestAdminCatalogCRUD" name="test_admin_catalog_crud_and_audit" time="1.456" /><testcase classname="tests.test_iter54_catalog_backend.TestCoachOverridesAndGDPR" name="test_coach_assign_edit_list_reset_and_gdpr_cascade" time="2.209" /><testcase classname="tests.test_iter54_catalog_backend.TestRegression" name="test_rider_plan_still_couch_to_road" time="0.164" /><testcase classname="tests.test_iter54_catalog_backend.TestRegression" name="test_calendar_week_ok" time="0.148" /><testcase classname="tests.test_iter54_catalog_backend.TestRegression" name="test_admin_dashboard_still_ok" time="0.140" /><testcase classname="tests.test_iter55_customize_and_wellness_removal.TestRiderCustomizeWorkout" name="test_assign_edit_persists_only_for_rider" time="1.944" /><testcase classname="tests.test_iter55_customize_and_wellness_removal.TestWellnessRouteRemoved" name="test_get_wellness_returns_404" time="0.135" /><testcase classname="tests.test_iter55_customize_and_wellness_removal.TestCoachGuardrails" name="test_sleep_stress_request_declined_or_redirected" time="2.115" /><testcase classname="tests.test_iter55_customize_and_wellness_removal.TestCoachGuardrails" name="test_recovery_reply_frames_as_training_decision" time="2.239" /><testcase classname="tests.test_iter55_customize_and_wellness_removal.TestRegression" name="test_plan_couch_to_road_16w" time="0.155" /><testcase classname="tests.test_iter55_customize_and_wellness_removal.TestRegression" name="test_calendar_week_still_has_readiness_and_fb50" time="0.146" /><testcase classname="tests.test_iter55_customize_and_wellness_removal.TestRegression" name="test_progress_ok" time="0.158" /><testcase classname="tests.test_iter55_customize_and_wellness_removal.TestRegression" name="test_rider_profile_ok" time="0.118" /><testcase classname="tests.test_iter55_customize_and_wellness_removal.TestRegression" name="test_admin_metrics_ok" time="0.167" /><testcase classname="tests.test_iter55_customize_and_wellness_removal.TestRegression" name="test_admin_integrations_ok" time="0.115" /><testcase classname="tests.test_iter55_customize_and_wellness_removal.TestNoLeftover" name="test_greenlantern_reset_all_customized" time="0.138" /><testcase classname="tests.test_iter58_plan_scoping.TestGreenLanternPlan" name="test_plan_is_couch_to_road" time="0.520" /><testcase classname="tests.test_iter58_plan_scoping.TestGreenLanternPlan" name="test_calendar_week_couch_to_road_structured" time="0.162" /><testcase classname="tests.test_iter58_plan_scoping.TestGreenLanternPlan" name="test_plan_endpoints_grounded_couch_to_road" time="11.727" /><testcase classname="tests.test_iter58_plan_scoping.TestGreenLanternPlan" name="test_coach_adaptation_alberto" time="1.150" /><testcase classname="tests.test_iter58_plan_scoping.TestGreenLanternPlan" name="test_coach_adaptation_detail" time="2.429" /><testcase classname="tests.test_iter58_plan_scoping.TestGreenLanternPlan" name="test_concurrent_plan_no_duplicate_key_fallback" time="0.321" /><testcase classname="tests.test_iter58_plan_scoping.TestDemoAccount" name="test_plan_is_build_and_climb" time="0.500" /><testcase classname="tests.test_iter58_plan_scoping.TestNoPlanRider" name="test_plan_is_no_plan" time="0.504" /><testcase classname="tests.test_iter58_plan_scoping.TestNoPlanRider" name="test_calendar_week_free_open" time="0.208" /><testcase classname="tests.test_iter58_plan_scoping.TestNoPlanRider" name="test_coach_adaptation_400_no_plan" time="0.140" /><testcase classname="tests.test_iter58_plan_scoping.TestNoPlanRider" name="test_plan_adaptations_empty" time="0.149" /><testcase classname="tests.test_iter58_plan_scoping.TestNoPlanRider" name="test_plan_progress_zeros" time="0.131" /><testcase classname="tests.test_iter59_avatar_and_account_delete.TestAvatarRoundTrip" name="test_put_profile_persists_avatar" time="0.925" /><testcase classname="tests.test_iter59_avatar_and_account_delete.TestProfileFieldsRegression" name="test_put_profile_updates_fields" time="0.577" /><testcase classname="tests.test_iter59_avatar_and_account_delete.TestDeleteAccountAuthGuard" name="test_delete_without_bearer_returns_401" time="0.139" /><testcase classname="tests.test_iter59_avatar_and_account_delete.TestDeleteAccountAuthGuard" name="test_delete_with_invalid_bearer_returns_401" time="0.123" /><testcase classname="tests.test_iter59_avatar_and_account_delete.TestDeleteAccountCascade" name="test_throwaway_register_delete_cascade" time="1.585" /><testcase classname="tests.test_iter60_benchmark_decision_and_checkin.TestF03BenchmarkDecisionEngine" name="test_beginner_returns_submaximal_not_required" time="0.000" /><testcase classname="tests.test_iter60_benchmark_decision_and_checkin.TestF03BenchmarkDecisionEngine" name="test_no_ftp_required" time="0.000" /><testcase classname="tests.test_iter60_benchmark_decision_and_checkin.TestF03BenchmarkDecisionEngine" name="test_illness_required" time="0.000" /><testcase classname="tests.test_iter60_benchmark_decision_and_checkin.TestF03BenchmarkDecisionEngine" name="test_injury_required" time="0.000" /><testcase classname="tests.test_iter60_benchmark_decision_and_checkin.TestF03BenchmarkDecisionEngine" name="test_returning_required" time="0.000" /><testcase classname="tests.test_iter60_benchmark_decision_and_checkin.TestF03BenchmarkDecisionEngine" name="test_equipment_changed_required" time="0.000" /><testcase classname="tests.test_iter60_benchmark_decision_and_checkin.TestF03BenchmarkDecisionEngine" name="test_unknown_days_required" time="0.000" /><testcase classname="tests.test_iter60_benchmark_decision_and_checkin.TestF03BenchmarkDecisionEngine" name="test_stale_over_2x_retest_required" time="0.000" /><testcase classname="tests.test_iter60_benchmark_decision_and_checkin.TestF03BenchmarkDecisionEngine" name="test_stale_over_retest_recommended" time="0.000" /><testcase classname="tests.test_iter60_benchmark_decision_and_checkin.TestF03BenchmarkDecisionEngine" name="test_low_confidence_recommended" time="0.000" /><testcase classname="tests.test_iter60_benchmark_decision_and_checkin.TestF03BenchmarkDecisionEngine" name="test_approved_default" time="0.000" /><testcase classname="tests.test_iter60_benchmark_decision_and_checkin.TestF03BenchmarkDecisionEngine" name="test_determinism_same_input_same_output" time="0.000" /><testcase classname="tests.test_iter60_benchmark_decision_and_checkin.TestF03BenchmarkDecisionEngine" name="test_precedence_beginner_wins_over_all" time="0.000" /><testcase classname="tests.test_iter60_benchmark_decision_and_checkin.TestF02CheckinCanonicalFlags" name="test_clean_checkin_gate_not_required" time="1.497" /><testcase classname="tests.test_iter60_benchmark_decision_and_checkin.TestF02CheckinCanonicalFlags" name="test_injury_flag_makes_gate_required" time="1.015" /><testcase classname="tests.test_iter60_benchmark_decision_and_checkin.TestF02CheckinCanonicalFlags" name="test_returning_flag_makes_gate_required" time="1.020" /><testcase classname="tests.test_iter60_benchmark_decision_and_checkin.TestF02CheckinCanonicalFlags" name="test_equipment_changed_flag_reason" time="1.070" /><testcase classname="tests.test_iter60_benchmark_decision_and_checkin.TestF02CheckinCanonicalFlags" name="test_readiness_today_reflects_flags" time="0.165" /><testcase classname="tests.test_iter60_benchmark_decision_and_checkin.TestSafetyRegression" name="test_symptoms_illness_triggers_safety_and_gate" time="1.102" /><testcase classname="tests.test_iter60_benchmark_decision_and_checkin.TestSafetyRegression" name="test_other_critical_symptoms_trigger_safety[chest_pain]" time="0.083" /><testcase classname="tests.test_iter60_benchmark_decision_and_checkin.TestSafetyRegression" name="test_other_critical_symptoms_trigger_safety[severe_dizziness]" time="0.085" /><testcase classname="tests.test_iter60_benchmark_decision_and_checkin.TestSafetyRegression" name="test_other_critical_symptoms_trigger_safety[shortness_of_breath]" time="0.080" /><testcase classname="tests.test_iter60_benchmark_decision_and_checkin.TestSafetyRegression" name="test_other_critical_symptoms_trigger_safety[new_pain]" time="0.080" /><testcase classname="tests.test_iter60_benchmark_decision_and_checkin.TestReadinessRegression" name="test_clean_checkin_produces_sensible_score" time="0.081" /><testcase classname="tests.test_iter60_benchmark_decision_and_checkin.TestReadinessRegression" name="test_readiness_today_reflects_latest" time="0.161" /><testcase classname="tests.test_iter60_benchmark_decision_and_checkin" name="test_zz_reset_greenlantern_to_clean" time="0.169" /><testcase classname="tests.test_iter61_refactor_and_nudge.TestPublicReports" name="test_reports_list_no_auth" time="0.191" /><testcase classname="tests.test_iter61_refactor_and_nudge.TestPublicReports" name="test_reports_download_no_auth[ux-audit]" time="0.153" /><testcase classname="tests.test_iter61_refactor_and_nudge.TestPublicReports" name="test_reports_download_no_auth[architecture-security]" time="0.143" /><testcase classname="tests.test_iter61_refactor_and_nudge.TestWeather" name="test_weather_with_auth" time="1.334" /><testcase classname="tests.test_iter61_refactor_and_nudge.TestStatusRoundTrip" name="test_root_requires_auth" time="0.125" /><testcase classname="tests.test_iter61_refactor_and_nudge.TestStatusRoundTrip" name="test_root_with_auth" time="0.061" /><testcase classname="tests.test_iter61_refactor_and_nudge.TestStatusRoundTrip" name="test_post_and_get_status" time="0.131" /><testcase classname="tests.test_iter61_refactor_and_nudge.TestCoreFlows" name="test_rider_profile" time="0.068" /><testcase classname="tests.test_iter61_refactor_and_nudge.TestCoreFlows" name="test_plan" time="0.069" /><testcase classname="tests.test_iter61_refactor_and_nudge.TestCoreFlows" name="test_plan_gate" time="1.015" /><testcase classname="tests.test_iter61_refactor_and_nudge.TestCoreFlows" name="test_checkin_and_readiness" time="0.135" /><testcase classname="tests.test_iter61_refactor_and_nudge.TestBenchmarkNudge" name="test_beginner_default_not_required" time="0.239" /><testcase classname="tests.test_iter61_refactor_and_nudge.TestBenchmarkNudge" name="test_intermediate_plus_injury_required" time="0.203" /><testcase classname="tests.test_iter61_refactor_and_nudge" name="test_zz_restore_greenlantern" time="0.255" /><testcase classname="tests.test_iter62_routes_refactor_and_live_notifs.TestConnectionsDomain" name="test_list_connections_shape" time="0.511" /><testcase classname="tests.test_iter62_routes_refactor_and_live_notifs.TestConnectionsDomain" name="test_connections_requires_auth" time="0.109" /><testcase classname="tests.test_iter62_routes_refactor_and_live_notifs.TestConnectionsDomain" name="test_sandbox_import_then_list_then_cleanup" time="0.521" /><testcase classname="tests.test_iter62_routes_refactor_and_live_notifs.TestWorkoutsDomain" name="test_start_list_end_flow" time="0.400" /><testcase classname="tests.test_iter62_routes_refactor_and_live_notifs.TestWorkoutsDomain" name="test_summarize_manual_and_history" time="0.182" /><testcase classname="tests.test_iter62_routes_refactor_and_live_notifs.TestWorkoutsDomain" name="test_stats_energy_shape" time="0.098" /><testcase classname="tests.test_iter62_routes_refactor_and_live_notifs.TestCoreRegression" name="test_profile" time="0.087" /><testcase classname="tests.test_iter62_routes_refactor_and_live_notifs.TestCoreRegression" name="test_plan" time="0.093" /><testcase classname="tests.test_iter62_routes_refactor_and_live_notifs.TestCoreRegression" name="test_plan_gate" time="0.963" /><testcase classname="tests.test_iter62_routes_refactor_and_live_notifs.TestCoreRegression" name="test_benchmark_nudge" time="0.088" /><testcase classname="tests.test_iter62_routes_refactor_and_live_notifs.TestCoreRegression" name="test_checkin_and_adaptations" time="0.175" /><testcase classname="tests.test_iter62_routes_refactor_and_live_notifs.TestCoreRegression" name="test_rider_prs" time="0.093" /><testcase classname="tests.test_iter63_catalog_system_notifs.TestCatalog" name="test_catalog_requires_auth" time="0.151" /><testcase classname="tests.test_iter63_catalog_system_notifs.TestCatalog" name="test_get_catalog_returns_items" time="0.525" /><testcase classname="tests.test_iter63_catalog_system_notifs.TestCatalog" name="test_get_catalog_item_ok" time="0.192" /><testcase classname="tests.test_iter63_catalog_system_notifs.TestCatalog" name="test_get_catalog_item_404" time="0.074" /><testcase classname="tests.test_iter63_catalog_system_notifs.TestCatalog" name="test_assign_edit_reset_flow" time="0.436" /><testcase classname="tests.test_iter63_catalog_system_notifs.TestCatalog" name="test_assign_unknown_id_404" time="0.076" /><testcase classname="tests.test_iter63_catalog_system_notifs.TestSystemStatic" name="test_routes_requires_auth" time="0.157" /><testcase classname="tests.test_iter63_catalog_system_notifs.TestSystemStatic" name="test_routes_shape" time="0.072" /><testcase classname="tests.test_iter63_catalog_system_notifs.TestSystemStatic" name="test_community_requires_auth" time="0.136" /><testcase classname="tests.test_iter63_catalog_system_notifs.TestSystemStatic" name="test_community_shape" time="0.070" /><testcase classname="tests.test_iter63_catalog_system_notifs.TestNotificationsReadState" name="test_requires_auth" time="0.108" /><testcase classname="tests.test_iter63_catalog_system_notifs.TestNotificationsReadState" name="test_read_idempotent_via_addToSet" time="0.602" /><testcase classname="tests.test_iter63_catalog_system_notifs.TestNotificationsReadState" name="test_read_all_sets_allReadAt" time="0.360" /><testcase classname="tests.test_iter63_catalog_system_notifs" name="test_zzz_reset_read_state_for_demo" time="0.141" /><testcase classname="tests.test_iter64_rider_benchmark_refactor.TestRiderProfile" name="test_get_profile_shape" time="0.479" /><testcase classname="tests.test_iter64_rider_benchmark_refactor.TestRiderProfile" name="test_put_profile_roundtrip_restore" time="0.228" /><testcase classname="tests.test_iter64_rider_benchmark_refactor.TestRiderAppearance" name="test_get_appearance_defaults" time="0.073" /><testcase classname="tests.test_iter64_rider_benchmark_refactor.TestRiderAppearance" name="test_put_appearance_restore" time="0.228" /><testcase classname="tests.test_iter64_rider_benchmark_refactor.TestRiderPrefs" name="test_get_prefs_defaults" time="0.071" /><testcase classname="tests.test_iter64_rider_benchmark_refactor.TestRiderPrefs" name="test_put_prefs_restore" time="0.225" /><testcase classname="tests.test_iter64_rider_benchmark_refactor.TestRiderSettings" name="test_get_settings" time="0.074" /><testcase classname="tests.test_iter64_rider_benchmark_refactor.TestRiderSettings" name="test_put_settings_restore" time="0.221" /><testcase classname="tests.test_iter64_rider_benchmark_refactor.TestRiderKV" name="test_kv_set_get_delete" time="0.288" /><testcase classname="tests.test_iter64_rider_benchmark_refactor.TestRiderKV" name="test_kv_invalid_key_rejected" time="0.078" /><testcase classname="tests.test_iter64_rider_benchmark_refactor.TestRiderPRs" name="test_list_prs" time="0.075" /><testcase classname="tests.test_iter64_rider_benchmark_refactor.TestRiderPRs" name="test_get_single_pr_default" time="0.078" /><testcase classname="tests.test_iter64_rider_benchmark_refactor.TestRiderPRs" name="test_submit_pr_returns_shape" time="0.146" /><testcase classname="tests.test_iter64_rider_benchmark_refactor.TestRiderSeasonAndProgress" name="test_season_all_time" time="0.066" /><testcase classname="tests.test_iter64_rider_benchmark_refactor.TestRiderSeasonAndProgress" name="test_season_windowed" time="0.072" /><testcase classname="tests.test_iter64_rider_benchmark_refactor.TestRiderSeasonAndProgress" name="test_progress_summary_shape" time="0.072" /><testcase classname="tests.test_iter64_rider_benchmark_refactor.TestRiderSeasonAndProgress" name="test_achievements" time="0.077" /><testcase classname="tests.test_iter64_rider_benchmark_refactor.TestSupplementary" name="test_supplementary_toggle" time="0.147" /><testcase classname="tests.test_iter64_rider_benchmark_refactor.TestReadinessLevelCheckin" name="test_readiness" time="0.074" /><testcase classname="tests.test_iter64_rider_benchmark_refactor.TestReadinessLevelCheckin" name="test_level" time="0.075" /><testcase classname="tests.test_iter64_rider_benchmark_refactor.TestReadinessLevelCheckin" name="test_checkin_and_today" time="0.152" /><testcase classname="tests.test_iter64_rider_benchmark_refactor.TestRiderAccountDeleteThrowaway" name="test_delete_account_throwaway" time="0.995" /><testcase classname="tests.test_iter64_rider_benchmark_refactor.TestBenchmarkProfile" name="test_profile_shape" time="0.076" /><testcase classname="tests.test_iter64_rider_benchmark_refactor.TestBenchmarkResults" name="test_results_list" time="0.081" /><testcase classname="tests.test_iter64_rider_benchmark_refactor.TestBenchmarkResults" name="test_create_and_decision_roundtrip" time="0.315" /><testcase classname="tests.test_iter64_rider_benchmark_refactor.TestBenchmarkSessions" name="test_session_lifecycle" time="0.289" /><testcase classname="tests.test_iter64_rider_benchmark_refactor.TestBenchmarkSessions" name="test_session_missing_testid" time="0.074" /><testcase classname="tests.test_iter64_rider_benchmark_refactor.TestBenchmarkZones" name="test_zones_reflect_seeded_ftp" time="0.073" /><testcase classname="tests.test_iter64_rider_benchmark_refactor.TestBenchmarkPlanGate" name="test_plan_gate_couch_to_road" time="1.026" /><testcase classname="tests.test_iter64_rider_benchmark_refactor.TestBenchmarkNudge" name="test_nudge_shape" time="0.077" /><testcase classname="tests.test_iter64_rider_benchmark_refactor.TestBenchmarkPlanReview" name="test_plan_review_shape" time="0.073" /><testcase classname="tests.test_iter64_rider_benchmark_refactor.TestBenchmarkTrends" name="test_trends_shape" time="0.078" /><testcase classname="tests.test_iter64_rider_benchmark_refactor.TestBenchmarkWeek" name="test_get_and_restore_week" time="0.715" /><testcase classname="tests.test_iter64_rider_benchmark_refactor.TestBenchmarkRecommendation" name="test_recommendation_shape" time="0.069" /><testcase classname="tests.test_iter64_rider_benchmark_refactor.TestEngineConsumers" name="test_plan" time="0.077" /><testcase classname="tests.test_iter64_rider_benchmark_refactor.TestEngineConsumers" name="test_calendar_week_uses_cal_status" time="0.075" /><testcase classname="tests.test_iter64_rider_benchmark_refactor.TestEngineConsumers" name="test_coach_chat_history_uses_rider_line" time="0.077" /><testcase classname="tests.test_iter64_rider_benchmark_refactor.TestEngineConsumers" name="test_coach_cue" time="0.830" /><testcase classname="tests.test_iter64_rider_benchmark_refactor.TestEngineConsumers" name="test_plan_progress" time="0.079" /><testcase classname="tests.test_iter64_rider_benchmark_refactor.TestAdminBenchmarkConfigCrossModule" name="test_flip_and_restore" time="0.886" /><testcase classname="tests.test_iter65_plan_coach_refactor.TestPlanRoutes" name="test_get_plan_resolves_to_couch_to_road" time="0.493" /><testcase classname="tests.test_iter65_plan_coach_refactor.TestPlanRoutes" name="test_get_rider_plan_shape" time="0.140" /><testcase classname="tests.test_iter65_plan_coach_refactor.TestPlanRoutes" name="test_assign_and_restore_plan" time="0.529" /><testcase classname="tests.test_iter65_plan_coach_refactor.TestPlanRoutes" name="test_onboarding_recommend" time="0.146" /><testcase classname="tests.test_iter65_plan_coach_refactor.TestPlanRoutes" name="test_plan_targets" time="0.138" /><testcase classname="tests.test_iter65_plan_coach_refactor.TestPlanRoutes" name="test_plan_adaptations" time="0.142" /><testcase classname="tests.test_iter65_plan_coach_refactor.TestPlanRoutes" name="test_put_plan_goals" time="0.528" /><testcase classname="tests.test_iter65_plan_coach_refactor.TestPlanRoutes" name="test_plan_progress" time="0.185" /><testcase classname="tests.test_iter65_plan_coach_refactor.TestCalendarProgress" name="test_calendar_week" time="0.146" /><testcase classname="tests.test_iter65_plan_coach_refactor.TestCalendarProgress" name="test_calendar_scheduled_crud" time="0.412" /><testcase classname="tests.test_iter65_plan_coach_refactor.TestCalendarProgress" name="test_calendar_review" time="0.868" /><testcase classname="tests.test_iter65_plan_coach_refactor.TestCalendarProgress" name="test_calendar_move_smoke" time="0.158" /><testcase classname="tests.test_iter65_plan_coach_refactor.TestCalendarProgress" name="test_workout_favorites_toggle_restore" time="0.460" /><testcase classname="tests.test_iter65_plan_coach_refactor.TestCalendarProgress" name="test_progress" time="0.161" /><testcase classname="tests.test_iter65_plan_coach_refactor.TestCalendarProgress" name="test_progress_timeline" time="0.144" /><testcase classname="tests.test_iter65_plan_coach_refactor.TestCalendarProgress" name="test_rider_missed" time="0.134" /><testcase classname="tests.test_iter65_plan_coach_refactor.TestCoachRoutes" name="test_coach_chat_history_get" time="0.138" /><testcase classname="tests.test_iter65_plan_coach_refactor.TestCoachRoutes" name="test_coach_extend_advice" time="0.960" /><testcase classname="tests.test_iter65_plan_coach_refactor.TestCoachRoutes" name="test_coach_cue" time="0.916" /><testcase classname="tests.test_iter65_plan_coach_refactor.TestCoachRoutes" name="test_coach_chat_roundtrip_and_history" time="1.605" /><testcase classname="tests.test_iter65_plan_coach_refactor.TestCoachRoutes" name="test_coach_adaptation" time="0.183" /><testcase classname="tests.test_iter65_plan_coach_refactor.TestCoachRoutes" name="test_coach_adaptation_detail" time="0.144" /><testcase classname="tests.test_iter65_plan_coach_refactor.TestRegressionExtracted" name="test_rider_profile" time="0.116" /><testcase classname="tests.test_iter65_plan_coach_refactor.TestRegressionExtracted" name="test_benchmark_profile_ftp305" time="0.139" /><testcase classname="tests.test_iter65_plan_coach_refactor.TestRegressionExtracted" name="test_benchmark_plan_gate" time="1.873" /><testcase classname="tests.test_iter65_plan_coach_refactor.TestRegressionExtracted" name="test_benchmark_recommendation" time="0.190" /><testcase classname="tests.test_iter65_plan_coach_refactor.TestAdminBenchmarkConfig" name="test_get_put_restore_ftp_retest_days" time="1.044" /><testcase classname="tests.test_iter65_plan_coach_refactor.TestAdminBenchmarkConfig" name="test_admin_coaches" time="0.143" /><testcase classname="tests.test_iter65_plan_coach_refactor.TestPlanHotReload" name="test_plan_still_resolves_after_goal_edit" time="0.446" /><testcase classname="tests.test_iter67_scenic_routes.TestScenicPublicFeed" name="test_list_requires_auth" time="0.177" /><testcase classname="tests.test_iter67_scenic_routes.TestScenicPublicFeed" name="test_list_returns_lake_garda_and_seeds" time="0.549" /><testcase classname="tests.test_iter67_scenic_routes.TestScenicPublicFeed" name="test_get_by_id_ok" time="0.135" /><testcase classname="tests.test_iter67_scenic_routes.TestScenicPublicFeed" name="test_get_by_id_404" time="0.137" /><testcase classname="tests.test_iter67_scenic_routes.TestScenicLast" name="test_last_after_summarize" time="0.261" /><testcase classname="tests.test_iter67_scenic_routes.TestAdminAuthGating" name="test_admin_list_401_anon" time="0.150" /><testcase classname="tests.test_iter67_scenic_routes.TestAdminAuthGating" name="test_admin_list_403_rider" time="0.134" /><testcase classname="tests.test_iter67_scenic_routes.TestAdminCRUD" name="test_admin_list_ok" time="0.501" /><testcase classname="tests.test_iter67_scenic_routes.TestAdminCRUD" name="test_create_with_url_and_auto_slug" time="0.666" /><testcase classname="tests.test_iter67_scenic_routes.TestAdminCRUD" name="test_create_invalid_youtube_id_422" time="0.137" /><testcase classname="tests.test_iter67_scenic_routes.TestAdminCRUD" name="test_create_duplicate_id_409" time="0.134" /><testcase classname="tests.test_iter67_scenic_routes.TestAdminCRUD" name="test_put_and_publish_archive_and_delete" time="1.878" /><testcase classname="tests.test_iter68_reduce_motion_and_scenic_destinations.TestSettingsAuth" name="test_settings_get_requires_auth" time="0.116" /><testcase classname="tests.test_iter68_reduce_motion_and_scenic_destinations.TestSettingsAuth" name="test_settings_put_requires_auth" time="0.114" /><testcase classname="tests.test_iter68_reduce_motion_and_scenic_destinations.TestReduceMotionPersistence" name="test_reduce_motion_true_roundtrip" time="0.680" /><testcase classname="tests.test_iter68_reduce_motion_and_scenic_destinations.TestReduceMotionPersistence" name="test_reduce_motion_false_roundtrip" time="0.262" /><testcase classname="tests.test_iter68_reduce_motion_and_scenic_destinations.TestReduceMotionPersistence" name="test_a11y_bundle_roundtrip" time="0.412" /><testcase classname="tests.test_iter68_reduce_motion_and_scenic_destinations.TestReduceMotionPersistence" name="test_reduce_motion_does_not_clobber_other_fields" time="0.386" /><testcase classname="tests.test_iter68_reduce_motion_and_scenic_destinations.TestReduceMotionPersistence" name="test_mongo_id_stripped" time="0.137" /><testcase classname="tests.test_iter68_reduce_motion_and_scenic_destinations.TestScenicCatalogForDestinations" name="test_scenic_routes_requires_auth" time="1.206" /><testcase classname="tests.test_iter68_reduce_motion_and_scenic_destinations.TestScenicCatalogForDestinations" name="test_scenic_catalog_has_22_plus_routes" time="0.139" /><testcase classname="tests.test_iter68_reduce_motion_and_scenic_destinations.TestScenicCatalogForDestinations" name="test_scenic_route_shape" time="0.195" /><testcase classname="tests.test_iter68_reduce_motion_and_scenic_destinations.TestScenicCatalogForDestinations" name="test_scenic_search_terms_have_matches" time="0.124" /><testcase classname="tests.test_iter68_reduce_motion_and_scenic_destinations.TestScenicCatalogForDestinations" name="test_lake_garda_scenic_route_playable" time="0.130" /><testcase classname="tests.test_iter69_favourites_and_interest.TestScenicFavourites" name="test_favourite_unknown_route_returns_404" time="0.447" /><testcase classname="tests.test_iter69_favourites_and_interest.TestScenicFavourites" name="test_favourites_round_trip" time="0.776" /><testcase classname="tests.test_iter69_favourites_and_interest.TestScenicFavourites" name="test_delete_nonexistent_is_idempotent" time="0.089" /><testcase classname="tests.test_iter69_favourites_and_interest.TestModeInterest" name="test_invalid_mode_rejected_422" time="0.076" /><testcase classname="tests.test_iter69_favourites_and_interest.TestModeInterest" name="test_register_list_remove" time="1.390" /><testcase classname="tests.test_iter69_favourites_and_interest.TestModeInterest" name="test_all_valid_modes_accepted" time="1.459" /><testcase classname="tests.test_iter70_isolation_and_admin_interest.TestIsolation" name="test_rider_a_saves_favourite_and_interest" time="1.026" /><testcase classname="tests.test_iter70_isolation_and_admin_interest.TestIsolation" name="test_rider_b_sees_empty_isolation" time="0.639" /><testcase classname="tests.test_iter70_isolation_and_admin_interest.TestIsolation" name="test_rider_b_own_data_does_not_leak_back" time="0.545" /><testcase classname="tests.test_iter70_isolation_and_admin_interest.TestIsolation" name="test_cleanup_rider_a_data" time="0.713" /><testcase classname="tests.test_iter70_isolation_and_admin_interest.TestAdminInterest" name="test_anon_401" time="0.111" /><testcase classname="tests.test_iter70_isolation_and_admin_interest.TestAdminInterest" name="test_rider_403" time="0.141" /><testcase classname="tests.test_iter70_isolation_and_admin_interest.TestAdminInterest" name="test_admin_shape_and_sort" time="1.129" /><testcase classname="tests.test_iter70_isolation_and_admin_interest.TestSingleRiderRoundTrip" name="test_favourites_roundtrip" time="0.567" /><testcase classname="tests.test_iter70_isolation_and_admin_interest.TestSingleRiderRoundTrip" name="test_interest_roundtrip" time="0.916" /><testcase classname="tests.test_iter71_scenic_discoveries.TestScenicRegression" name="test_list_routes" time="0.510" /><testcase classname="tests.test_iter71_scenic_discoveries.TestScenicRegression" name="test_get_route" time="0.297" /><testcase classname="tests.test_iter71_scenic_discoveries.TestScenicRegression" name="test_get_route_pois" time="0.162" /><testcase classname="tests.test_iter71_scenic_discoveries.TestScenicRegression" name="test_favourites_roundtrip" time="0.518" /><testcase classname="tests.test_iter71_scenic_discoveries.TestDiscoveries" name="test_list_empty_for_random_route" time="0.145" /><testcase classname="tests.test_iter71_scenic_discoveries.TestDiscoveries" name="test_create_discovery" time="0.290" /><testcase classname="tests.test_iter71_scenic_discoveries.TestDiscoveries" name="test_idempotent_per_poi_order" time="0.255" /><testcase classname="tests.test_iter71_scenic_discoveries.TestDiscoveries" name="test_patch_discovery" time="0.151" /><testcase classname="tests.test_iter71_scenic_discoveries.TestDiscoveries" name="test_patch_404" time="0.139" /><testcase classname="tests.test_iter71_scenic_discoveries.TestDiscoveries" name="test_user_isolation" time="0.622" /><testcase classname="tests.test_iter71_scenic_discoveries.TestDiscoveries" name="test_delete_discovery" time="0.410" /><testcase classname="tests.test_iter71_scenic_discoveries.TestJourneys" name="test_journeys_endpoint_shape" time="0.175" /><testcase classname="tests.test_iter71_scenic_discoveries.TestJourneys" name="test_journeys_never_fabricated_for_fresh_user" time="0.158" /><testcase classname="tests.test_iter72_scenic_poi_images_and_journeys.TestScenicPOIImages" name="test_pois_have_landmark_images[lake-garda]" time="0.467" /><testcase classname="tests.test_iter72_scenic_poi_images_and_journeys.TestScenicPOIImages" name="test_pois_have_landmark_images[lake-achensee]" time="0.164" /><testcase classname="tests.test_iter72_scenic_poi_images_and_journeys.TestScenicPOIImages" name="test_pois_have_landmark_images[dutch-countryside]" time="0.140" /><testcase classname="tests.test_iter72_scenic_poi_images_and_journeys.TestScenicPOIImages" name="test_pois_cached_second_call_fast_and_keeps_image[lake-garda]" time="0.245" /><testcase classname="tests.test_iter72_scenic_poi_images_and_journeys.TestScenicPOIImages" name="test_pois_cached_second_call_fast_and_keeps_image[lake-achensee]" time="0.356" /><testcase classname="tests.test_iter72_scenic_poi_images_and_journeys.TestScenicPOIImages" name="test_pois_cached_second_call_fast_and_keeps_image[dutch-countryside]" time="0.270" /><testcase classname="tests.test_iter72_scenic_poi_images_and_journeys.TestScenicPOIImages" name="test_refresh_true_regenerates" time="4.366" /><testcase classname="tests.test_iter72_scenic_poi_images_and_journeys.TestScenicPOIImages" name="test_pois_404_for_unknown_route" time="0.142" /><testcase classname="tests.test_iter72_scenic_poi_images_and_journeys.TestScenicPOIImages" name="test_pois_never_500" time="0.546" /><testcase classname="tests.test_iter72_scenic_poi_images_and_journeys.TestJourneysShape" name="test_journeys_include_elevation_and_country" time="0.144" /><testcase classname="tests.test_iter72_scenic_poi_images_and_journeys.TestJourneysShape" name="test_journeys_empty_ok_for_demo" time="0.480" /><testcase classname="tests.test_iter72_scenic_poi_images_and_journeys.TestScenicRegression" name="test_list_routes" time="0.150" /><testcase classname="tests.test_iter72_scenic_poi_images_and_journeys.TestScenicRegression" name="test_get_route_detail" time="0.116" /><testcase classname="tests.test_iter72_scenic_poi_images_and_journeys.TestScenicRegression" name="test_favourites_roundtrip" time="0.389" /><testcase classname="tests.test_iter72_scenic_poi_images_and_journeys.TestScenicRegression" name="test_discoveries_crud" time="0.662" /><testcase classname="tests.test_iter76_activities_upload.TestUpload" name="test_gpx_upload_returns_metrics" time="0.618" /><testcase classname="tests.test_iter76_activities_upload.TestUpload" name="test_tcx_upload_returns_metrics" time="0.198" /><testcase classname="tests.test_iter76_activities_upload.TestUpload" name="test_unsupported_extension_400" time="0.140" /><testcase classname="tests.test_iter76_activities_upload.TestListActivities" name="test_list_contains_uploaded_outdoor" time="0.130" /><testcase classname="tests.test_iter76_activities_upload.TestActivityDetail" name="test_detail_has_full_analysis" time="0.122" /><testcase classname="tests.test_iter76_activities_upload.TestActivityDetail" name="test_detail_via_import_prefix" time="0.260" /><testcase classname="tests.test_iter76_activities_upload.TestFtp" name="test_ftp_roundtrip" time="0.576" /><testcase classname="tests.test_iter76_activities_upload.TestFtp" name="test_ftp_out_of_range_400" time="0.279" /><testcase classname="tests.test_iter77_native_health_sync.TestConnectionsListing" name="test_list_includes_native_providers" time="0.521" /><testcase classname="tests.test_iter77_native_health_sync.TestConnectionsListing" name="test_list_regression_cloud_providers_present" time="0.147" /><testcase classname="tests.test_iter77_native_health_sync.TestConnectionsListing" name="test_oauth_authorize_unaffected_for_cloud" time="0.145" /><testcase classname="tests.test_iter77_native_health_sync.TestNativeLink" name="test_link_apple_health_first_call" time="0.144" /><testcase classname="tests.test_iter77_native_health_sync.TestNativeLink" name="test_link_apple_health_idempotent" time="0.277" /><testcase classname="tests.test_iter77_native_health_sync.TestNativeLink" name="test_link_unknown_native_provider_returns_404" time="0.124" /><testcase classname="tests.test_iter77_native_health_sync.TestHealthConnectImport" name="test_link_health_connect" time="0.145" /><testcase classname="tests.test_iter77_native_health_sync.TestHealthConnectImport" name="test_import_returns_imported_count" time="0.120" /><testcase classname="tests.test_iter77_native_health_sync.TestHealthConnectImport" name="test_imported_ride_appears_in_connections_activities" time="0.120" /><testcase classname="tests.test_iter77_native_health_sync.TestHealthConnectImport" name="test_imported_ride_visible_in_activities_history" time="0.116" /><testcase classname="tests.test_iter77_native_health_sync.TestHealthConnectImport" name="test_pushed_endpoint_returns_ok" time="0.155" /><testcase classname="tests.test_iter77_native_health_sync.TestHealthConnectImport" name="test_pushed_endpoint_updates_last_success" time="0.142" /><testcase classname="tests.test_iter77_native_health_sync.TestNativeUnknownPaths" name="test_import_unknown_native_provider_404" time="0.168" /><testcase classname="tests.test_iter77_native_health_sync.TestNativeUnknownPaths" name="test_pushed_unknown_native_provider_404" time="0.633" /><testcase classname="tests.test_iter78_analysis_forecast_digest_segment.TestPmcForecast" name="test_pmc_shape_default" time="0.497" /><testcase classname="tests.test_iter78_analysis_forecast_digest_segment.TestPmcForecast" name="test_pmc_forecast_14_days_projected" time="0.340" /><testcase classname="tests.test_iter78_analysis_forecast_digest_segment.TestPmcForecast" name="test_pmc_forecast_days_clamped" time="0.255" /><testcase classname="tests.test_iter78_analysis_forecast_digest_segment.TestWeeklyDigest" name="test_digest_shape" time="0.144" /><testcase classname="tests.test_ite
[...]
ase classname="tests.test_iter92_scenic_elevation_backfill" name="test_at_least_one_route_present" time="0.510" /><testcase classname="tests.test_iter92_scenic_elevation_backfill" name="test_all_routes_have_distance_km" time="0.000" /><testcase classname="tests.test_iter92_scenic_elevation_backfill" name="test_all_routes_have_elevation_m" time="0.000" /><testcase classname="tests.test_iter92_scenic_elevation_backfill" name="test_all_routes_have_elevation_profile" time="0.000" /><testcase classname="tests.test_iter92_scenic_elevation_backfill" name="test_elevation_profile_shape" time="0.000" /><testcase classname="tests.test_iter92_scenic_elevation_backfill" name="test_backfilled_routes_present" time="0.000" /><testcase classname="tests.test_iter93_telemetry_ws" name="test_ws_live_mode_zeros_and_disconnected" time="1.616" /><testcase classname="tests.test_iter93_telemetry_ws" name="test_ws_sensor_pushes_real_values_and_source_sensor" time="1.863" /><testcase classname="tests.test_iter93_telemetry_ws" name="test_ws_demo_mode_is_a_noop_never_fabricates" time="1.663" /><testcase classname="tests.test_iter94_admin_feedback_gate.TestAdminFeedbackGate" name="test_service_token_200" time="0.156" /><testcase classname="tests.test_iter94_admin_feedback_gate.TestAdminFeedbackGate" name="test_rider_token_403" time="0.380" /><testcase classname="tests.test_iter94_admin_feedback_gate.TestAdminFeedbackGate" name="test_missing_auth_401" time="0.163" /><testcase classname="tests.test_iter94_admin_feedback_gate.TestAdminFeedbackGate" name="test_bogus_token_401" time="0.076" /><testcase classname="tests.test_iter96_coach_create_plan.TestCreatePlanPreview" name="test_preview_shape" time="4.680" /><testcase classname="tests.test_iter96_coach_create_plan.TestCreatePlanPreview" name="test_preview_weeks_structure" time="0.000" /><testcase classname="tests.test_iter96_coach_create_plan.TestAcceptPlan" name="test_accept_persists_activates_and_refreshes" time="0.248" /><testcase classname="tests.test_iter96_coach_create_plan.TestAcceptPlan" name="test_restore_demo_plan" time="0.245" /><testcase classname="tests.test_iter97_event_swap_templates.TestEventDate" name="test_preview_echoes_event_date" time="4.854" /><testcase classname="tests.test_iter97_event_swap_templates.TestEventDate" name="test_accept_schedules_last_week_on_event_week" time="0.249" /><testcase classname="tests.test_iter97_event_swap_templates.TestSwapSession" name="test_easier_reduces_load" time="0.943" /><testcase classname="tests.test_iter97_event_swap_templates.TestSwapSession" name="test_harder_increases_load" time="1.144" /><testcase classname="tests.test_iter97_event_swap_templates.TestSwapSession" name="test_focus_returns_cycling" time="0.798" /><testcase classname="tests.test_iter97_event_swap_templates.TestSwapPersistsCustomPlan" name="test_swap_persists_via_week_and_day_index" time="11.364" /><testcase classname="tests.test_iter97_event_swap_templates.TestSwapPersistsCustomPlan" name="test_swap_persists_via_workout_id_only" time="2.506" /><testcase classname="tests.test_iter97_event_swap_templates.TestPlanTemplates" name="test_crud_flow" time="0.314" /><testcase classname="tests.test_iter97_event_swap_templates.TestPlanTemplates" name="test_post_rejects_empty_plan" time="0.085" /><testcase classname="tests.test_iter97_event_swap_templates" name="test_restore_demo_plan_final" time="0.243" /><testcase classname="tests.test_iter98_swap_onplan" name="test_swap_easier_persists" time="4.937" /><testcase classname="tests.test_iter98_swap_onplan" name="test_swap_recorded_in_adaptations" time="0.137" /><testcase classname="tests.test_iter98_swap_onplan" name="test_swap_rejects_noncustom_plan_change" time="1.489" /><testcase classname="tests.test_iter98_swap_onplan" name="test_restore_demo_plan" time="0.276" /><testcase classname="tests.test_iter99_activity_scenic" name="test_activity_filter_returns_exact_three[gravel]" time="0.431" /><testcase classname="tests.test_iter99_activity_scenic" name="test_activity_filter_returns_exact_three[mountain-bike]" time="0.075" /><testcase classname="tests.test_iter99_activity_scenic" name="test_activity_filter_returns_exact_three[running]" time="0.075" /><testcase classname="tests.test_iter99_activity_scenic" name="test_cycling_filter_excludes_activity_routes" time="0.086" /><testcase classname="tests.test_iter99_activity_scenic" name="test_default_no_filter_includes_activity_routes" time="0.088" /><testcase classname="tests.test_iter99_activity_scenic" name="test_activity_field_present_on_all_routes" time="0.095" /><testcase classname="tests.test_multiuser_auth.TestAuthFlow" name="test_register_success" time="0.421" /><testcase classname="tests.test_multiuser_auth.TestAuthFlow" name="test_register_duplicate_returns_409" time="0.515" /><testcase classname="tests.test_multiuser_auth.TestAuthFlow" name="test_register_short_password_returns_400" time="0.183" /><testcase classname="tests.test_multiuser_auth.TestAuthFlow" name="test_login_success_and_wrong_password" time="1.121" /><testcase classname="tests.test_multiuser_auth.TestAuthFlow" name="test_plan_requires_auth" time="0.115" /><testcase classname="tests.test_multiuser_auth.TestAuthFlow" name="test_me_with_bearer_returns_user" time="0.543" /><testcase classname="tests.test_multiuser_auth.TestAuthFlow" name="test_logout_invalidates_token" time="0.812" /><testcase classname="tests.test_multiuser_auth.TestDemoMigration" name="test_demo_login_returns_token" time="0.000" /><testcase classname="tests.test_multiuser_auth.TestDemoMigration" name="test_demo_plan_is_couch_to_road" time="0.142" /><testcase classname="tests.test_multiuser_auth.TestOnboarding" name="test_beginner_recommends_couch_to_road" time="0.521" /><testcase classname="tests.test_multiuser_auth.TestOnboarding" name="test_advanced_level" time="0.473" /><testcase classname="tests.test_multiuser_auth.TestOnboarding" name="test_assign_none_plan_gives_free_riding" time="0.649" /><testcase classname="tests.test_multiuser_auth.TestOnboarding" name="test_assign_build_and_climb" time="0.665" /><testcase classname="tests.test_multiuser_auth.TestDataIsolation" name="test_userA_ride_not_visible_to_userB" time="1.121" /><testcase classname="tests.test_p0_cross_user_isolation_expansion.TestCoachChatIsolation" name="test_a_chat_not_visible_to_b" time="2.285" /><testcase classname="tests.test_p0_cross_user_isolation_expansion.TestCoachChatIsolation" name="test_b_delete_history_does_not_affect_a" time="0.445" /><testcase classname="tests.test_p0_cross_user_isolation_expansion.TestPlanIsolation" name="test_a_assigns_plan_b_stays_unassigned" time="0.435" /><testcase classname="tests.test_p0_cross_user_isolation_expansion.TestPlanIsolation" name="test_progress_not_shared" time="0.289" /><testcase classname="tests.test_p0_cross_user_isolation_expansion.TestCatalogIsolation" name="test_custom_workout_not_visible_to_b" time="1.022" /><testcase classname="tests.test_p0_cross_user_isolation_expansion.TestRideHistoryIsolation" name="test_ride_list_and_energy_scoped" time="0.435" /><testcase classname="tests.test_p0_cross_user_isolation_expansion.TestRideHistoryIsolation" name="test_sandbox_import_deterministic_ids_do_not_collide_across_riders" time="0.878" /><testcase classname="tests.test_p0_cross_user_isolation_expansion.TestScenicDiscoveryIsolation" name="test_discovery_not_visible_to_b" time="0.580" /><testcase classname="tests.test_p0_cross_user_isolation_expansion.TestNotificationsIsolation" name="test_read_all_scoped_to_caller" time="0.541" /><testcase classname="tests.test_p0_cross_user_isolation_expansion.TestProfileIsolation" name="test_settings_not_shared" time="0.444" /><testcase classname="tests.test_p0_cross_user_isolation_expansion.TestProfileIsolation" name="test_appearance_not_shared" time="0.280" /><testcase classname="tests.test_p0_cross_user_isolation_expansion.TestProfileIsolation" name="test_prs_not_shared" time="0.568" /><testcase classname="tests.test_plan_actions" name="test_plan_root" time="0.479" /><testcase classname="tests.test_plan_actions" name="test_plan_progress_structure" time="0.079" /><testcase classname="tests.test_plan_actions" name="test_adaptations_default" time="0.073" /><testcase classname="tests.test_plan_actions" name="test_adaptations_coach_filter" time="0.070" /><testcase classname="tests.test_plan_actions" name="test_update_goals_persists" time="0.152" /><testcase classname="tests.test_plan_actions" name="test_restore_original_goals" time="0.148" /><testcase classname="tests.test_plan_actions" name="test_coach_adaptation_refresh_records_history" time="1.342" /><testcase classname="tests.test_plans_admin_fork.TestListing" name="test_list_plans_contains_both" time="0.428" /><testcase classname="tests.test_plans_admin_fork.TestListing" name="test_get_couch_to_road_full" time="0.072" /><testcase classname="tests.test_plans_admin_fork.TestListing" name="test_get_build_and_climb" time="0.071" /><testcase classname="tests.test_plans_admin_fork.TestListing" name="test_get_nonexistent_returns_404" time="0.072" /><testcase classname="tests.test_plans_admin_fork.TestEditIsolation" name="test_patch_day1_duration_changes_template_not_rider" time="1.840" /><testcase classname="tests.test_plans_admin_fork.TestAdapt" name="test_adapt_day_patch_changes_template_not_rider_and_records_history" time="1.115" /><testcase classname="tests.test_plans_admin_fork.TestCRUDThrowaway" name="test_create_get_patch_delete_flow" time="0.780" /><testcase classname="tests.test_plans_admin_fork.TestRegression" name="test_plan_endpoint_for_green_lantern" time="0.085" /><testcase classname="tests.test_plans_admin_fork.TestRegression" name="test_calendar_week_7_days" time="0.072" /><testcase classname="tests.test_plans_admin_fork.TestRegression" name="test_plan_goals_persist" time="0.218" /><testcase classname="tests.test_readiness_downgrade.TestPreconditions" name="test_plan_has_hard_ride_today" time="0.496" /><testcase classname="tests.test_readiness_downgrade.TestLowReadinessDowngrade" name="test_low_checkin_returns_downgrade_available" time="0.160" /><testcase classname="tests.test_readiness_downgrade.TestLowReadinessDowngrade" name="test_readiness_today_includes_downgrade" time="0.144" /><testcase classname="tests.test_readiness_downgrade.TestLowReadinessDowngrade" name="test_readiness_suggestion_endpoint_matches" time="0.141" /><testcase classname="tests.test_readiness_downgrade.TestAcceptAndUndo" name="test_accept_downgrade_swaps_plan" time="0.626" /><testcase classname="tests.test_readiness_downgrade.TestAcceptAndUndo" name="test_undo_restores_original_ride" time="0.134" /><testcase classname="tests.test_readiness_downgrade.TestDismissFlow" name="test_fresh_checkin_then_dismiss" time="0.544" /><testcase classname="tests.test_readiness_downgrade.TestGoodReadinessNoDowngrade" name="test_good_checkin_no_downgrade" time="0.164" /><testcase classname="tests.test_readiness_downgrade.TestSafetyOverridePrecedence" name="test_symptom_override_shows_no_downgrade" time="0.170" /><testcase classname="tests.test_regression_2026_security_hardening.TestRiderLogin" name="test_demo_login_returns_user" time="0.362" /><testcase classname="tests.test_regression_2026_security_hardening.TestAdminPasswordRotation" name="test_old_password_rejected" time="0.378" /><testcase classname="tests.test_regression_2026_security_hardening.TestAdminPasswordRotation" name="test_new_password_accepted" time="0.342" /><testcase classname="tests.test_regression_2026_security_hardening.TestAdminConsoleCoreFlows" name="test_list_users" time="0.159" /><testcase classname="tests.test_regression_2026_security_hardening.TestAdminConsoleCoreFlows" name="test_user_detail" time="0.272" /><testcase classname="tests.test_regression_2026_security_hardening.TestAdminConsoleCoreFlows" name="test_dashboard_loads" time="0.127" /><testcase classname="tests.test_regression_2026_security_hardening.TestAdminConsoleCoreFlows" name="test_search_with_regex_special_chars_no_hang" time="0.124" /><testcase classname="tests.test_regression_2026_security_hardening.TestAdminConsoleCoreFlows" name="test_search_normal_query_still_works" time="0.151" /><testcase classname="tests.test_regression_2026_security_hardening.TestCoachChat" name="test_send_message_and_get_reply" time="1.361" /><testcase classname="tests.test_regression_2026_security_hardening.TestPlanTemplatesOwnUserFlow" name="test_save_list_delete_roundtrip" time="0.600" /><testcase classname="tests.test_ride_beyond.TestPlansCatalog" name="test_ride_beyond_is_advanced_structured_12_weeks" time="0.409" /><testcase classname="tests.test_ride_beyond.TestOnboardingRecommendAdvanced" name="test_advanced_profile_recommends_ride_beyond" time="0.436" /><testcase classname="tests.test_ride_beyond.TestAssignRideBeyond" name="test_assign_and_fetch_structured_plan" time="0.149" /><testcase classname="tests.test_ride_beyond.TestCalendarWeek" name="test_calendar_week_maps_days_to_rides" time="0.075" /><testcase classname="tests.test_ride_beyond.TestRideStrongerRegression" name="test_ride_stronger_still_12_weeks_and_plan_complete_flag" time="0.147" /><testcase classname="tests.test_ride_beyond.TestRideStrongerRegression" name="test_ride_stronger_calendar_week" time="0.074" /><testcase classname="tests.test_ride_beyond.TestCouchToRoadRegression" name="test_reassign_couch_to_road" time="0.156" /><testcase classname="tests.test_ride_beyond.TestCouchToRoadRegression" name="test_couch_to_road_calendar_week" time="0.080" /><testcase classname="tests.test_ride_stronger.TestPlansCatalog" name="test_ride_stronger_is_twelve_weeks" time="0.466" /><testcase classname="tests.test_ride_stronger.TestAssignRideStrongerPhase3" name="test_assign_and_fetch_three_phase_plan" time="0.478" /><testcase classname="tests.test_ride_stronger.TestCouchToRoadRegression" name="test_reassign_and_fetch" time="0.139" /><testcase classname="tests.test_ride_sync.TestConnectionsList" name="test_list_connections_shape" time="0.512" /><testcase classname="tests.test_ride_sync.TestConnectionsList" name="test_encryption_ready" time="0.072" /><testcase classname="tests.test_ride_sync.TestConnectionsList" name="test_provider_statuses" time="0.077" /><testcase classname="tests.test_ride_sync.TestSandboxImport" name="test_import_creates_four" time="0.089" /><testcase classname="tests.test_ride_sync.TestSandboxImport" name="test_import_idempotent" time="0.075" /><testcase classname="tests.test_ride_sync.TestSandboxImport" name="test_imported_count_reflected" time="0.071" /><testcase classname="tests.test_ride_sync.TestImportedActivities" name="test_activities_shape" time="0.080" /><testcase classname="tests.test_ride_sync.TestRiderSeason" name="test_season_outdoor_breakdown" time="0.074" /><testcase classname="tests.test_ride_sync.TestSandboxDelete" name="test_delete_removes_activities_and_mirrors" time="0.217" /><testcase classname="tests.test_ride_sync.TestGarminNotConfigured" name="test_authorize_setup_required" time="0.071" /><testcase classname="tests.test_ride_sync.TestGarminNotConfigured" name="test_callback_not_configured_400" time="0.070" /><testcase classname="tests.test_ride_sync.TestGarminNotConfigured" name="test_settings_patch_no_account_no_error" time="0.156" /><testcase classname="tests.test_rider_appearance.TestAppearanceGet" name="test_get_returns_200_and_valid_shape" time="0.529" /><testcase classname="tests.test_rider_appearance.TestAppearanceGet" name="test_defaults_when_reset" time="0.084" /><testcase classname="tests.test_rider_appearance.TestAppearancePutFull" name="test_put_full_body_persists_and_get_matches" time="0.161" /><testcase classname="tests.test_rider_appearance.TestAppearancePutPartial" name="test_partial_update_rider_only" time="0.237" /><testcase classname="tests.test_rider_appearance.TestAppearancePutPartial" name="test_partial_update_bike_only" time="0.163" /><testcase classname="tests.test_rider_appearance.TestAppearancePutPartial" name="test_partial_update_clothing_only" time="0.161" /><testcase classname="tests.test_rider_appearance.TestAppearanceHygiene" name="test_no_underscore_id_in_get" time="0.075" /><testcase classname="tests.test_rider_appearance.TestAppearanceHygiene" name="test_no_underscore_id_in_put" time="0.164" /><testcase classname="tests.test_rider_prs.TestRiderPRs" name="test_a_first_completion" time="0.536" /><testcase classname="tests.test_rider_prs.TestRiderPRs" name="test_b_faster_time_sets_route_time_pr" time="0.141" /><testcase classname="tests.test_rider_prs.TestRiderPRs" name="test_c_higher_avg_power_sets_route_power_pr" time="0.131" /><testcase classname="tests.test_rider_prs.TestRiderPRs" name="test_d_faster_segment_adds_to_segments_prs" time="0.134" /><testcase classname="tests.test_rider_prs.TestRiderPRs" name="test_e_slower_weaker_submit_no_pr_no_change" time="0.401" /><testcase classname="tests.test_rider_prs.TestRiderPRs" name="test_f_uncompleted_faster_time_no_route_time_but_segments_compared" time="0.363" /><testcase classname="tests.test_rider_prs.TestRiderPRs" name="test_g_list_and_get_single_pr" time="0.275" /><testcase classname="tests.test_rider_prs.TestRiderPRs" name="test_h_pr_get_missing_route_returns_stub" time="0.143" /><testcase classname="tests.test_rider_prs.TestRiderPRs" name="test_i_user_scoping_isolation" time="0.878" /><testcase classname="tests.test_security_audit_2026_isolation.TestPlanTemplateIsolation" name="test_full_roundtrip" time="1.475" /><testcase classname="tests.test_security_audit_2026_isolation.TestNotificationReadStateIsolation" name="test_read_state_not_shared" time="0.437" /><testcase classname="tests.test_security_audit_2026_isolation.TestRidePhotoIsolation" name="test_ride_photo_endpoints_scoped_to_owner" time="1.215" /><testcase classname="tests.test_smoke_manual_iteration.TestGreenlanternFlow" name="test_plan_and_calendar_and_coach_edit" time="2.654" /><testcase classname="tests.test_smoke_manual_iteration.TestCoachGuardrails" name="test_declines_sleep_medical_advice" time="1.601" /><testcase classname="tests.test_smoke_manual_iteration.TestDemoFlow" name="test_plan_progress_and_calendar" time="0.602" /><testcase classname="tests.test_smoke_manual_iteration.TestConnections" name="test_providers_include_garmin" time="0.438" /><testcase classname="tests.test_smoke_manual_iteration.TestConnections" name="test_garmin_authorize_setup_required" time="0.467" /><testcase classname="tests.test_smoke_manual_iteration.TestAdmin" name="test_admin_login_and_integrations_default" time="1.071" /><testcase classname="tests.test_workout_prefs_calendar.TestWorkoutFavorites" name="test_toggle_add_then_get_persists" time="0.723" /><testcase classname="tests.test_workout_prefs_calendar.TestWorkoutFavorites" name="test_toggle_removes_when_already_favorited" time="0.212" /><testcase classname="tests.test_workout_prefs_calendar.TestCalendarScheduling" name="test_schedule_persists_and_appears_in_week" time="0.289" /><testcase classname="tests.test_workout_prefs_calendar.TestCalendarScheduling" name="test_delete_scheduled_removes_from_week" time="0.283" /><testcase classname="tests.test_ws_live_hud.TestTelemetryWebSocket" name="test_init_resets_elapsed" time="5.217" /><testcase classname="tests.test_ws_live_hud.TestTelemetryWebSocket" name="test_target_message_never_fabricates_power" time="3.089" /><testcase classname="tests.test_ws_live_hud.TestTelemetryWebSocket" name="test_erg_intensity_accepted" time="1.203" /><testcase classname="tests.test_ws_live_hud.TestTelemetryWebSocket" name="test_pause_resume" time="5.197" /><testcase classname="tests.test_ws_live_hud.TestTelemetryWebSocket" name="test_dropout_stops_frames_temporarily" time="2.781" /><testcase classname="tests.test_ws_live_hud.TestProgressFTP" name="test_progress_exposes_ftp_metric" time="0.163" /><testcase classname="tests.test_ws_live_hud.TestCoachCueOptionalFields" name="test_coach_cue_accepts_segment_and_zone" time="0.955" /></testsuite></testsuites>