<?xml version="1.0" encoding="utf-8"?><testsuites name="pytest tests"><testsuite name="pytest" errors="0" failures="0" skipped="0" tests="15" time="12.406" timestamp="2026-07-28T11:03:04.920536+00:00" hostname="agent-env-3f1f45d1-fbcd-47a8-8433-853540166b23"><testcase classname="backend.tests.test_iter72_scenic_poi_images_and_journeys.TestScenicPOIImages" name="test_pois_have_landmark_images[lake-garda]" time="0.620" /><testcase classname="backend.tests.test_iter72_scenic_poi_images_and_journeys.TestScenicPOIImages" name="test_pois_have_landmark_images[lake-achensee]" time="0.099" /><testcase classname="backend.tests.test_iter72_scenic_poi_images_and_journeys.TestScenicPOIImages" name="test_pois_have_landmark_images[dutch-countryside]" time="0.096" /><testcase classname="backend.tests.test_iter72_scenic_poi_images_and_journeys.TestScenicPOIImages" name="test_pois_cached_second_call_fast_and_keeps_image[lake-garda]" time="0.200" /><testcase classname="backend.tests.test_iter72_scenic_poi_images_and_journeys.TestScenicPOIImages" name="test_pois_cached_second_call_fast_and_keeps_image[lake-achensee]" time="0.204" /><testcase classname="backend.tests.test_iter72_scenic_poi_images_and_journeys.TestScenicPOIImages" name="test_pois_cached_second_call_fast_and_keeps_image[dutch-countryside]" time="0.270" /><testcase classname="backend.tests.test_iter72_scenic_poi_images_and_journeys.TestScenicPOIImages" name="test_refresh_true_regenerates" time="8.849" /><testcase classname="backend.tests.test_iter72_scenic_poi_images_and_journeys.TestScenicPOIImages" name="test_pois_404_for_unknown_route" time="0.109" /><testcase classname="backend.tests.test_iter72_scenic_poi_images_and_journeys.TestScenicPOIImages" name="test_pois_never_500" time="0.330" /><testcase classname="backend.tests.test_iter72_scenic_poi_images_and_journeys.TestJourneysShape" name="test_journeys_include_elevation_and_country" time="0.099" /><testcase classname="backend.tests.test_iter72_scenic_poi_images_and_journeys.TestJourneysShape" name="test_journeys_empty_ok_for_demo" time="0.453" /><testcase classname="backend.tests.test_iter72_scenic_poi_images_and_journeys.TestScenicRegression" name="test_list_routes" time="0.130" /><testcase classname="backend.tests.test_iter72_scenic_poi_images_and_journeys.TestScenicRegression" name="test_get_route_detail" time="0.095" /><testcase classname="backend.tests.test_iter72_scenic_poi_images_and_journeys.TestScenicRegression" name="test_favourites_roundtrip" time="0.287" /><testcase classname="backend.tests.test_iter72_scenic_poi_images_and_journeys.TestScenicRegression" name="test_discoveries_crud" time="0.479" /></testsuite></testsuites>