<?xml version="1.0" encoding="utf-8"?><testsuites name="pytest tests"><testsuite name="pytest" errors="0" failures="0" skipped="0" tests="6" time="1.272" timestamp="2026-09-04T13:34:20.806678+00:00" hostname="agent-env-58795608-06e6-4590-83e6-248653031b9c"><testcase classname="backend.tests.test_iter99_activity_scenic" name="test_activity_filter_returns_exact_three[gravel]" time="0.649" /><testcase classname="backend.tests.test_iter99_activity_scenic" name="test_activity_filter_returns_exact_three[mountain-bike]" time="0.092" /><testcase classname="backend.tests.test_iter99_activity_scenic" name="test_activity_filter_returns_exact_three[running]" time="0.103" /><testcase classname="backend.tests.test_iter99_activity_scenic" name="test_cycling_filter_excludes_activity_routes" time="0.159" /><testcase classname="backend.tests.test_iter99_activity_scenic" name="test_default_no_filter_includes_activity_routes" time="0.104" /><testcase classname="backend.tests.test_iter99_activity_scenic" name="test_activity_field_present_on_all_routes" time="0.102" /></testsuite></testsuites>