<?xml version="1.0" encoding="utf-8"?><testsuites name="pytest tests"><testsuite name="pytest" errors="0" failures="1" skipped="0" tests="29" time="14.193" timestamp="2026-07-28T03:16:22.933331+00:00" hostname="agent-env-3f1f45d1-fbcd-47a8-8433-853540166b23"><testcase classname="backend.tests.test_iter65_plan_coach_refactor.TestPlanRoutes" name="test_get_plan_resolves_to_couch_to_road" time="0.472" /><testcase classname="backend.tests.test_iter65_plan_coach_refactor.TestPlanRoutes" name="test_get_rider_plan_shape" time="0.098" /><testcase classname="backend.tests.test_iter65_plan_coach_refactor.TestPlanRoutes" name="test_assign_and_restore_plan" time="0.458" /><testcase classname="backend.tests.test_iter65_plan_coach_refactor.TestPlanRoutes" name="test_onboarding_recommend" time="0.126" /><testcase classname="backend.tests.test_iter65_plan_coach_refactor.TestPlanRoutes" name="test_plan_targets" time="0.151" /><testcase classname="backend.tests.test_iter65_plan_coach_refactor.TestPlanRoutes" name="test_plan_adaptations" time="0.121" /><testcase classname="backend.tests.test_iter65_plan_coach_refactor.TestPlanRoutes" name="test_put_plan_goals" time="0.331" /><testcase classname="backend.tests.test_iter65_plan_coach_refactor.TestPlanRoutes" name="test_plan_progress" time="0.125" /><testcase classname="backend.tests.test_iter65_plan_coach_refactor.TestCalendarProgress" name="test_calendar_week" time="0.115" /><testcase classname="backend.tests.test_iter65_plan_coach_refactor.TestCalendarProgress" name="test_calendar_scheduled_crud" time="0.316" /><testcase classname="backend.tests.test_iter65_plan_coach_refactor.TestCalendarProgress" name="test_calendar_review" time="0.112"><failure message="AssertionError: /calendar/review 500'd → likely missing import: Internal Server Error&#10;assert 500 == 200&#10; +  where 500 = &lt;Response [500]&gt;.status_code">E   AssertionError: /calendar/review 500'd → likely missing import: Internal Server Error
    assert 500 == 200
     +  where 500 = &lt;Response [500]&gt;.status_code</failure></testcase><testcase classname="backend.tests.test_iter65_plan_coach_refactor.TestCalendarProgress" name="test_calendar_move_smoke" time="0.099" /><testcase classname="backend.tests.test_iter65_plan_coach_refactor.TestCalendarProgress" name="test_workout_favorites_toggle_restore" time="0.295" /><testcase classname="backend.tests.test_iter65_plan_coach_refactor.TestCalendarProgress" name="test_progress" time="0.110" /><testcase classname="backend.tests.test_iter65_plan_coach_refactor.TestCalendarProgress" name="test_progress_timeline" time="0.119" /><testcase classname="backend.tests.test_iter65_plan_coach_refactor.TestCalendarProgress" name="test_rider_missed" time="0.102" /><testcase classname="backend.tests.test_iter65_plan_coach_refactor.TestCoachRoutes" name="test_coach_chat_history_get" time="0.135" /><testcase classname="backend.tests.test_iter65_plan_coach_refactor.TestCoachRoutes" name="test_coach_extend_advice" time="3.914" /><testcase classname="backend.tests.test_iter65_plan_coach_refactor.TestCoachRoutes" name="test_coach_cue" time="1.574" /><testcase classname="backend.tests.test_iter65_plan_coach_refactor.TestCoachRoutes" name="test_coach_chat_roundtrip_and_history" time="1.722" /><testcase classname="backend.tests.test_iter65_plan_coach_refactor.TestCoachRoutes" name="test_coach_adaptation" time="0.100" /><testcase classname="backend.tests.test_iter65_plan_coach_refactor.TestCoachRoutes" name="test_coach_adaptation_detail" time="0.133" /><testcase classname="backend.tests.test_iter65_plan_coach_refactor.TestRegressionExtracted" name="test_rider_profile" time="0.127" /><testcase classname="backend.tests.test_iter65_plan_coach_refactor.TestRegressionExtracted" name="test_benchmark_profile_ftp305" time="0.109" /><testcase classname="backend.tests.test_iter65_plan_coach_refactor.TestRegressionExtracted" name="test_benchmark_plan_gate" time="1.700" /><testcase classname="backend.tests.test_iter65_plan_coach_refactor.TestRegressionExtracted" name="test_benchmark_recommendation" time="0.110" /><testcase classname="backend.tests.test_iter65_plan_coach_refactor.TestAdminBenchmarkConfig" name="test_get_put_restore_ftp_retest_days" time="0.913" /><testcase classname="backend.tests.test_iter65_plan_coach_refactor.TestAdminBenchmarkConfig" name="test_admin_coaches" time="0.133" /><testcase classname="backend.tests.test_iter65_plan_coach_refactor.TestPlanHotReload" name="test_plan_still_resolves_after_goal_edit" time="0.314" /></testsuite></testsuites>