<?xml version="1.0" encoding="utf-8"?><testsuites name="pytest tests"><testsuite name="pytest" errors="0" failures="0" skipped="0" tests="12" time="1.335" timestamp="2026-07-23T18:17:53.168824+00:00" hostname="agent-env-3f1f45d1-fbcd-47a8-8433-853540166b23"><testcase classname="backend.tests.test_ride_sync.TestConnectionsList" name="test_list_connections_shape" time="0.360" /><testcase classname="backend.tests.test_ride_sync.TestConnectionsList" name="test_encryption_ready" time="0.062" /><testcase classname="backend.tests.test_ride_sync.TestConnectionsList" name="test_provider_statuses" time="0.065" /><testcase classname="backend.tests.test_ride_sync.TestSandboxImport" name="test_import_creates_four" time="0.069" /><testcase classname="backend.tests.test_ride_sync.TestSandboxImport" name="test_import_idempotent" time="0.069" /><testcase classname="backend.tests.test_ride_sync.TestSandboxImport" name="test_imported_count_reflected" time="0.063" /><testcase classname="backend.tests.test_ride_sync.TestImportedActivities" name="test_activities_shape" time="0.063" /><testcase classname="backend.tests.test_ride_sync.TestRiderSeason" name="test_season_outdoor_breakdown" time="0.068" /><testcase classname="backend.tests.test_ride_sync.TestSandboxDelete" name="test_delete_removes_activities_and_mirrors" time="0.198" /><testcase classname="backend.tests.test_ride_sync.TestGarminNotConfigured" name="test_authorize_setup_required" time="0.061" /><testcase classname="backend.tests.test_ride_sync.TestGarminNotConfigured" name="test_callback_not_configured_400" time="0.058" /><testcase classname="backend.tests.test_ride_sync.TestGarminNotConfigured" name="test_settings_patch_no_account_no_error" time="0.126" /></testsuite></testsuites>