<?xml version="1.0" encoding="utf-8"?><testsuites name="pytest tests"><testsuite name="pytest" errors="0" failures="0" skipped="0" tests="10" time="4.576" timestamp="2026-07-23T19:47:59.829780+00:00" hostname="agent-env-3f1f45d1-fbcd-47a8-8433-853540166b23"><testcase classname="backend.tests.test_iter22_cross_cutting.TestPlan" name="test_plan_is_from_couch_to_road" time="0.456" /><testcase classname="backend.tests.test_iter22_cross_cutting.TestPlan" name="test_plan_week_targets_shape" time="0.134" /><testcase classname="backend.tests.test_iter22_cross_cutting.TestPlan" name="test_plan_progress_and_ctr_workouts" time="0.105" /><testcase classname="backend.tests.test_iter22_cross_cutting.TestCalendarWeek" name="test_week1_dates" time="0.412" /><testcase classname="backend.tests.test_iter22_cross_cutting.TestCalendarWeek" name="test_cycling_day_workout_ids_and_readiness" time="0.110" /><testcase classname="backend.tests.test_iter22_cross_cutting.TestCalendarWeek" name="test_tuesday_is_today" time="0.114" /><testcase classname="backend.tests.test_iter22_cross_cutting.TestSeason" name="test_empty_season_zero_state" time="0.442" /><testcase classname="backend.tests.test_iter22_cross_cutting.TestSummarizeTelemetryFlow" name="test_summarize_and_plan_reflects_completion" time="1.126" /><testcase classname="backend.tests.test_iter22_cross_cutting.TestManualSummary" name="test_manual_summary_computes_tss_from_rpe" time="0.725" /><testcase classname="backend.tests.test_iter22_cross_cutting.TestSupplementary" name="test_supplementary_increments_season" time="0.883" /></testsuite></testsuites>