<?xml version="1.0" encoding="utf-8"?><testsuites name="pytest tests"><testsuite name="pytest" errors="0" failures="0" skipped="0" tests="3" time="32.922" timestamp="2026-07-24T01:55:12.211159+00:00" hostname="agent-env-3f1f45d1-fbcd-47a8-8433-853540166b23"><testcase classname="backend.tests.test_companion_plan_edits.TestChatEdit" name="test_a1_chat_edits_first_endurance_ride_to_20min" time="9.411" /><testcase classname="backend.tests.test_companion_plan_edits.TestChatEdit" name="test_a2_status_question_does_not_edit_plan" time="5.695" /><testcase classname="backend.tests.test_companion_plan_edits.TestAutoEase" name="test_b1_low_compliance_eases_week2_and_is_idempotent" time="17.700" /></testsuite></testsuites>