<?xml version="1.0" encoding="utf-8"?><testsuites name="pytest tests"><testsuite name="pytest" errors="0" failures="0" skipped="0" tests="45" time="3.370" timestamp="2026-07-27T02:47:05.732696+00:00" hostname="agent-env-3f1f45d1-fbcd-47a8-8433-853540166b23"><testcase classname="backend.tests.test_iter51_plan_snapshot_and_rbac.TestGetRiderPlan" name="test_plan_structure" time="0.490" /><testcase classname="backend.tests.test_iter51_plan_snapshot_and_rbac.TestGetRiderPlan" name="test_active_plan_is_couch_to_road" time="0.049" /><testcase classname="backend.tests.test_iter51_plan_snapshot_and_rbac.TestGetRiderPlan" name="test_plan_title_is_canonical" time="0.051" /><testcase classname="backend.tests.test_iter51_plan_snapshot_and_rbac.TestSnapshotIsolation" name="test_template_edit_does_not_leak_into_rider_snapshot" time="0.221" /><testcase classname="backend.tests.test_iter51_plan_snapshot_and_rbac.TestSnapshotIsolation" name="test_snapshot_doc_has_definition_and_snapshot_at" time="0.101" /><testcase classname="backend.tests.test_iter51_plan_snapshot_and_rbac.TestReassignmentResnapshot" name="test_reassign_resnapshots_and_resets_week" time="0.154" /><testcase classname="backend.tests.test_iter51_plan_snapshot_and_rbac.TestReassignmentResnapshot" name="test_get_plan_creates_snapshot_when_missing" time="0.056" /><testcase classname="backend.tests.test_iter51_plan_snapshot_and_rbac.TestReassignmentResnapshot" name="test_repeated_get_plan_is_idempotent" time="0.102" /><testcase classname="backend.tests.test_iter51_plan_snapshot_and_rbac.TestProgressionRegression" name="test_endpoint_ok[/api/plan/progress?plan_id=couch-to-road]" time="0.047" /><testcase classname="backend.tests.test_iter51_plan_snapshot_and_rbac.TestProgressionRegression" name="test_endpoint_ok[/api/plan/adaptations?plan_id=couch-to-road]" time="0.045" /><testcase classname="backend.tests.test_iter51_plan_snapshot_and_rbac.TestProgressionRegression" name="test_endpoint_ok[/api/plan/targets?plan_id=couch-to-road]" time="0.047" /><testcase classname="backend.tests.test_iter51_plan_snapshot_and_rbac.TestProgressionRegression" name="test_endpoint_ok[/api/calendar/week]" time="0.050" /><testcase classname="backend.tests.test_iter51_plan_snapshot_and_rbac.TestProgressionRegression" name="test_endpoint_ok[/api/rider/plan]" time="0.044" /><testcase classname="backend.tests.test_iter51_plan_snapshot_and_rbac.TestAllPlansAssignable" name="test_assign_and_fetch[couch-to-road]" time="0.099" /><testcase classname="backend.tests.test_iter51_plan_snapshot_and_rbac.TestAllPlansAssignable" name="test_assign_and_fetch[ride-stronger]" time="0.100" /><testcase classname="backend.tests.test_iter51_plan_snapshot_and_rbac.TestAllPlansAssignable" name="test_assign_and_fetch[ride-beyond]" time="0.099" /><testcase classname="backend.tests.test_iter51_plan_snapshot_and_rbac.TestAllPlansAssignable" name="test_assign_and_fetch[build-and-climb]" time="0.096" /><testcase classname="backend.tests.test_iter51_plan_snapshot_and_rbac.TestAllPlansAssignable" name="test_restore_rider_to_couch_to_road" time="0.048" /><testcase classname="backend.tests.test_iter51_plan_snapshot_and_rbac.TestAdminRBAC" name="test_plans_mutation_anonymous_is_401[POST-/api/plans-payload0]" time="0.101" /><testcase classname="backend.tests.test_iter51_plan_snapshot_and_rbac.TestAdminRBAC" name="test_plans_mutation_anonymous_is_401[PUT-/api/plans/couch-to-road-payload1]" time="0.044" /><testcase classname="backend.tests.test_iter51_plan_snapshot_and_rbac.TestAdminRBAC" name="test_plans_mutation_anonymous_is_401[PATCH-/api/plans/couch-to-road-payload2]" time="0.043" /><testcase classname="backend.tests.test_iter51_plan_snapshot_and_rbac.TestAdminRBAC" name="test_plans_mutation_anonymous_is_401[DELETE-/api/plans/couch-to-road-None]" time="0.044" /><testcase classname="backend.tests.test_iter51_plan_snapshot_and_rbac.TestAdminRBAC" name="test_plans_mutation_anonymous_is_401[PUT-/api/plans/couch-to-road/weeks/1-payload4]" time="0.046" /><testcase classname="backend.tests.test_iter51_plan_snapshot_and_rbac.TestAdminRBAC" name="test_plans_mutation_anonymous_is_401[PATCH-/api/plans/couch-to-road/weeks/1/days/0-payload5]" time="0.048" /><testcase classname="backend.tests.test_iter51_plan_snapshot_and_rbac.TestAdminRBAC" name="test_plans_mutation_anonymous_is_401[POST-/api/plans/couch-to-road/adapt-payload6]" time="0.044" /><testcase classname="backend.tests.test_iter51_plan_snapshot_and_rbac.TestAdminRBAC" name="test_plans_mutation_rider_is_403[POST-/api/plans-payload0]" time="0.050" /><testcase classname="backend.tests.test_iter51_plan_snapshot_and_rbac.TestAdminRBAC" name="test_plans_mutation_rider_is_403[PUT-/api/plans/couch-to-road-payload1]" time="0.047" /><testcase classname="backend.tests.test_iter51_plan_snapshot_and_rbac.TestAdminRBAC" name="test_plans_mutation_rider_is_403[PATCH-/api/plans/couch-to-road-payload2]" time="0.044" /><testcase classname="backend.tests.test_iter51_plan_snapshot_and_rbac.TestAdminRBAC" name="test_plans_mutation_rider_is_403[DELETE-/api/plans/couch-to-road-None]" time="0.047" /><testcase classname="backend.tests.test_iter51_plan_snapshot_and_rbac.TestAdminRBAC" name="test_plans_mutation_rider_is_403[PUT-/api/plans/couch-to-road/weeks/1-payload4]" time="0.050" /><testcase classname="backend.tests.test_iter51_plan_snapshot_and_rbac.TestAdminRBAC" name="test_plans_mutation_rider_is_403[PATCH-/api/plans/couch-to-road/weeks/1/days/0-payload5]" time="0.045" /><testcase classname="backend.tests.test_iter51_plan_snapshot_and_rbac.TestAdminRBAC" name="test_plans_mutation_rider_is_403[POST-/api/plans/couch-to-road/adapt-payload6]" time="0.045" /><testcase classname="backend.tests.test_iter51_plan_snapshot_and_rbac.TestAdminRBAC" name="test_admin_route_anonymous_is_401[GET-/api/admin/health-None]" time="0.048" /><testcase classname="backend.tests.test_iter51_plan_snapshot_and_rbac.TestAdminRBAC" name="test_admin_route_anonymous_is_401[GET-/api/admin/metrics-None]" time="0.043" /><testcase classname="backend.tests.test_iter51_plan_snapshot_and_rbac.TestAdminRBAC" name="test_admin_route_anonymous_is_401[GET-/api/admin/users-None]" time="0.047" /><testcase classname="backend.tests.test_iter51_plan_snapshot_and_rbac.TestAdminRBAC" name="test_admin_route_anonymous_is_401[GET-/api/admin/users/user_greenlantern-None]" time="0.045" /><testcase classname="backend.tests.test_iter51_plan_snapshot_and_rbac.TestAdminRBAC" name="test_admin_route_anonymous_is_401[PATCH-/api/admin/users/user_greenlantern-payload4]" time="0.045" /><testcase classname="backend.tests.test_iter51_plan_snapshot_and_rbac.TestAdminRBAC" name="test_admin_route_anonymous_is_401[GET-/api/admin/audit-None]" time="0.049" /><testcase classname="backend.tests.test_iter51_plan_snapshot_and_rbac.TestAdminRBAC" name="test_admin_route_rider_is_403[GET-/api/admin/health-None]" time="0.045" /><testcase classname="backend.tests.test_iter51_plan_snapshot_and_rbac.TestAdminRBAC" name="test_admin_route_rider_is_403[GET-/api/admin/metrics-None]" time="0.043" /><testcase classname="backend.tests.test_iter51_plan_snapshot_and_rbac.TestAdminRBAC" name="test_admin_route_rider_is_403[GET-/api/admin/users-None]" time="0.047" /><testcase classname="backend.tests.test_iter51_plan_snapshot_and_rbac.TestAdminRBAC" name="test_admin_route_rider_is_403[GET-/api/admin/users/user_greenlantern-None]" time="0.045" /><testcase classname="backend.tests.test_iter51_plan_snapshot_and_rbac.TestAdminRBAC" name="test_admin_route_rider_is_403[PATCH-/api/admin/users/user_greenlantern-payload4]" time="0.043" /><testcase classname="backend.tests.test_iter51_plan_snapshot_and_rbac.TestAdminRBAC" name="test_admin_route_rider_is_403[GET-/api/admin/audit-None]" time="0.046" /><testcase classname="backend.tests.test_iter51_plan_snapshot_and_rbac.TestAdminRBAC" name="test_plans_get_gating_documented" time="0.133" /></testsuite></testsuites>