<?xml version="1.0" encoding="utf-8"?><testsuites name="pytest tests"><testsuite name="pytest" errors="0" failures="0" skipped="0" tests="8" time="1.108" timestamp="2026-07-24T10:27:57.550936+00:00" hostname="agent-env-3f1f45d1-fbcd-47a8-8433-853540166b23"><testcase classname="backend.tests.test_ride_beyond.TestPlansCatalog" name="test_ride_beyond_is_advanced_structured_12_weeks" time="0.550" /><testcase classname="backend.tests.test_ride_beyond.TestOnboardingRecommendAdvanced" name="test_advanced_profile_recommends_ride_beyond" time="0.049" /><testcase classname="backend.tests.test_ride_beyond.TestAssignRideBeyond" name="test_assign_and_fetch_structured_plan" time="0.096" /><testcase classname="backend.tests.test_ride_beyond.TestCalendarWeek" name="test_calendar_week_maps_days_to_rides" time="0.048" /><testcase classname="backend.tests.test_ride_beyond.TestRideStrongerRegression" name="test_ride_stronger_still_12_weeks_and_plan_complete_flag" time="0.093" /><testcase classname="backend.tests.test_ride_beyond.TestRideStrongerRegression" name="test_ride_stronger_calendar_week" time="0.046" /><testcase classname="backend.tests.test_ride_beyond.TestCouchToRoadRegression" name="test_reassign_couch_to_road" time="0.091" /><testcase classname="backend.tests.test_ride_beyond.TestCouchToRoadRegression" name="test_couch_to_road_calendar_week" time="0.046" /></testsuite></testsuites>