<?xml version="1.0" encoding="utf-8"?><testsuites name="pytest tests"><testsuite name="pytest" errors="0" failures="0" skipped="0" tests="19" time="7.728" timestamp="2026-07-27T03:16:47.398097+00:00" hostname="agent-env-3f1f45d1-fbcd-47a8-8433-853540166b23"><testcase classname="backend.tests.test_iter52_admin_console" name="test_openapi_public" time="0.192" /><testcase classname="backend.tests.test_iter52_admin_console" name="test_admin_login_wrong_password" time="0.325" /><testcase classname="backend.tests.test_iter52_admin_console" name="test_admin_metrics_rejects_rider_token" time="0.425" /><testcase classname="backend.tests.test_iter52_admin_console" name="test_admin_metrics_rejects_anonymous" time="0.096" /><testcase classname="backend.tests.test_iter52_admin_console" name="test_admin_health" time="0.426" /><testcase classname="backend.tests.test_iter52_admin_console" name="test_admin_metrics_shape" time="0.100" /><testcase classname="backend.tests.test_iter52_admin_console" name="test_admin_users_pagination_and_secret_strip" time="0.209" /><testcase classname="backend.tests.test_iter52_admin_console" name="test_admin_user_detail" time="0.107" /><testcase classname="backend.tests.test_iter52_admin_console" name="test_suspend_blocks_session_and_login" time="1.832" /><testcase classname="backend.tests.test_iter52_admin_console" name="test_admin_export_and_delete_cascade" time="0.840" /><testcase classname="backend.tests.test_iter52_admin_console" name="test_admin_cannot_delete_own_account" time="0.213" /><testcase classname="backend.tests.test_iter52_admin_console" name="test_benchmark_config_get_and_put_restore" time="0.569" /><testcase classname="backend.tests.test_iter52_admin_console" name="test_coaches_config_allowlist_and_readonly_policy" time="0.329" /><testcase classname="backend.tests.test_iter52_admin_console" name="test_plan_patch_writes_audit" time="0.726" /><testcase classname="backend.tests.test_iter52_admin_console" name="test_rider_self_export_and_delete" time="0.827" /><testcase classname="backend.tests.test_iter52_admin_console" name="test_regression_rider_flows[/api/plan]" time="0.104" /><testcase classname="backend.tests.test_iter52_admin_console" name="test_regression_rider_flows[/api/calendar/week]" time="0.100" /><testcase classname="backend.tests.test_iter52_admin_console" name="test_regression_rider_flows[/api/rider/profile]" time="0.119" /><testcase classname="backend.tests.test_iter52_admin_console" name="test_regression_rider_flows[/api/progress]" time="0.099" /></testsuite></testsuites>