<?xml version="1.0" encoding="utf-8"?><testsuites name="pytest tests"><testsuite name="pytest" errors="0" failures="0" skipped="0" tests="26" time="12.470" timestamp="2026-07-27T14:24:26.769488+00:00" hostname="agent-env-3f1f45d1-fbcd-47a8-8433-853540166b23"><testcase classname="backend.tests.test_iter60_benchmark_decision_and_checkin.TestF03BenchmarkDecisionEngine" name="test_beginner_returns_submaximal_not_required" time="0.000" /><testcase classname="backend.tests.test_iter60_benchmark_decision_and_checkin.TestF03BenchmarkDecisionEngine" name="test_no_ftp_required" time="0.000" /><testcase classname="backend.tests.test_iter60_benchmark_decision_and_checkin.TestF03BenchmarkDecisionEngine" name="test_illness_required" time="0.000" /><testcase classname="backend.tests.test_iter60_benchmark_decision_and_checkin.TestF03BenchmarkDecisionEngine" name="test_injury_required" time="0.000" /><testcase classname="backend.tests.test_iter60_benchmark_decision_and_checkin.TestF03BenchmarkDecisionEngine" name="test_returning_required" time="0.000" /><testcase classname="backend.tests.test_iter60_benchmark_decision_and_checkin.TestF03BenchmarkDecisionEngine" name="test_equipment_changed_required" time="0.000" /><testcase classname="backend.tests.test_iter60_benchmark_decision_and_checkin.TestF03BenchmarkDecisionEngine" name="test_unknown_days_required" time="0.000" /><testcase classname="backend.tests.test_iter60_benchmark_decision_and_checkin.TestF03BenchmarkDecisionEngine" name="test_stale_over_2x_retest_required" time="0.000" /><testcase classname="backend.tests.test_iter60_benchmark_decision_and_checkin.TestF03BenchmarkDecisionEngine" name="test_stale_over_retest_recommended" time="0.000" /><testcase classname="backend.tests.test_iter60_benchmark_decision_and_checkin.TestF03BenchmarkDecisionEngine" name="test_low_confidence_recommended" time="0.000" /><testcase classname="backend.tests.test_iter60_benchmark_decision_and_checkin.TestF03BenchmarkDecisionEngine" name="test_approved_default" time="0.000" /><testcase classname="backend.tests.test_iter60_benchmark_decision_and_checkin.TestF03BenchmarkDecisionEngine" name="test_determinism_same_input_same_output" time="0.000" /><testcase classname="backend.tests.test_iter60_benchmark_decision_and_checkin.TestF03BenchmarkDecisionEngine" name="test_precedence_beginner_wins_over_all" time="0.000" /><testcase classname="backend.tests.test_iter60_benchmark_decision_and_checkin.TestF02CheckinCanonicalFlags" name="test_clean_checkin_gate_not_required" time="3.899" /><testcase classname="backend.tests.test_iter60_benchmark_decision_and_checkin.TestF02CheckinCanonicalFlags" name="test_injury_flag_makes_gate_required" time="1.589" /><testcase classname="backend.tests.test_iter60_benchmark_decision_and_checkin.TestF02CheckinCanonicalFlags" name="test_returning_flag_makes_gate_required" time="2.122" /><testcase classname="backend.tests.test_iter60_benchmark_decision_and_checkin.TestF02CheckinCanonicalFlags" name="test_equipment_changed_flag_reason" time="1.627" /><testcase classname="backend.tests.test_iter60_benchmark_decision_and_checkin.TestF02CheckinCanonicalFlags" name="test_readiness_today_reflects_flags" time="0.182" /><testcase classname="backend.tests.test_iter60_benchmark_decision_and_checkin.TestSafetyRegression" name="test_symptoms_illness_triggers_safety_and_gate" time="2.211" /><testcase classname="backend.tests.test_iter60_benchmark_decision_and_checkin.TestSafetyRegression" name="test_other_critical_symptoms_trigger_safety[chest_pain]" time="0.074" /><testcase classname="backend.tests.test_iter60_benchmark_decision_and_checkin.TestSafetyRegression" name="test_other_critical_symptoms_trigger_safety[severe_dizziness]" time="0.075" /><testcase classname="backend.tests.test_iter60_benchmark_decision_and_checkin.TestSafetyRegression" name="test_other_critical_symptoms_trigger_safety[shortness_of_breath]" time="0.075" /><testcase classname="backend.tests.test_iter60_benchmark_decision_and_checkin.TestSafetyRegression" name="test_other_critical_symptoms_trigger_safety[new_pain]" time="0.073" /><testcase classname="backend.tests.test_iter60_benchmark_decision_and_checkin.TestReadinessRegression" name="test_clean_checkin_produces_sensible_score" time="0.076" /><testcase classname="backend.tests.test_iter60_benchmark_decision_and_checkin.TestReadinessRegression" name="test_readiness_today_reflects_latest" time="0.147" /><testcase classname="backend.tests.test_iter60_benchmark_decision_and_checkin" name="test_zz_reset_greenlantern_to_clean" time="0.180" /></testsuite></testsuites>