<?xml version="1.0" encoding="utf-8"?><testsuites name="pytest tests"><testsuite name="pytest" errors="0" failures="0" skipped="0" tests="5" time="0.719" timestamp="2026-07-24T07:30:27.401629+00:00" hostname="agent-env-3f1f45d1-fbcd-47a8-8433-853540166b23"><testcase classname="backend.tests.test_ride_stronger.TestPlansCatalog" name="test_three_plans_incl_ride_stronger" time="0.376" /><testcase classname="backend.tests.test_ride_stronger.TestOnboardingRecommend" name="test_intermediate_profile_recommends_ride_stronger" time="0.044" /><testcase classname="backend.tests.test_ride_stronger.TestAssignRideStronger" name="test_assign_and_fetch" time="0.091" /><testcase classname="backend.tests.test_ride_stronger.TestCalendarRideStronger" name="test_week_layout" time="0.046" /><testcase classname="backend.tests.test_ride_stronger.TestCouchToRoadRegression" name="test_reassign_and_fetch" time="0.087" /></testsuite></testsuites>