<?xml version="1.0" encoding="utf-8"?><testsuites name="pytest tests"><testsuite name="pytest" errors="0" failures="0" skipped="0" tests="6" time="6.268" timestamp="2026-08-11T02:30:29.249193+00:00" hostname="agent-env-3f1f45d1-fbcd-47a8-8433-853540166b23"><testcase classname="backend.tests.test_iter83_season_recap_wall_split_prs_gemini_tts.TestSeasonRecap" name="test_season_recap_shape_and_has_data" time="0.707" /><testcase classname="backend.tests.test_iter83_season_recap_wall_split_prs_gemini_tts.TestMilestoneWall" name="test_wall_categories_and_rows" time="0.136" /><testcase classname="backend.tests.test_iter83_season_recap_wall_split_prs_gemini_tts.TestClimbDetailSplitPRs" name="test_climb_detail_has_recent_split_prs_and_recent_activity_id" time="0.262" /><testcase classname="backend.tests.test_iter83_season_recap_wall_split_prs_gemini_tts.TestCoachSpeakTTS" name="test_speak_requires_auth" time="0.095" /><testcase classname="backend.tests.test_iter83_season_recap_wall_split_prs_gemini_tts.TestCoachSpeakTTS" name="test_speak_alberto_returns_wav" time="2.459" /><testcase classname="backend.tests.test_iter83_season_recap_wall_split_prs_gemini_tts.TestCoachSpeakTTS" name="test_speak_adriana_returns_wav" time="2.532" /></testsuite></testsuites>