<?xml version="1.0" encoding="utf-8"?><testsuites name="pytest tests"><testsuite name="pytest" errors="0" failures="0" skipped="0" tests="16" time="3.223" timestamp="2026-07-26T09:59:43.889839+00:00" hostname="agent-env-3f1f45d1-fbcd-47a8-8433-853540166b23"><testcase classname="backend.tests.test_iter41_today_progress_timeline.TestPlanCouchToRoad" name="test_plan_returns_persistent_workouts_with_mixed_types" time="0.473" /><testcase classname="backend.tests.test_iter41_today_progress_timeline.TestPlanCouchToRoad" name="test_plan_workout_shape_cycling_and_non_cycling" time="0.100" /><testcase classname="backend.tests.test_iter41_today_progress_timeline.TestPlanCouchToRoad" name="test_plan_spans_multiple_weeks_if_needed" time="0.093" /><testcase classname="backend.tests.test_iter41_today_progress_timeline.TestPlanCouchToRoad" name="test_plan_progress_and_phase" time="0.094" /><testcase classname="backend.tests.test_iter41_today_progress_timeline.TestPlanRegressionOtherPlans" name="test_ride_stronger_returns_workouts" time="0.914" /><testcase classname="backend.tests.test_iter41_today_progress_timeline.TestPlanRegressionOtherPlans" name="test_ride_beyond_returns_workouts" time="0.194" /><testcase classname="backend.tests.test_iter41_today_progress_timeline.TestProgressTimeline" name="test_bucket_counts[week-7]" time="0.095" /><testcase classname="backend.tests.test_iter41_today_progress_timeline.TestProgressTimeline" name="test_bucket_counts[month-4]" time="0.096" /><testcase classname="backend.tests.test_iter41_today_progress_timeline.TestProgressTimeline" name="test_bucket_counts[3m-13]" time="0.104" /><testcase classname="backend.tests.test_iter41_today_progress_timeline.TestProgressTimeline" name="test_bucket_counts[6m-6]" time="0.176" /><testcase classname="backend.tests.test_iter41_today_progress_timeline.TestProgressTimeline" name="test_bucket_counts[1y-12]" time="0.100" /><testcase classname="backend.tests.test_iter41_today_progress_timeline.TestProgressTimeline" name="test_has_next_true_for_offset_1" time="0.094" /><testcase classname="backend.tests.test_iter41_today_progress_timeline.TestProgressTimeline" name="test_summary_shape" time="0.109" /><testcase classname="backend.tests.test_iter41_today_progress_timeline.TestProgressTimeline" name="test_offset_windows_differ" time="0.196" /><testcase classname="backend.tests.test_iter41_today_progress_timeline.TestProgressTimeline" name="test_aggregates_real_ride_history" time="0.093" /><testcase classname="backend.tests.test_iter41_today_progress_timeline.TestProgressRegression" name="test_get_progress_still_works" time="0.187" /></testsuite></testsuites>