<?xml version="1.0" encoding="utf-8"?><testsuites name="pytest tests"><testsuite name="pytest" errors="0" failures="0" skipped="0" tests="9" time="2.339" timestamp="2026-07-26T10:24:26.324211+00:00" hostname="agent-env-3f1f45d1-fbcd-47a8-8433-853540166b23"><testcase classname="tests.test_iter42_hero_prefs.TestPlanHero" name="test_plan_returns_hero" time="0.608" /><testcase classname="tests.test_iter42_hero_prefs.TestPlanHero" name="test_hero_values_for_green_lantern" time="0.133" /><testcase classname="tests.test_iter42_hero_prefs.TestPlanHero" name="test_workouts_have_dates" time="0.102" /><testcase classname="tests.test_iter42_hero_prefs.TestPlanHero" name="test_first_incomplete_is_strength_beginner_cycling" time="0.096" /><testcase classname="tests.test_iter42_hero_prefs.TestRiderPrefs" name="test_get_default_alberto" time="0.091" /><testcase classname="tests.test_iter42_hero_prefs.TestRiderPrefs" name="test_put_changes_coach" time="0.099" /><testcase classname="tests.test_iter42_hero_prefs.TestRiderPrefs" name="test_get_persists_new_coach" time="0.124" /><testcase classname="tests.test_iter42_hero_prefs.TestRiderPrefs" name="test_prefs_user_scoped" time="0.838" /><testcase classname="tests.test_iter42_hero_prefs.TestRiderPrefs" name="test_zzz_restore_alberto" time="0.189" /></testsuite></testsuites>