<?xml version="1.0" encoding="utf-8"?><testsuites name="pytest tests"><testsuite name="pytest" errors="0" failures="0" skipped="0" tests="12" time="2.218" timestamp="2026-07-28T05:50:03.745406+00:00" hostname="agent-env-3f1f45d1-fbcd-47a8-8433-853540166b23"><testcase classname="backend.tests.test_iter68_reduce_motion_and_scenic_destinations.TestSettingsAuth" name="test_settings_get_requires_auth" time="0.138" /><testcase classname="backend.tests.test_iter68_reduce_motion_and_scenic_destinations.TestSettingsAuth" name="test_settings_put_requires_auth" time="0.095" /><testcase classname="backend.tests.test_iter68_reduce_motion_and_scenic_destinations.TestReduceMotionPersistence" name="test_reduce_motion_true_roundtrip" time="0.551" /><testcase classname="backend.tests.test_iter68_reduce_motion_and_scenic_destinations.TestReduceMotionPersistence" name="test_reduce_motion_false_roundtrip" time="0.183" /><testcase classname="backend.tests.test_iter68_reduce_motion_and_scenic_destinations.TestReduceMotionPersistence" name="test_a11y_bundle_roundtrip" time="0.277" /><testcase classname="backend.tests.test_iter68_reduce_motion_and_scenic_destinations.TestReduceMotionPersistence" name="test_reduce_motion_does_not_clobber_other_fields" time="0.339" /><testcase classname="backend.tests.test_iter68_reduce_motion_and_scenic_destinations.TestReduceMotionPersistence" name="test_mongo_id_stripped" time="0.101" /><testcase classname="backend.tests.test_iter68_reduce_motion_and_scenic_destinations.TestScenicCatalogForDestinations" name="test_scenic_routes_requires_auth" time="0.096" /><testcase classname="backend.tests.test_iter68_reduce_motion_and_scenic_destinations.TestScenicCatalogForDestinations" name="test_scenic_catalog_has_22_plus_routes" time="0.095" /><testcase classname="backend.tests.test_iter68_reduce_motion_and_scenic_destinations.TestScenicCatalogForDestinations" name="test_scenic_route_shape" time="0.090" /><testcase classname="backend.tests.test_iter68_reduce_motion_and_scenic_destinations.TestScenicCatalogForDestinations" name="test_scenic_search_terms_have_matches" time="0.096" /><testcase classname="backend.tests.test_iter68_reduce_motion_and_scenic_destinations.TestScenicCatalogForDestinations" name="test_lake_garda_scenic_route_playable" time="0.095" /></testsuite></testsuites>