<?xml version="1.0" encoding="utf-8"?><testsuites name="pytest tests"><testsuite name="pytest" errors="0" failures="0" skipped="0" tests="5" time="0.996" timestamp="2026-08-10T10:39:18.052274+00:00" hostname="agent-env-3f1f45d1-fbcd-47a8-8433-853540166b23"><testcase classname="backend.tests.test_iter82_progress_ring_splits_freeze_milestone_note.TestMilestonesProgressRing" name="test_milestones_returns_prev_and_progress_fields" time="0.464" /><testcase classname="backend.tests.test_iter82_progress_ring_splits_freeze_milestone_note.TestClimbDetailSplits" name="test_splits_shape_and_fastest_per_split" time="0.133" /><testcase classname="backend.tests.test_iter82_progress_ring_splits_freeze_milestone_note.TestStreakNonNull" name="test_streak_returns_full_object_not_null" time="0.096" /><testcase classname="backend.tests.test_iter82_progress_ring_splits_freeze_milestone_note.TestStreakFreezeNothingToFreeze" name="test_demo_returns_nothing_to_freeze_not_500" time="0.094" /><testcase classname="backend.tests.test_iter82_progress_ring_splits_freeze_milestone_note.TestCoachMilestoneNoteNoMilestone" name="test_no_recent_milestone_returns_has_milestone_false" time="0.093" /></testsuite></testsuites>