<?xml version="1.0" encoding="utf-8"?><testsuites name="pytest tests"><testsuite name="pytest" errors="0" failures="0" skipped="0" tests="10" time="3.104" timestamp="2026-07-24T01:40:23.207137+00:00" hostname="agent-env-3f1f45d1-fbcd-47a8-8433-853540166b23"><testcase classname="backend.tests.test_plans_admin_fork.TestListing" name="test_list_plans_contains_both" time="0.171" /><testcase classname="backend.tests.test_plans_admin_fork.TestListing" name="test_get_couch_to_road_full" time="0.089" /><testcase classname="backend.tests.test_plans_admin_fork.TestListing" name="test_get_build_and_climb" time="0.051" /><testcase classname="backend.tests.test_plans_admin_fork.TestListing" name="test_get_nonexistent_returns_404" time="0.047" /><testcase classname="backend.tests.test_plans_admin_fork.TestEditPropagation" name="test_patch_day1_duration_reflects_and_restores" time="1.014" /><testcase classname="backend.tests.test_plans_admin_fork.TestAdapt" name="test_adapt_day_patch_and_history" time="0.878" /><testcase classname="backend.tests.test_plans_admin_fork.TestCRUDThrowaway" name="test_create_get_patch_delete_flow" time="0.522" /><testcase classname="backend.tests.test_plans_admin_fork.TestRegression" name="test_plan_endpoint_for_green_lantern" time="0.052" /><testcase classname="backend.tests.test_plans_admin_fork.TestRegression" name="test_calendar_week_7_days" time="0.045" /><testcase classname="backend.tests.test_plans_admin_fork.TestRegression" name="test_plan_goals_persist" time="0.157" /></testsuite></testsuites>