<?xml version="1.0" encoding="utf-8"?><testsuites name="pytest tests"><testsuite name="pytest" errors="0" failures="0" skipped="0" tests="4" time="2.683" timestamp="2026-08-04T15:15:57.763937+00:00" hostname="agent-env-3f1f45d1-fbcd-47a8-8433-853540166b23"><testcase classname="tests.test_billing.TestProducts" name="test_products_shape" time="0.818" /><testcase classname="tests.test_billing.TestConsumeRideGating" name="test_full_gating_flow" time="1.270" /><testcase classname="tests.test_billing.TestValidateRejects" name="test_bogus_receipt_rejected" time="0.331" /><testcase classname="tests.test_billing.TestAuthGuard" name="test_status_requires_auth" time="0.162" /></testsuite></testsuites>