<?xml version="1.0" encoding="utf-8"?><testsuites name="pytest tests"><testsuite name="pytest" errors="0" failures="0" skipped="0" tests="10" time="2.785" timestamp="2026-08-18T02:14:17.788876+00:00" hostname="agent-env-3f1f45d1-fbcd-47a8-8433-853540166b23"><testcase classname="backend.tests.test_iter91_feedback.TestFeedbackSubmit" name="test_no_auth_returns_401" time="0.199" /><testcase classname="backend.tests.test_iter91_feedback.TestFeedbackSubmit" name="test_rating_zero_returns_422" time="0.724" /><testcase classname="backend.tests.test_iter91_feedback.TestFeedbackSubmit" name="test_rating_seven_returns_422" time="0.116" /><testcase classname="backend.tests.test_iter91_feedback.TestFeedbackSubmit" name="test_valid_submission_returns_200" time="0.185" /><testcase classname="backend.tests.test_iter91_feedback.TestFeedbackScreenshot" name="test_no_auth_returns_401" time="0.185" /><testcase classname="backend.tests.test_iter91_feedback.TestFeedbackScreenshot" name="test_text_plain_returns_400" time="0.128" /><testcase classname="backend.tests.test_iter91_feedback.TestFeedbackScreenshot" name="test_png_upload_returns_200_and_path" time="0.356" /><testcase classname="backend.tests.test_iter91_feedback.TestFeedbackScreenshot" name="test_jpeg_upload_returns_200" time="0.321" /><testcase classname="backend.tests.test_iter91_feedback.TestAdminFeedbackList" name="test_rider_forbidden" time="0.196" /><testcase classname="backend.tests.test_iter91_feedback.TestAdminFeedbackList" name="test_admin_success_and_contains_entry" time="0.310" /></testsuite></testsuites>