<?xml version="1.0" encoding="utf-8"?><testsuites name="pytest tests"><testsuite name="pytest" errors="0" failures="0" skipped="0" tests="9" time="2.586" timestamp="2026-08-05T06:09:22.881345+00:00" hostname="agent-env-3f1f45d1-fbcd-47a8-8433-853540166b23"><testcase classname="backend.tests.test_iter78_analysis_forecast_digest_segment.TestPmcForecast" name="test_pmc_shape_default" time="0.709" /><testcase classname="backend.tests.test_iter78_analysis_forecast_digest_segment.TestPmcForecast" name="test_pmc_forecast_14_days_projected" time="0.138" /><testcase classname="backend.tests.test_iter78_analysis_forecast_digest_segment.TestPmcForecast" name="test_pmc_forecast_days_clamped" time="0.339" /><testcase classname="backend.tests.test_iter78_analysis_forecast_digest_segment.TestWeeklyDigest" name="test_digest_shape" time="0.167" /><testcase classname="backend.tests.test_iter78_analysis_forecast_digest_segment.TestWeeklyDigest" name="test_digest_greenlantern_no_activity_ok" time="0.475" /><testcase classname="backend.tests.test_iter78_analysis_forecast_digest_segment.TestSegmentCompareMatched" name="test_demo_col_de_test_matched" time="0.131" /><testcase classname="backend.tests.test_iter78_analysis_forecast_digest_segment.TestSegmentCompareMatched" name="test_segment_names_present" time="0.129" /><testcase classname="backend.tests.test_iter78_analysis_forecast_digest_segment.TestSegmentCompareNoMatch" name="test_greenlantern_no_gps_graceful" time="0.290" /><testcase classname="backend.tests.test_iter78_analysis_forecast_digest_segment.TestSegmentCompareNoMatch" name="test_segment_compare_unknown_ids_graceful" time="0.128" /></testsuite></testsuites>