<?xml version="1.0" encoding="utf-8"?><testsuites name="pytest tests"><testsuite name="pytest" errors="0" failures="0" skipped="0" tests="14" time="3.253" timestamp="2026-08-05T05:17:50.528715+00:00" hostname="agent-env-3f1f45d1-fbcd-47a8-8433-853540166b23"><testcase classname="backend.tests.test_iter77_native_health_sync.TestConnectionsListing" name="test_list_includes_native_providers" time="0.628" /><testcase classname="backend.tests.test_iter77_native_health_sync.TestConnectionsListing" name="test_list_regression_cloud_providers_present" time="0.134" /><testcase classname="backend.tests.test_iter77_native_health_sync.TestConnectionsListing" name="test_oauth_authorize_unaffected_for_cloud" time="0.134" /><testcase classname="backend.tests.test_iter77_native_health_sync.TestNativeLink" name="test_link_apple_health_first_call" time="0.142" /><testcase classname="backend.tests.test_iter77_native_health_sync.TestNativeLink" name="test_link_apple_health_idempotent" time="0.311" /><testcase classname="backend.tests.test_iter77_native_health_sync.TestNativeLink" name="test_link_unknown_native_provider_returns_404" time="0.131" /><testcase classname="backend.tests.test_iter77_native_health_sync.TestHealthConnectImport" name="test_link_health_connect" time="0.131" /><testcase classname="backend.tests.test_iter77_native_health_sync.TestHealthConnectImport" name="test_import_returns_imported_count" time="0.129" /><testcase classname="backend.tests.test_iter77_native_health_sync.TestHealthConnectImport" name="test_imported_ride_appears_in_connections_activities" time="0.169" /><testcase classname="backend.tests.test_iter77_native_health_sync.TestHealthConnectImport" name="test_imported_ride_visible_in_activities_history" time="0.128" /><testcase classname="backend.tests.test_iter77_native_health_sync.TestHealthConnectImport" name="test_pushed_endpoint_returns_ok" time="0.164" /><testcase classname="backend.tests.test_iter77_native_health_sync.TestHealthConnectImport" name="test_pushed_endpoint_updates_last_success" time="0.132" /><testcase classname="backend.tests.test_iter77_native_health_sync.TestNativeUnknownPaths" name="test_import_unknown_native_provider_404" time="0.130" /><testcase classname="backend.tests.test_iter77_native_health_sync.TestNativeUnknownPaths" name="test_pushed_unknown_native_provider_404" time="0.662" /></testsuite></testsuites>