<?xml version="1.0" encoding="utf-8"?><testsuites name="pytest tests"><testsuite name="pytest" errors="0" failures="0" skipped="0" tests="8" time="11.714" timestamp="2026-07-26T11:38:35.097805+00:00" hostname="agent-env-3f1f45d1-fbcd-47a8-8433-853540166b23"><testcase classname="backend.tests.test_iter44_settings_adaptation.TestRiderSettings" name="test_settings_get_is_dict" time="0.627" /><testcase classname="backend.tests.test_iter44_settings_adaptation.TestRiderSettings" name="test_settings_put_partial_merges" time="0.295" /><testcase classname="backend.tests.test_iter44_settings_adaptation.TestRiderSettings" name="test_settings_user_scoped_isolation" time="0.863" /><testcase classname="backend.tests.test_iter44_settings_adaptation.TestRiderSettings" name="test_settings_restore_flipped_booleans" time="0.129" /><testcase classname="backend.tests.test_iter44_settings_adaptation.TestCoachStylePrefs" name="test_pref_put_get_performance" time="0.244" /><testcase classname="backend.tests.test_iter44_settings_adaptation.TestCoachStylePrefs" name="test_pref_restore_balanced" time="0.094" /><testcase classname="backend.tests.test_iter44_settings_adaptation.TestAdaptationAutoRefresh" name="test_plan_exposes_adaptation_timestamp" time="9.286" /><testcase classname="backend.tests.test_iter44_settings_adaptation.TestAdaptationAutoRefresh" name="test_plan_may_include_detail_timestamp" time="0.117" /></testsuite></testsuites>