<?xml version="1.0" encoding="utf-8"?><testsuites name="pytest tests"><testsuite name="pytest" errors="0" failures="0" skipped="0" tests="22" time="7.394" timestamp="2026-07-27T03:28:30.244910+00:00" hostname="agent-env-3f1f45d1-fbcd-47a8-8433-853540166b23"><testcase classname="backend.tests.test_iter53_admin_console_paths" name="test_admin_me_shape" time="0.457" /><testcase classname="backend.tests.test_iter53_admin_console_paths" name="test_admin_me_no_token_is_401" time="0.110" /><testcase classname="backend.tests.test_iter53_admin_console_paths" name="test_admin_me_rider_token_is_403" time="0.423" /><testcase classname="backend.tests.test_iter53_admin_console_paths" name="test_admin_dashboard_shape" time="0.093" /><testcase classname="backend.tests.test_iter53_admin_console_paths" name="test_admin_dashboard_no_token_is_401" time="0.108" /><testcase classname="backend.tests.test_iter53_admin_console_paths" name="test_admin_dashboard_rider_token_is_403" time="0.095" /><testcase classname="backend.tests.test_iter53_admin_console_paths" name="test_admin_nav_badges" time="0.105" /><testcase classname="backend.tests.test_iter53_admin_console_paths" name="test_admin_analytics_growth_series" time="0.097" /><testcase classname="backend.tests.test_iter53_admin_console_paths" name="test_admin_riders_list" time="0.107" /><testcase classname="backend.tests.test_iter53_admin_console_paths" name="test_admin_riders_export_csv_route_not_shadowed" time="0.130" /><testcase classname="backend.tests.test_iter53_admin_console_paths" name="test_rider_lifecycle_full" time="2.968" /><testcase classname="backend.tests.test_iter53_admin_console_paths" name="test_admin_plans_items_have_status" time="0.107" /><testcase classname="backend.tests.test_iter53_admin_console_paths" name="test_plan_lifecycle_and_audit" time="0.531" /><testcase classname="backend.tests.test_iter53_admin_console_paths" name="test_admin_integrations_health" time="0.143" /><testcase classname="backend.tests.test_iter53_admin_console_paths" name="test_admin_integrations_without_health_omits_database" time="0.121" /><testcase classname="backend.tests.test_iter53_admin_console_paths" name="test_admin_catalog" time="0.096" /><testcase classname="backend.tests.test_iter53_admin_console_paths" name="test_config_benchmarks_alias_roundtrip" time="0.497" /><testcase classname="backend.tests.test_iter53_admin_console_paths" name="test_admin_coaches" time="0.098" /><testcase classname="backend.tests.test_iter53_admin_console_paths" name="test_regression_rider_endpoints" time="0.402" /><testcase classname="backend.tests.test_iter53_admin_console_paths" name="test_regression_existing_admin_endpoints" time="0.288" /><testcase classname="backend.tests.test_iter53_admin_console_paths" name="test_zz_restore_couch_to_road_published" time="0.112" /><testcase classname="backend.tests.test_iter53_admin_console_paths" name="test_zz_restore_benchmark_config" time="0.201" /></testsuite></testsuites>