<?xml version="1.0" encoding="utf-8"?><testsuites name="pytest tests"><testsuite name="pytest" errors="0" failures="0" skipped="0" tests="4" time="17.171" timestamp="2026-09-04T09:55:20.372128+00:00" hostname="agent-env-58795608-06e6-4590-83e6-248653031b9c"><testcase classname="backend.tests.test_iter98_swap_onplan" name="test_swap_easier_persists" time="13.748" /><testcase classname="backend.tests.test_iter98_swap_onplan" name="test_swap_recorded_in_adaptations" time="0.115" /><testcase classname="backend.tests.test_iter98_swap_onplan" name="test_swap_rejects_noncustom_plan_change" time="2.922" /><testcase classname="backend.tests.test_iter98_swap_onplan" name="test_restore_demo_plan" time="0.332" /></testsuite></testsuites>