<?xml version="1.0" encoding="utf-8"?><testsuites name="pytest tests"><testsuite name="pytest" errors="0" failures="0" skipped="0" tests="13" time="2.321" timestamp="2026-07-26T13:17:30.088473+00:00" hostname="agent-env-3f1f45d1-fbcd-47a8-8433-853540166b23"><testcase classname="backend.tests.test_benchmark.TestBenchmarkAuthGating" name="test_profile_requires_auth" time="0.286" /><testcase classname="backend.tests.test_benchmark.TestBenchmarkAuthGating" name="test_results_requires_auth" time="0.139" /><testcase classname="backend.tests.test_benchmark.TestBenchmarkAuthGating" name="test_sessions_post_requires_auth" time="0.123" /><testcase classname="backend.tests.test_benchmark.TestBenchmarkProfileAndResults" name="test_profile_returns_all_nine_keys" time="0.400" /><testcase classname="backend.tests.test_benchmark.TestBenchmarkProfileAndResults" name="test_results_returns_results_list" time="0.041" /><testcase classname="backend.tests.test_benchmark.TestBenchmarkSessions" name="test_create_session_returns_id_and_startedAt" time="0.049" /><testcase classname="backend.tests.test_benchmark.TestBenchmarkSessions" name="test_get_session_by_id" time="0.050" /><testcase classname="backend.tests.test_benchmark.TestBenchmarkSessions" name="test_patch_session_updates" time="0.096" /><testcase classname="backend.tests.test_benchmark.TestBenchmarkSessions" name="test_create_session_rejects_missing_testId" time="0.048" /><testcase classname="backend.tests.test_benchmark.TestBenchmarkSessions" name="test_get_unknown_session_404" time="0.049" /><testcase classname="backend.tests.test_benchmark.TestBenchmarkSessions" name="test_patch_unknown_session_404" time="0.046" /><testcase classname="backend.tests.test_benchmark.TestBenchmarkSessions" name="test_do_not_start_outcome_persists" time="0.041" /><testcase classname="backend.tests.test_benchmark.TestBenchmarkUserScoping" name="test_other_user_cannot_read_session" time="0.878" /></testsuite></testsuites>