<?xml version="1.0" encoding="utf-8"?><testsuites name="pytest tests"><testsuite name="pytest" errors="0" failures="0" skipped="0" tests="6" time="1.936" timestamp="2026-08-07T09:17:57.664917+00:00" hostname="agent-env-3f1f45d1-fbcd-47a8-8433-853540166b23"><testcase classname="backend.tests.test_iter81_climb_detail_milestones_taper_apply_streak.TestClimbDetailDemo" name="test_valid_id_returns_found_with_profile_and_attempts" time="0.551" /><testcase classname="backend.tests.test_iter81_climb_detail_milestones_taper_apply_streak.TestClimbDetailDemo" name="test_bogus_id_returns_found_false_not_500" time="0.094" /><testcase classname="backend.tests.test_iter81_climb_detail_milestones_taper_apply_streak.TestMilestonesDemo" name="test_milestones_shape" time="0.095" /><testcase classname="backend.tests.test_iter81_climb_detail_milestones_taper_apply_streak.TestTaperApplyDemoUnstructured" name="test_unstructured_plan_returns_applied_false" time="0.119" /><testcase classname="backend.tests.test_iter81_climb_detail_milestones_taper_apply_streak.TestTaperApplyGreenLanternStructured" name="test_first_call_applies_then_second_call_is_idempotent" time="0.868" /><testcase classname="backend.tests.test_iter81_climb_detail_milestones_taper_apply_streak.TestStreakEnrichment" name="test_streak_shape_has_new_fields" time="0.090" /></testsuite></testsuites>