<?xml version="1.0" encoding="utf-8"?><testsuites name="pytest tests"><testsuite name="pytest" errors="0" failures="0" skipped="0" tests="5" time="3.099" timestamp="2026-07-27T09:28:48.655498+00:00" hostname="agent-env-3f1f45d1-fbcd-47a8-8433-853540166b23"><testcase classname="backend.tests.test_iter59_avatar_and_account_delete.TestAvatarRoundTrip" name="test_put_profile_persists_avatar" time="0.774" /><testcase classname="backend.tests.test_iter59_avatar_and_account_delete.TestProfileFieldsRegression" name="test_put_profile_updates_fields" time="0.382" /><testcase classname="backend.tests.test_iter59_avatar_and_account_delete.TestDeleteAccountAuthGuard" name="test_delete_without_bearer_returns_401" time="0.095" /><testcase classname="backend.tests.test_iter59_avatar_and_account_delete.TestDeleteAccountAuthGuard" name="test_delete_with_invalid_bearer_returns_401" time="0.102" /><testcase classname="backend.tests.test_iter59_avatar_and_account_delete.TestDeleteAccountCascade" name="test_throwaway_register_delete_cascade" time="1.689" /></testsuite></testsuites>