<?xml version="1.0" encoding="utf-8"?><testsuites name="pytest tests"><testsuite name="pytest" errors="0" failures="0" skipped="0" tests="14" time="52.296" timestamp="2026-07-26T10:51:05.372843+00:00" hostname="agent-env-3f1f45d1-fbcd-47a8-8433-853540166b23"><testcase classname="backend.tests.test_iter43_phase2_training.TestPlanPhaseObjectives" name="test_plan_ok" time="0.594" /><testcase classname="backend.tests.test_iter43_phase2_training.TestPlanPhaseObjectives" name="test_four_phases_with_expected_names" time="0.093" /><testcase classname="backend.tests.test_iter43_phase2_training.TestPlanPhaseObjectives" name="test_every_phase_has_non_empty_objective" time="0.096" /><testcase classname="backend.tests.test_iter43_phase2_training.TestPlanPhaseObjectives" name="test_phase_1_active" time="0.099" /><testcase classname="backend.tests.test_iter43_phase2_training.TestAdaptationDetail" name="test_refresh_true_generates" time="12.445" /><testcase classname="backend.tests.test_iter43_phase2_training.TestAdaptationDetail" name="test_no_refresh_returns_cached_identical" time="0.128" /><testcase classname="backend.tests.test_iter43_phase2_training.TestAdaptationDetail" name="test_refresh_true_regenerates" time="11.763" /><testcase classname="backend.tests.test_iter43_phase2_training.TestAdaptationDetail" name="test_groundedness_mentions_plan_or_phase_or_goals" time="12.764" /><testcase classname="backend.tests.test_iter43_phase2_training.TestAdaptationDetail" name="test_coach_gender_omitted_ok" time="12.736" /><testcase classname="backend.tests.test_iter43_phase2_training.TestRiderAppearanceUserScoped" name="test_get_appearance_has_user_id" time="0.231" /><testcase classname="backend.tests.test_iter43_phase2_training.TestRiderAppearanceUserScoped" name="test_put_updates_field" time="0.095" /><testcase classname="backend.tests.test_iter43_phase2_training.TestRiderAppearanceUserScoped" name="test_get_reflects_update" time="0.105" /><testcase classname="backend.tests.test_iter43_phase2_training.TestRiderAppearanceUserScoped" name="test_user_scoped_isolation" time="0.881" /><testcase classname="backend.tests.test_iter43_phase2_training.TestRiderAppearanceUserScoped" name="test_zzz_restore_appearance" time="0.189" /></testsuite></testsuites>