<?xml version="1.0" encoding="utf-8"?><testsuites name="pytest tests"><testsuite name="pytest" errors="0" failures="0" skipped="0" tests="11" time="19.503" timestamp="2026-07-27T04:59:08.850274+00:00" hostname="agent-env-3f1f45d1-fbcd-47a8-8433-853540166b23"><testcase classname="backend.tests.test_iter55_customize_and_wellness_removal.TestRiderCustomizeWorkout" name="test_assign_edit_persists_only_for_rider" time="1.899" /><testcase classname="backend.tests.test_iter55_customize_and_wellness_removal.TestWellnessRouteRemoved" name="test_get_wellness_returns_404" time="0.102" /><testcase classname="backend.tests.test_iter55_customize_and_wellness_removal.TestCoachGuardrails" name="test_sleep_stress_request_declined_or_redirected" time="10.564" /><testcase classname="backend.tests.test_iter55_customize_and_wellness_removal.TestCoachGuardrails" name="test_recovery_reply_frames_as_training_decision" time="5.914" /><testcase classname="backend.tests.test_iter55_customize_and_wellness_removal.TestRegression" name="test_plan_couch_to_road_16w" time="0.131" /><testcase classname="backend.tests.test_iter55_customize_and_wellness_removal.TestRegression" name="test_calendar_week_still_has_readiness_and_fb50" time="0.125" /><testcase classname="backend.tests.test_iter55_customize_and_wellness_removal.TestRegression" name="test_progress_ok" time="0.099" /><testcase classname="backend.tests.test_iter55_customize_and_wellness_removal.TestRegression" name="test_rider_profile_ok" time="0.137" /><testcase classname="backend.tests.test_iter55_customize_and_wellness_removal.TestRegression" name="test_admin_metrics_ok" time="0.147" /><testcase classname="backend.tests.test_iter55_customize_and_wellness_removal.TestRegression" name="test_admin_integrations_ok" time="0.099" /><testcase classname="backend.tests.test_iter55_customize_and_wellness_removal.TestNoLeftover" name="test_greenlantern_reset_all_customized" time="0.106" /></testsuite></testsuites>