<?xml version="1.0" encoding="utf-8"?><testsuites name="pytest tests"><testsuite name="pytest" errors="0" failures="0" skipped="0" tests="9" time="5.505" timestamp="2026-07-27T03:48:42.138458+00:00" hostname="agent-env-3f1f45d1-fbcd-47a8-8433-853540166b23"><testcase classname="backend.tests.test_iter54_catalog_backend.TestRiderCatalogRead" name="test_get_catalog_list_has_all_items" time="0.593" /><testcase classname="backend.tests.test_iter54_catalog_backend.TestRiderCatalogRead" name="test_get_threshold_climb_defaults" time="0.105" /><testcase classname="backend.tests.test_iter54_catalog_backend.TestRiderCopyOnAssign" name="test_assign_edit_isolation_reset" time="1.204" /><testcase classname="backend.tests.test_iter54_catalog_backend.TestEditAllowlist" name="test_put_ignores_non_allowlisted_fields" time="0.234" /><testcase classname="backend.tests.test_iter54_catalog_backend.TestAdminCatalogCRUD" name="test_admin_catalog_crud_and_audit" time="0.985" /><testcase classname="backend.tests.test_iter54_catalog_backend.TestCoachOverridesAndGDPR" name="test_coach_assign_edit_list_reset_and_gdpr_cascade" time="1.967" /><testcase classname="backend.tests.test_iter54_catalog_backend.TestRegression" name="test_rider_plan_still_couch_to_road" time="0.123" /><testcase classname="backend.tests.test_iter54_catalog_backend.TestRegression" name="test_calendar_week_ok" time="0.108" /><testcase classname="backend.tests.test_iter54_catalog_backend.TestRegression" name="test_admin_dashboard_still_ok" time="0.101" /></testsuite></testsuites>