<?xml version="1.0" encoding="utf-8"?><testsuites name="pytest tests"><testsuite name="pytest" errors="0" failures="0" skipped="0" tests="9" time="4.675" timestamp="2026-07-28T06:54:14.543445+00:00" hostname="agent-env-3f1f45d1-fbcd-47a8-8433-853540166b23"><testcase classname="backend.tests.test_iter70_isolation_and_admin_interest.TestIsolation" name="test_rider_a_saves_favourite_and_interest" time="0.929" /><testcase classname="backend.tests.test_iter70_isolation_and_admin_interest.TestIsolation" name="test_rider_b_sees_empty_isolation" time="0.677" /><testcase classname="backend.tests.test_iter70_isolation_and_admin_interest.TestIsolation" name="test_rider_b_own_data_does_not_leak_back" time="0.366" /><testcase classname="backend.tests.test_iter70_isolation_and_admin_interest.TestIsolation" name="test_cleanup_rider_a_data" time="0.550" /><testcase classname="backend.tests.test_iter70_isolation_and_admin_interest.TestAdminInterest" name="test_anon_401" time="0.095" /><testcase classname="backend.tests.test_iter70_isolation_and_admin_interest.TestAdminInterest" name="test_rider_403" time="0.102" /><testcase classname="backend.tests.test_iter70_isolation_and_admin_interest.TestAdminInterest" name="test_admin_shape_and_sort" time="0.890" /><testcase classname="backend.tests.test_iter70_isolation_and_admin_interest.TestSingleRiderRoundTrip" name="test_favourites_roundtrip" time="0.367" /><testcase classname="backend.tests.test_iter70_isolation_and_admin_interest.TestSingleRiderRoundTrip" name="test_interest_roundtrip" time="0.635" /></testsuite></testsuites>