<?xml version="1.0" encoding="utf-8"?><testsuites name="pytest tests"><testsuite name="pytest" errors="0" failures="0" skipped="0" tests="12" time="18.624" timestamp="2026-07-27T08:39:02.598267+00:00" hostname="agent-env-3f1f45d1-fbcd-47a8-8433-853540166b23"><testcase classname="backend.tests.test_iter58_plan_scoping.TestGreenLanternPlan" name="test_plan_is_couch_to_road" time="0.635" /><testcase classname="backend.tests.test_iter58_plan_scoping.TestGreenLanternPlan" name="test_calendar_week_couch_to_road_structured" time="0.092" /><testcase classname="backend.tests.test_iter58_plan_scoping.TestGreenLanternPlan" name="test_plan_endpoints_grounded_couch_to_road" time="0.295" /><testcase classname="backend.tests.test_iter58_plan_scoping.TestGreenLanternPlan" name="test_coach_adaptation_alberto" time="4.652" /><testcase classname="backend.tests.test_iter58_plan_scoping.TestGreenLanternPlan" name="test_coach_adaptation_detail" time="11.300" /><testcase classname="backend.tests.test_iter58_plan_scoping.TestGreenLanternPlan" name="test_concurrent_plan_no_duplicate_key_fallback" time="0.313" /><testcase classname="backend.tests.test_iter58_plan_scoping.TestDemoAccount" name="test_plan_is_build_and_climb" time="0.419" /><testcase classname="backend.tests.test_iter58_plan_scoping.TestNoPlanRider" name="test_plan_is_no_plan" time="0.426" /><testcase classname="backend.tests.test_iter58_plan_scoping.TestNoPlanRider" name="test_calendar_week_free_open" time="0.102" /><testcase classname="backend.tests.test_iter58_plan_scoping.TestNoPlanRider" name="test_coach_adaptation_400_no_plan" time="0.111" /><testcase classname="backend.tests.test_iter58_plan_scoping.TestNoPlanRider" name="test_plan_adaptations_empty" time="0.097" /><testcase classname="backend.tests.test_iter58_plan_scoping.TestNoPlanRider" name="test_plan_progress_zeros" time="0.101" /></testsuite></testsuites>