<?xml version="1.0" encoding="utf-8"?><testsuites name="pytest tests"><testsuite name="pytest" errors="0" failures="0" skipped="0" tests="4" time="1.794" timestamp="2026-08-07T06:41:16.631714+00:00" hostname="agent-env-3f1f45d1-fbcd-47a8-8433-853540166b23"><testcase classname="backend.tests.test_iter80_climb_streak_taper.TestClimbLeaderboardPR" name="test_climb_leaderboard_has_pr_and_path" time="0.538" /><testcase classname="backend.tests.test_iter80_climb_streak_taper.TestStreak" name="test_streak_shape" time="0.442" /><testcase classname="backend.tests.test_iter80_climb_streak_taper.TestTaperNoteDemo" name="test_taper_note_returns_plan_and_caches" time="0.222" /><testcase classname="backend.tests.test_iter80_climb_streak_taper.TestTaperNoteNoEvent" name="test_no_event_branch" time="0.481" /></testsuite></testsuites>