<?xml version="1.0" encoding="utf-8"?><testsuites name="pytest tests"><testsuite name="pytest" errors="0" failures="0" skipped="0" tests="6" time="2.237" timestamp="2026-09-08T09:40:41.067343+00:00" hostname="agent-env-58795608-06e6-4590-83e6-248653031b9c"><testcase classname="backend.tests.test_iter111_calendar_week_and_custom_catalog.TestCalendarWeek" name="test_default_week_no_date" time="0.794" /><testcase classname="backend.tests.test_iter111_calendar_week_and_custom_catalog.TestCalendarWeek" name="test_date_inside_demo_plan_week_returns_plan_week" time="0.132" /><testcase classname="backend.tests.test_iter111_calendar_week_and_custom_catalog.TestCalendarWeek" name="test_date_outside_plan_returns_free_week_mon_start" time="0.141" /><testcase classname="backend.tests.test_iter111_calendar_week_and_custom_catalog.TestCalendarWeek" name="test_date_monday_of_target" time="0.199" /><testcase classname="backend.tests.test_iter111_calendar_week_and_custom_catalog.TestCustomCatalog" name="test_custom_workout_lifecycle" time="0.776" /><testcase classname="backend.tests.test_iter111_calendar_week_and_custom_catalog.TestCustomCatalog" name="test_create_custom_requires_name" time="0.144" /></testsuite></testsuites>