<?xml version="1.0" encoding="utf-8"?><testsuites name="pytest tests"><testsuite name="pytest" errors="0" failures="0" skipped="0" tests="43" time="16.691" timestamp="2026-07-28T01:09:03.408777+00:00" hostname="agent-env-3f1f45d1-fbcd-47a8-8433-853540166b23"><testcase classname="backend.tests.test_iter62_routes_refactor_and_live_notifs.TestConnectionsDomain" name="test_list_connections_shape" time="0.431" /><testcase classname="backend.tests.test_iter62_routes_refactor_and_live_notifs.TestConnectionsDomain" name="test_connections_requires_auth" time="0.096" /><testcase classname="backend.tests.test_iter62_routes_refactor_and_live_notifs.TestConnectionsDomain" name="test_sandbox_import_then_list_then_cleanup" time="0.278" /><testcase classname="backend.tests.test_iter62_routes_refactor_and_live_notifs.TestWorkoutsDomain" name="test_start_list_end_flow" time="0.208" /><testcase classname="backend.tests.test_iter62_routes_refactor_and_live_notifs.TestWorkoutsDomain" name="test_summarize_manual_and_history" time="0.092" /><testcase classname="backend.tests.test_iter62_routes_refactor_and_live_notifs.TestWorkoutsDomain" name="test_stats_energy_shape" time="0.051" /><testcase classname="backend.tests.test_iter62_routes_refactor_and_live_notifs.TestCoreRegression" name="test_profile" time="0.044" /><testcase classname="backend.tests.test_iter62_routes_refactor_and_live_notifs.TestCoreRegression" name="test_plan" time="0.073" /><testcase classname="backend.tests.test_iter62_routes_refactor_and_live_notifs.TestCoreRegression" name="test_plan_gate" time="2.985" /><testcase classname="backend.tests.test_iter62_routes_refactor_and_live_notifs.TestCoreRegression" name="test_benchmark_nudge" time="0.054" /><testcase classname="backend.tests.test_iter62_routes_refactor_and_live_notifs.TestCoreRegression" name="test_checkin_and_adaptations" time="0.094" /><testcase classname="backend.tests.test_iter62_routes_refactor_and_live_notifs.TestCoreRegression" name="test_rider_prs" time="0.043" /><testcase classname="backend.tests.test_iter60_benchmark_decision_and_checkin.TestF03BenchmarkDecisionEngine" name="test_beginner_returns_submaximal_not_required" time="0.000" /><testcase classname="backend.tests.test_iter60_benchmark_decision_and_checkin.TestF03BenchmarkDecisionEngine" name="test_no_ftp_required" time="0.000" /><testcase classname="backend.tests.test_iter60_benchmark_decision_and_checkin.TestF03BenchmarkDecisionEngine" name="test_illness_required" time="0.000" /><testcase classname="backend.tests.test_iter60_benchmark_decision_and_checkin.TestF03BenchmarkDecisionEngine" name="test_injury_required" time="0.000" /><testcase classname="backend.tests.test_iter60_benchmark_decision_and_checkin.TestF03BenchmarkDecisionEngine" name="test_returning_required" time="0.000" /><testcase classname="backend.tests.test_iter60_benchmark_decision_and_checkin.TestF03BenchmarkDecisionEngine" name="test_equipment_changed_required" time="0.000" /><testcase classname="backend.tests.test_iter60_benchmark_decision_and_checkin.TestF03BenchmarkDecisionEngine" name="test_unknown_days_required" time="0.000" /><testcase classname="backend.tests.test_iter60_benchmark_decision_and_checkin.TestF03BenchmarkDecisionEngine" name="test_stale_over_2x_retest_required" time="0.000" /><testcase classname="backend.tests.test_iter60_benchmark_decision_and_checkin.TestF03BenchmarkDecisionEngine" name="test_stale_over_retest_recommended" time="0.000" /><testcase classname="backend.tests.test_iter60_benchmark_decision_and_checkin.TestF03BenchmarkDecisionEngine" name="test_low_confidence_recommended" time="0.000" /><testcase classname="backend.tests.test_iter60_benchmark_decision_and_checkin.TestF03BenchmarkDecisionEngine" name="test_approved_default" time="0.000" /><testcase classname="backend.tests.test_iter60_benchmark_decision_and_checkin.TestF03BenchmarkDecisionEngine" name="test_determinism_same_input_same_output" time="0.000" /><testcase classname="backend.tests.test_iter60_benchmark_decision_and_checkin.TestF03BenchmarkDecisionEngine" name="test_precedence_beginner_wins_over_all" time="0.000" /><testcase classname="backend.tests.test_iter60_benchmark_decision_and_checkin.TestF02CheckinCanonicalFlags" name="test_clean_checkin_gate_not_required" time="2.042" /><testcase classname="backend.tests.test_iter60_benchmark_decision_and_checkin.TestF02CheckinCanonicalFlags" name="test_injury_flag_makes_gate_required" time="1.752" /><testcase classname="backend.tests.test_iter60_benchmark_decision_and_checkin.TestF02CheckinCanonicalFlags" name="test_returning_flag_makes_gate_required" time="1.358" /><testcase classname="backend.tests.test_iter60_benchmark_decision_and_checkin.TestF02CheckinCanonicalFlags" name="test_equipment_changed_flag_reason" time="1.693" /><testcase classname="backend.tests.test_iter60_benchmark_decision_and_checkin.TestF02CheckinCanonicalFlags" name="test_readiness_today_reflects_flags" time="0.123" /><testcase classname="backend.tests.test_iter60_benchmark_decision_and_checkin.TestSafetyRegression" name="test_symptoms_illness_triggers_safety_and_gate" time="1.721" /><testcase classname="backend.tests.test_iter60_benchmark_decision_and_checkin.TestSafetyRegression" name="test_other_critical_symptoms_trigger_safety[chest_pain]" time="0.079" /><testcase classname="backend.tests.test_iter60_benchmark_decision_and_checkin.TestSafetyRegression" name="test_other_critical_symptoms_trigger_safety[severe_dizziness]" time="0.067" /><testcase classname="backend.tests.test_iter60_benchmark_decision_and_checkin.TestSafetyRegression" name="test_other_critical_symptoms_trigger_safety[shortness_of_breath]" time="0.063" /><testcase classname="backend.tests.test_iter60_benchmark_decision_and_checkin.TestSafetyRegression" name="test_other_critical_symptoms_trigger_safety[new_pain]" time="0.061" /><testcase classname="backend.tests.test_iter60_benchmark_decision_and_checkin.TestReadinessRegression" name="test_clean_checkin_produces_sensible_score" time="0.062" /><testcase classname="backend.tests.test_iter60_benchmark_decision_and_checkin.TestReadinessRegression" name="test_readiness_today_reflects_latest" time="0.120" /><testcase classname="backend.tests.test_iter60_benchmark_decision_and_checkin" name="test_zz_reset_greenlantern_to_clean" time="0.142" /><testcase classname="backend.tests.test_iter59_avatar_and_account_delete.TestAvatarRoundTrip" name="test_put_profile_persists_avatar" time="0.807" /><testcase classname="backend.tests.test_iter59_avatar_and_account_delete.TestProfileFieldsRegression" name="test_put_profile_updates_fields" time="0.441" /><testcase classname="backend.tests.test_iter59_avatar_and_account_delete.TestDeleteAccountAuthGuard" name="test_delete_without_bearer_returns_401" time="0.092" /><testcase classname="backend.tests.test_iter59_avatar_and_account_delete.TestDeleteAccountAuthGuard" name="test_delete_with_invalid_bearer_returns_401" time="0.115" /><testcase classname="backend.tests.test_iter59_avatar_and_account_delete.TestDeleteAccountCascade" name="test_throwaway_register_delete_cascade" time="1.430" /></testsuite></testsuites>