<?xml version="1.0" encoding="utf-8"?><testsuites name="pytest tests"><testsuite name="pytest" errors="0" failures="0" skipped="0" tests="7" time="9.216" timestamp="2026-08-05T08:07:39.668894+00:00" hostname="agent-env-3f1f45d1-fbcd-47a8-8433-853540166b23"><testcase classname="backend.tests.test_iter79_climb_form_target_weekly_note.TestClimbLeaderboard" name="test_climb_leaderboard_has_col_de_test" time="0.725" /><testcase classname="backend.tests.test_iter79_climb_form_target_weekly_note.TestClimbLeaderboard" name="test_attempts_ranked_and_pr_gap" time="0.241" /><testcase classname="backend.tests.test_iter79_climb_form_target_weekly_note.TestEventAndFormTarget" name="test_put_event_then_get_reflects" time="0.344" /><testcase classname="backend.tests.test_iter79_climb_form_target_weekly_note.TestEventAndFormTarget" name="test_form_target_projects" time="0.363" /><testcase classname="backend.tests.test_iter79_climb_form_target_weekly_note.TestEventAndFormTarget" name="test_form_target_no_event_greenlantern" time="0.651" /><testcase classname="backend.tests.test_iter79_climb_form_target_weekly_note.TestCoachWeeklyNote" name="test_weekly_note_generates" time="6.358" /><testcase classname="backend.tests.test_iter79_climb_form_target_weekly_note.TestCoachWeeklyNote" name="test_weekly_note_cached_second_call" time="0.348" /></testsuite></testsuites>