<?xml version="1.0" encoding="utf-8"?><testsuites name="pytest tests"><testsuite name="pytest" errors="0" failures="0" skipped="0" tests="12" time="7.141" timestamp="2026-08-11T09:06:59.225775+00:00" hostname="agent-env-3f1f45d1-fbcd-47a8-8433-853540166b23"><testcase classname="backend.tests.test_iter84_email_prefs_digest_resend.TestEmailPrefs" name="test_get_default" time="0.612" /><testcase classname="backend.tests.test_iter84_email_prefs_digest_resend.TestEmailPrefs" name="test_put_true_then_reset_false" time="0.451" /><testcase classname="backend.tests.test_iter84_email_prefs_digest_resend.TestEmailDigest" name="test_email_digest_send" time="0.339" /><testcase classname="backend.tests.test_iter84_email_prefs_digest_resend.TestRegister" name="test_register_single_throwaway" time="0.622" /><testcase classname="backend.tests.test_iter84_email_prefs_digest_resend.TestAnalysisRegression" name="test_season_recap_current" time="0.107" /><testcase classname="backend.tests.test_iter84_email_prefs_digest_resend.TestAnalysisRegression" name="test_season_recap_prior_year" time="0.102" /><testcase classname="backend.tests.test_iter84_email_prefs_digest_resend.TestAnalysisRegression" name="test_milestone_wall" time="0.094" /><testcase classname="backend.tests.test_iter84_email_prefs_digest_resend.TestAnalysisRegression" name="test_weekly_digest" time="0.130" /><testcase classname="backend.tests.test_iter84_email_prefs_digest_resend.TestAnalysisRegression" name="test_streak" time="0.094" /><testcase classname="backend.tests.test_iter84_email_prefs_digest_resend.TestAnalysisRegression" name="test_milestones" time="0.095" /><testcase classname="backend.tests.test_iter84_email_prefs_digest_resend.TestCoachSpeak" name="test_coach_speak_alberto" time="4.187" /><testcase classname="backend.tests.test_iter84_email_prefs_digest_resend.TestCoachSpeak" name="test_coach_speak_unauth" time="0.122" /></testsuite></testsuites>