<?xml version="1.0" encoding="utf-8"?><testsuites name="pytest tests"><testsuite name="pytest" errors="0" failures="0" skipped="0" tests="12" time="4.045" timestamp="2026-07-28T04:41:24.834084+00:00" hostname="agent-env-3f1f45d1-fbcd-47a8-8433-853540166b23"><testcase classname="backend.tests.test_iter67_scenic_routes.TestScenicPublicFeed" name="test_list_requires_auth" time="0.247" /><testcase classname="backend.tests.test_iter67_scenic_routes.TestScenicPublicFeed" name="test_list_returns_lake_garda_and_seeds" time="0.478" /><testcase classname="backend.tests.test_iter67_scenic_routes.TestScenicPublicFeed" name="test_get_by_id_ok" time="0.098" /><testcase classname="backend.tests.test_iter67_scenic_routes.TestScenicPublicFeed" name="test_get_by_id_404" time="0.093" /><testcase classname="backend.tests.test_iter67_scenic_routes.TestScenicLast" name="test_last_after_summarize" time="0.233" /><testcase classname="backend.tests.test_iter67_scenic_routes.TestAdminAuthGating" name="test_admin_list_401_anon" time="0.095" /><testcase classname="backend.tests.test_iter67_scenic_routes.TestAdminAuthGating" name="test_admin_list_403_rider" time="0.096" /><testcase classname="backend.tests.test_iter67_scenic_routes.TestAdminCRUD" name="test_admin_list_ok" time="0.427" /><testcase classname="backend.tests.test_iter67_scenic_routes.TestAdminCRUD" name="test_create_with_url_and_auto_slug" time="0.538" /><testcase classname="backend.tests.test_iter67_scenic_routes.TestAdminCRUD" name="test_create_invalid_youtube_id_422" time="0.098" /><testcase classname="backend.tests.test_iter67_scenic_routes.TestAdminCRUD" name="test_create_duplicate_id_409" time="0.129" /><testcase classname="backend.tests.test_iter67_scenic_routes.TestAdminCRUD" name="test_put_and_publish_archive_and_delete" time="1.442" /></testsuite></testsuites>