<?xml version="1.0" encoding="utf-8"?><testsuites name="pytest tests"><testsuite name="pytest" errors="0" failures="0" skipped="0" tests="3" time="0.784" timestamp="2026-07-24T08:17:00.347437+00:00" hostname="agent-env-3f1f45d1-fbcd-47a8-8433-853540166b23"><testcase classname="backend.tests.test_ride_stronger.TestPlansCatalog" name="test_ride_stronger_is_twelve_weeks" time="0.540" /><testcase classname="backend.tests.test_ride_stronger.TestAssignRideStrongerPhase3" name="test_assign_and_fetch_three_phase_plan" time="0.093" /><testcase classname="backend.tests.test_ride_stronger.TestCouchToRoadRegression" name="test_reassign_and_fetch" time="0.089" /></testsuite></testsuites>