<?xml version="1.0" encoding="utf-8"?><testsuites name="pytest tests"><testsuite name="pytest" errors="0" failures="0" skipped="0" tests="11" time="1.338" timestamp="2026-08-11T12:50:44.052191+00:00" hostname="agent-env-3f1f45d1-fbcd-47a8-8433-853540166b23"><testcase classname="backend.tests.test_admin_service_token.TestServiceTokenGrantsAdmin" name="test_admin_me" time="0.150" /><testcase classname="backend.tests.test_admin_service_token.TestServiceTokenGrantsAdmin" name="test_admin_users" time="0.050" /><testcase classname="backend.tests.test_admin_service_token.TestServiceTokenGrantsAdmin" name="test_admin_dashboard" time="0.050" /><testcase classname="backend.tests.test_admin_service_token.TestServiceTokenGrantsAdmin" name="test_admin_metrics" time="0.047" /><testcase classname="backend.tests.test_admin_service_token.TestServiceTokenSecurity" name="test_wrong_token_returns_401" time="0.044" /><testcase classname="backend.tests.test_admin_service_token.TestServiceTokenSecurity" name="test_missing_auth_returns_401" time="0.141" /><testcase classname="backend.tests.test_admin_service_token.TestRiderBoundary" name="test_rider_token_forbidden_on_admin_me" time="0.316" /><testcase classname="backend.tests.test_admin_service_token.TestRiderBoundary" name="test_rider_token_forbidden_on_admin_users" time="0.057" /><testcase classname="backend.tests.test_admin_service_token.TestInteractiveAdminRegression" name="test_admin_login_token_hits_admin_me" time="0.319" /><testcase classname="backend.tests.test_admin_service_token.TestRiderRegression" name="test_auth_me_with_rider_token" time="0.048" /><testcase classname="backend.tests.test_admin_service_token.TestRiderRegression" name="test_analysis_streak_with_rider_token" time="0.051" /></testsuite></testsuites>