<?xml version="1.0" encoding="utf-8"?><testsuites name="pytest tests"><testsuite name="pytest" errors="0" failures="0" skipped="0" tests="4" time="16.220" timestamp="2026-09-04T08:27:53.796959+00:00" hostname="agent-env-58795608-06e6-4590-83e6-248653031b9c"><testcase classname="backend.tests.test_iter96_coach_create_plan.TestCreatePlanPreview" name="test_preview_shape" time="15.738" /><testcase classname="backend.tests.test_iter96_coach_create_plan.TestCreatePlanPreview" name="test_preview_weeks_structure" time="0.000" /><testcase classname="backend.tests.test_iter96_coach_create_plan.TestAcceptPlan" name="test_accept_persists_activates_and_refreshes" time="0.213" /><testcase classname="backend.tests.test_iter96_coach_create_plan.TestAcceptPlan" name="test_restore_demo_plan" time="0.203" /></testsuite></testsuites>