<?xml version="1.0" encoding="utf-8"?><testsuites name="pytest tests"><testsuite name="pytest" errors="0" failures="0" skipped="0" tests="8" time="1.428" timestamp="2026-07-26T03:35:41.805845+00:00" hostname="agent-env-3f1f45d1-fbcd-47a8-8433-853540166b23"><testcase classname="backend.tests.test_rider_appearance.TestAppearanceGet" name="test_get_returns_200_and_valid_shape" time="0.652" /><testcase classname="backend.tests.test_rider_appearance.TestAppearanceGet" name="test_defaults_when_reset" time="0.047" /><testcase classname="backend.tests.test_rider_appearance.TestAppearancePutFull" name="test_put_full_body_persists_and_get_matches" time="0.094" /><testcase classname="backend.tests.test_rider_appearance.TestAppearancePutPartial" name="test_partial_update_rider_only" time="0.160" /><testcase classname="backend.tests.test_rider_appearance.TestAppearancePutPartial" name="test_partial_update_bike_only" time="0.122" /><testcase classname="backend.tests.test_rider_appearance.TestAppearancePutPartial" name="test_partial_update_clothing_only" time="0.103" /><testcase classname="backend.tests.test_rider_appearance.TestAppearanceHygiene" name="test_no_underscore_id_in_get" time="0.048" /><testcase classname="backend.tests.test_rider_appearance.TestAppearanceHygiene" name="test_no_underscore_id_in_put" time="0.094" /></testsuite></testsuites>