<?xml version="1.0" encoding="utf-8"?><testsuites name="pytest tests"><testsuite name="pytest" errors="0" failures="0" skipped="0" tests="7" time="0.649" timestamp="2026-07-23T17:50:46.225772+00:00" hostname="agent-env-3f1f45d1-fbcd-47a8-8433-853540166b23"><testcase classname="backend.tests.test_iter20_checkin_level.TestCheckin" name="test_healthy_checkin_returns_score" time="0.143" /><testcase classname="backend.tests.test_iter20_checkin_level.TestCheckin" name="test_symptom_override" time="0.051" /><testcase classname="backend.tests.test_iter20_checkin_level.TestCheckin" name="test_readiness_today_after_healthy_checkin" time="0.097" /><testcase classname="backend.tests.test_iter20_checkin_level.TestCheckin" name="test_calendar_week_reflects_checkin" time="0.102" /><testcase classname="backend.tests.test_iter20_checkin_level.TestRiderLevel" name="test_returns_structure" time="0.093" /><testcase classname="backend.tests.test_iter20_checkin_level.TestRiderLevel" name="test_missed_or_stopped_triggers_concern" time="0.048" /><testcase classname="backend.tests.test_iter20_checkin_level" name="test_zzz_reset_to_healthy" time="0.051" /></testsuite></testsuites>