<?xml version="1.0" encoding="utf-8"?><testsuites name="pytest tests"><testsuite name="pytest" errors="0" failures="0" skipped="0" tests="9" time="1.964" timestamp="2026-08-11T11:43:34.162232+00:00" hostname="agent-env-3f1f45d1-fbcd-47a8-8433-853540166b23"><testcase classname="backend.tests.test_iter85_email_prefs_unsub_regression.TestEmailPrefsPartial" name="test_initial_get" time="0.616" /><testcase classname="backend.tests.test_iter85_email_prefs_unsub_regression.TestEmailPrefsPartial" name="test_put_weekday_only_partial" time="0.216" /><testcase classname="backend.tests.test_iter85_email_prefs_unsub_regression.TestEmailPrefsPartial" name="test_put_weekly_true_then_get" time="0.222" /><testcase classname="backend.tests.test_iter85_email_prefs_unsub_regression.TestEmailPrefsPartial" name="test_zzz_reset_pristine" time="0.221" /><testcase classname="backend.tests.test_iter85_email_prefs_unsub_regression.TestPublicUnsubscribe" name="test_bogus_token_returns_html_200_no_auth" time="0.109" /><testcase classname="backend.tests.test_iter85_email_prefs_unsub_regression.TestPublicUnsubscribe" name="test_missing_token_returns_html" time="0.096" /><testcase classname="backend.tests.test_iter85_email_prefs_unsub_regression.TestAnalysisRegression" name="test_season_recap" time="0.103" /><testcase classname="backend.tests.test_iter85_email_prefs_unsub_regression.TestAnalysisRegression" name="test_milestone_wall" time="0.095" /><testcase classname="backend.tests.test_iter85_email_prefs_unsub_regression.TestAnalysisRegression" name="test_weekly_digest" time="0.107" /></testsuite></testsuites>