<?xml version="1.0" encoding="utf-8"?><testsuites name="pytest tests"><testsuite name="pytest" errors="0" failures="0" skipped="0" tests="10" time="2.395" timestamp="2026-09-06T10:40:15.342216+00:00" hostname="agent-env-58795608-06e6-4590-83e6-248653031b9c"><testcase classname="tests.test_iter106_ride_photos.TestRidePhotos" name="test_1_summarize_returns_id" time="0.644" /><testcase classname="tests.test_iter106_ride_photos.TestRidePhotos" name="test_2_upload_photo_ok" time="0.289" /><testcase classname="tests.test_iter106_ride_photos.TestRidePhotos" name="test_3_list_photos" time="0.153" /><testcase classname="tests.test_iter106_ride_photos.TestRidePhotos" name="test_4a_get_photo_with_bearer" time="0.301" /><testcase classname="tests.test_iter106_ride_photos.TestRidePhotos" name="test_4b_get_photo_with_token_query" time="0.231" /><testcase classname="tests.test_iter106_ride_photos.TestRidePhotos" name="test_4c_get_photo_without_token_401" time="0.107" /><testcase classname="tests.test_iter106_ride_photos.TestRidePhotos" name="test_5_ownership_forbidden" time="0.127" /><testcase classname="tests.test_iter106_ride_photos.TestRidePhotos" name="test_6_delete_photo" time="0.244" /><testcase classname="tests.test_iter106_ride_photos.TestRidePhotoGuards" name="test_reject_non_image" time="0.113" /><testcase classname="tests.test_iter106_ride_photos.TestRidePhotoGuards" name="test_nonexistent_ride_404" time="0.124" /></testsuite></testsuites>