<?xml version="1.0" encoding="utf-8"?><testsuites name="pytest tests"><testsuite name="pytest" errors="0" failures="0" skipped="0" tests="5" time="1.323" timestamp="2026-09-11T11:05:40.516380+00:00" hostname="agent-env-58795608-06e6-4590-83e6-248653031b9c"><testcase classname="backend.tests.test_iter113_adaptation.TestAdaptationMetrics" name="test_summarize_computes_adaptation_metrics" time="0.870" /><testcase classname="backend.tests.test_iter113_adaptation.TestAdaptationMetrics" name="test_history_persists_adaptation_metrics" time="0.067" /><testcase classname="backend.tests.test_iter113_adaptation.TestAdaptationEndpoint" name="test_seed_two_more_rides_then_adaptation" time="0.192" /><testcase classname="backend.tests.test_iter113_adaptation.TestRegressionSummarize" name="test_manual_entry_returns_200" time="0.070" /><testcase classname="backend.tests.test_iter113_adaptation.TestRegressionSummarize" name="test_few_samples_returns_reference_with_id" time="0.061" /></testsuite></testsuites>