<?xml version="1.0" encoding="utf-8"?><testsuites name="pytest tests"><testsuite name="pytest" errors="0" failures="0" skipped="0" tests="14" time="6.348" timestamp="2026-07-24T04:46:49.307839+00:00" hostname="agent-env-3f1f45d1-fbcd-47a8-8433-853540166b23"><testcase classname="backend.tests.test_multiuser_auth.TestAuthFlow" name="test_register_success" time="0.462" /><testcase classname="backend.tests.test_multiuser_auth.TestAuthFlow" name="test_register_duplicate_returns_409" time="0.467" /><testcase classname="backend.tests.test_multiuser_auth.TestAuthFlow" name="test_register_short_password_returns_400" time="0.093" /><testcase classname="backend.tests.test_multiuser_auth.TestAuthFlow" name="test_login_success_and_wrong_password" time="0.984" /><testcase classname="backend.tests.test_multiuser_auth.TestAuthFlow" name="test_plan_requires_auth" time="0.125" /><testcase classname="backend.tests.test_multiuser_auth.TestAuthFlow" name="test_me_with_bearer_returns_user" time="0.461" /><testcase classname="backend.tests.test_multiuser_auth.TestAuthFlow" name="test_logout_invalidates_token" time="0.669" /><testcase classname="backend.tests.test_multiuser_auth.TestDemoMigration" name="test_demo_login_returns_token" time="0.000" /><testcase classname="backend.tests.test_multiuser_auth.TestDemoMigration" name="test_demo_plan_is_couch_to_road" time="0.091" /><testcase classname="backend.tests.test_multiuser_auth.TestOnboarding" name="test_beginner_recommends_couch_to_road" time="0.451" /><testcase classname="backend.tests.test_multiuser_auth.TestOnboarding" name="test_advanced_level" time="0.412" /><testcase classname="backend.tests.test_multiuser_auth.TestOnboarding" name="test_assign_none_plan_gives_free_riding" time="0.507" /><testcase classname="backend.tests.test_multiuser_auth.TestOnboarding" name="test_assign_build_and_climb" time="0.584" /><testcase classname="backend.tests.test_multiuser_auth.TestDataIsolation" name="test_userA_ride_not_visible_to_userB" time="0.934" /></testsuite></testsuites>