<?xml version="1.0" encoding="utf-8"?><testsuites name="pytest tests"><testsuite name="pytest" errors="0" failures="0" skipped="0" tests="45" time="17.590" timestamp="2026-07-28T00:34:24.555638+00:00" hostname="agent-env-3f1f45d1-fbcd-47a8-8433-853540166b23"><testcase classname="backend.tests.test_iter61_refactor_and_nudge.TestPublicReports" name="test_reports_list_no_auth" time="0.255" /><testcase classname="backend.tests.test_iter61_refactor_and_nudge.TestPublicReports" name="test_reports_download_no_auth[ux-audit]" time="0.103" /><testcase classname="backend.tests.test_iter61_refactor_and_nudge.TestPublicReports" name="test_reports_download_no_auth[architecture-security]" time="0.098" /><testcase classname="backend.tests.test_iter61_refactor_and_nudge.TestWeather" name="test_weather_with_auth" time="1.461" /><testcase classname="backend.tests.test_iter61_refactor_and_nudge.TestStatusRoundTrip" name="test_root_requires_auth" time="0.098" /><testcase classname="backend.tests.test_iter61_refactor_and_nudge.TestStatusRoundTrip" name="test_root_with_auth" time="0.042" /><testcase classname="backend.tests.test_iter61_refactor_and_nudge.TestStatusRoundTrip" name="test_post_and_get_status" time="0.094" /><testcase classname="backend.tests.test_iter61_refactor_and_nudge.TestCoreFlows" name="test_rider_profile" time="0.043" /><testcase classname="backend.tests.test_iter61_refactor_and_nudge.TestCoreFlows" name="test_plan" time="0.046" /><testcase classname="backend.tests.test_iter61_refactor_and_nudge.TestCoreFlows" name="test_plan_gate" time="3.137" /><testcase classname="backend.tests.test_iter61_refactor_and_nudge.TestCoreFlows" name="test_checkin_and_readiness" time="0.089" /><testcase classname="backend.tests.test_iter61_refactor_and_nudge.TestBenchmarkNudge" name="test_beginner_default_not_required" time="0.131" /><testcase classname="backend.tests.test_iter61_refactor_and_nudge.TestBenchmarkNudge" name="test_intermediate_plus_injury_required" time="0.169" /><testcase classname="backend.tests.test_iter61_refactor_and_nudge" name="test_zz_restore_greenlantern" time="0.171" /><testcase classname="backend.tests.test_iter60_benchmark_decision_and_checkin.TestF03BenchmarkDecisionEngine" name="test_beginner_returns_submaximal_not_required" time="0.000" /><testcase classname="backend.tests.test_iter60_benchmark_decision_and_checkin.TestF03BenchmarkDecisionEngine" name="test_no_ftp_required" time="0.000" /><testcase classname="backend.tests.test_iter60_benchmark_decision_and_checkin.TestF03BenchmarkDecisionEngine" name="test_illness_required" time="0.000" /><testcase classname="backend.tests.test_iter60_benchmark_decision_and_checkin.TestF03BenchmarkDecisionEngine" name="test_injury_required" time="0.000" /><testcase classname="backend.tests.test_iter60_benchmark_decision_and_checkin.TestF03BenchmarkDecisionEngine" name="test_returning_required" time="0.000" /><testcase classname="backend.tests.test_iter60_benchmark_decision_and_checkin.TestF03BenchmarkDecisionEngine" name="test_equipment_changed_required" time="0.000" /><testcase classname="backend.tests.test_iter60_benchmark_decision_and_checkin.TestF03BenchmarkDecisionEngine" name="test_unknown_days_required" time="0.000" /><testcase classname="backend.tests.test_iter60_benchmark_decision_and_checkin.TestF03BenchmarkDecisionEngine" name="test_stale_over_2x_retest_required" time="0.000" /><testcase classname="backend.tests.test_iter60_benchmark_decision_and_checkin.TestF03BenchmarkDecisionEngine" name="test_stale_over_retest_recommended" time="0.000" /><testcase classname="backend.tests.test_iter60_benchmark_decision_and_checkin.TestF03BenchmarkDecisionEngine" name="test_low_confidence_recommended" time="0.000" /><testcase classname="backend.tests.test_iter60_benchmark_decision_and_checkin.TestF03BenchmarkDecisionEngine" name="test_approved_default" time="0.000" /><testcase classname="backend.tests.test_iter60_benchmark_decision_and_checkin.TestF03BenchmarkDecisionEngine" name="test_determinism_same_input_same_output" time="0.000" /><testcase classname="backend.tests.test_iter60_benchmark_decision_and_checkin.TestF03BenchmarkDecisionEngine" name="test_precedence_beginner_wins_over_all" time="0.000" /><testcase classname="backend.tests.test_iter60_benchmark_decision_and_checkin.TestF02CheckinCanonicalFlags" name="test_clean_checkin_gate_not_required" time="2.295" /><testcase classname="backend.tests.test_iter60_benchmark_decision_and_checkin.TestF02CheckinCanonicalFlags" name="test_injury_flag_makes_gate_required" time="1.524" /><testcase classname="backend.tests.test_iter60_benchmark_decision_and_checkin.TestF02CheckinCanonicalFlags" name="test_returning_flag_makes_gate_required" time="1.441" /><testcase classname="backend.tests.test_iter60_benchmark_decision_and_checkin.TestF02CheckinCanonicalFlags" name="test_equipment_changed_flag_reason" time="1.526" /><testcase classname="backend.tests.test_iter60_benchmark_decision_and_checkin.TestF02CheckinCanonicalFlags" name="test_readiness_today_reflects_flags" time="0.092" /><testcase classname="backend.tests.test_iter60_benchmark_decision_and_checkin.TestSafetyRegression" name="test_symptoms_illness_triggers_safety_and_gate" time="1.477" /><testcase classname="backend.tests.test_iter60_benchmark_decision_and_checkin.TestSafetyRegression" name="test_other_critical_symptoms_trigger_safety[chest_pain]" time="0.048" /><testcase classname="backend.tests.test_iter60_benchmark_decision_and_checkin.TestSafetyRegression" name="test_other_critical_symptoms_trigger_safety[severe_dizziness]" time="0.044" /><testcase classname="backend.tests.test_iter60_benchmark_decision_and_checkin.TestSafetyRegression" name="test_other_critical_symptoms_trigger_safety[shortness_of_breath]" time="0.054" /><testcase classname="backend.tests.test_iter60_benchmark_decision_and_checkin.TestSafetyRegression" name="test_other_critical_symptoms_trigger_safety[new_pain]" time="0.048" /><testcase classname="backend.tests.test_iter60_benchmark_decision_and_checkin.TestReadinessRegression" name="test_clean_checkin_produces_sensible_score" time="0.045" /><testcase classname="backend.tests.test_iter60_benchmark_decision_and_checkin.TestReadinessRegression" name="test_readiness_today_reflects_latest" time="0.091" /><testcase classname="backend.tests.test_iter60_benchmark_decision_and_checkin" name="test_zz_reset_greenlantern_to_clean" time="0.095" /><testcase classname="backend.tests.test_iter59_avatar_and_account_delete.TestAvatarRoundTrip" name="test_put_profile_persists_avatar" time="0.715" /><testcase classname="backend.tests.test_iter59_avatar_and_account_delete.TestProfileFieldsRegression" name="test_put_profile_updates_fields" time="0.452" /><testcase classname="backend.tests.test_iter59_avatar_and_account_delete.TestDeleteAccountAuthGuard" name="test_delete_without_bearer_returns_401" time="0.103" /><testcase classname="backend.tests.test_iter59_avatar_and_account_delete.TestDeleteAccountAuthGuard" name="test_delete_with_invalid_bearer_returns_401" time="0.093" /><testcase classname="backend.tests.test_iter59_avatar_and_account_delete.TestDeleteAccountCascade" name="test_throwaway_register_delete_cascade" time="1.410" /></testsuite></testsuites>