<?xml version="1.0" encoding="utf-8"?><testsuites name="pytest tests"><testsuite name="pytest" errors="0" failures="0" skipped="0" tests="57" time="21.565" timestamp="2026-07-28T01:33:07.750586+00:00" hostname="agent-env-3f1f45d1-fbcd-47a8-8433-853540166b23"><testcase classname="backend.tests.test_iter63_catalog_system_notifs.TestCatalog" name="test_catalog_requires_auth" time="0.131" /><testcase classname="backend.tests.test_iter63_catalog_system_notifs.TestCatalog" name="test_get_catalog_returns_items" time="0.526" /><testcase classname="backend.tests.test_iter63_catalog_system_notifs.TestCatalog" name="test_get_catalog_item_ok" time="0.158" /><testcase classname="backend.tests.test_iter63_catalog_system_notifs.TestCatalog" name="test_get_catalog_item_404" time="0.055" /><testcase classname="backend.tests.test_iter63_catalog_system_notifs.TestCatalog" name="test_assign_edit_reset_flow" time="0.351" /><testcase classname="backend.tests.test_iter63_catalog_system_notifs.TestCatalog" name="test_assign_unknown_id_404" time="0.058" /><testcase classname="backend.tests.test_iter63_catalog_system_notifs.TestSystemStatic" name="test_routes_requires_auth" time="0.090" /><testcase classname="backend.tests.test_iter63_catalog_system_notifs.TestSystemStatic" name="test_routes_shape" time="0.057" /><testcase classname="backend.tests.test_iter63_catalog_system_notifs.TestSystemStatic" name="test_community_requires_auth" time="0.118" /><testcase classname="backend.tests.test_iter63_catalog_system_notifs.TestSystemStatic" name="test_community_shape" time="0.054" /><testcase classname="backend.tests.test_iter63_catalog_system_notifs.TestNotificationsReadState" name="test_requires_auth" time="0.098" /><testcase classname="backend.tests.test_iter63_catalog_system_notifs.TestNotificationsReadState" name="test_read_idempotent_via_addToSet" time="0.350" /><testcase classname="backend.tests.test_iter63_catalog_system_notifs.TestNotificationsReadState" name="test_read_all_sets_allReadAt" time="0.378" /><testcase classname="backend.tests.test_iter63_catalog_system_notifs" name="test_zzz_reset_read_state_for_demo" time="0.110" /><testcase classname="backend.tests.test_iter59_avatar_and_account_delete.TestAvatarRoundTrip" name="test_put_profile_persists_avatar" time="0.714" /><testcase classname="backend.tests.test_iter59_avatar_and_account_delete.TestProfileFieldsRegression" name="test_put_profile_updates_fields" time="0.430" /><testcase classname="backend.tests.test_iter59_avatar_and_account_delete.TestDeleteAccountAuthGuard" name="test_delete_without_bearer_returns_401" time="0.097" /><testcase classname="backend.tests.test_iter59_avatar_and_account_delete.TestDeleteAccountAuthGuard" name="test_delete_with_invalid_bearer_returns_401" time="0.116" /><testcase classname="backend.tests.test_iter59_avatar_and_account_delete.TestDeleteAccountCascade" name="test_throwaway_register_delete_cascade" time="1.485" /><testcase classname="backend.tests.test_iter60_benchmark_decision_and_checkin.TestF03BenchmarkDecisionEngine" name="test_beginner_returns_submaximal_not_required" time="0.000" /><testcase classname="backend.tests.test_iter60_benchmark_decision_and_checkin.TestF03BenchmarkDecisionEngine" name="test_no_ftp_required" time="0.000" /><testcase classname="backend.tests.test_iter60_benchmark_decision_and_checkin.TestF03BenchmarkDecisionEngine" name="test_illness_required" time="0.000" /><testcase classname="backend.tests.test_iter60_benchmark_decision_and_checkin.TestF03BenchmarkDecisionEngine" name="test_injury_required" time="0.000" /><testcase classname="backend.tests.test_iter60_benchmark_decision_and_checkin.TestF03BenchmarkDecisionEngine" name="test_returning_required" time="0.000" /><testcase classname="backend.tests.test_iter60_benchmark_decision_and_checkin.TestF03BenchmarkDecisionEngine" name="test_equipment_changed_required" time="0.000" /><testcase classname="backend.tests.test_iter60_benchmark_decision_and_checkin.TestF03BenchmarkDecisionEngine" name="test_unknown_days_required" time="0.000" /><testcase classname="backend.tests.test_iter60_benchmark_decision_and_checkin.TestF03BenchmarkDecisionEngine" name="test_stale_over_2x_retest_required" time="0.000" /><testcase classname="backend.tests.test_iter60_benchmark_decision_and_checkin.TestF03BenchmarkDecisionEngine" name="test_stale_over_retest_recommended" time="0.000" /><testcase classname="backend.tests.test_iter60_benchmark_decision_and_checkin.TestF03BenchmarkDecisionEngine" name="test_low_confidence_recommended" time="0.000" /><testcase classname="backend.tests.test_iter60_benchmark_decision_and_checkin.TestF03BenchmarkDecisionEngine" name="test_approved_default" time="0.000" /><testcase classname="backend.tests.test_iter60_benchmark_decision_and_checkin.TestF03BenchmarkDecisionEngine" name="test_determinism_same_input_same_output" time="0.000" /><testcase classname="backend.tests.test_iter60_benchmark_decision_and_checkin.TestF03BenchmarkDecisionEngine" name="test_precedence_beginner_wins_over_all" time="0.000" /><testcase classname="backend.tests.test_iter60_benchmark_decision_and_checkin.TestF02CheckinCanonicalFlags" name="test_clean_checkin_gate_not_required" time="6.264" /><testcase classname="backend.tests.test_iter60_benchmark_decision_and_checkin.TestF02CheckinCanonicalFlags" name="test_injury_flag_makes_gate_required" time="1.575" /><testcase classname="backend.tests.test_iter60_benchmark_decision_and_checkin.TestF02CheckinCanonicalFlags" name="test_returning_flag_makes_gate_required" time="1.462" /><testcase classname="backend.tests.test_iter60_benchmark_decision_and_checkin.TestF02CheckinCanonicalFlags" name="test_equipment_changed_flag_reason" time="1.690" /><testcase classname="backend.tests.test_iter60_benchmark_decision_and_checkin.TestF02CheckinCanonicalFlags" name="test_readiness_today_reflects_flags" time="0.088" /><testcase classname="backend.tests.test_iter60_benchmark_decision_and_checkin.TestSafetyRegression" name="test_symptoms_illness_triggers_safety_and_gate" time="1.447" /><testcase classname="backend.tests.test_iter60_benchmark_decision_and_checkin.TestSafetyRegression" name="test_other_critical_symptoms_trigger_safety[chest_pain]" time="0.048" /><testcase classname="backend.tests.test_iter60_benchmark_decision_and_checkin.TestSafetyRegression" name="test_other_critical_symptoms_trigger_safety[severe_dizziness]" time="0.050" /><testcase classname="backend.tests.test_iter60_benchmark_decision_and_checkin.TestSafetyRegression" name="test_other_critical_symptoms_trigger_safety[shortness_of_breath]" time="0.060" /><testcase classname="backend.tests.test_iter60_benchmark_decision_and_checkin.TestSafetyRegression" name="test_other_critical_symptoms_trigger_safety[new_pain]" time="0.044" /><testcase classname="backend.tests.test_iter60_benchmark_decision_and_checkin.TestReadinessRegression" name="test_clean_checkin_produces_sensible_score" time="0.054" /><testcase classname="backend.tests.test_iter60_benchmark_decision_and_checkin.TestReadinessRegression" name="test_readiness_today_reflects_latest" time="0.092" /><testcase classname="backend.tests.test_iter60_benchmark_decision_and_checkin" name="test_zz_reset_greenlantern_to_clean" time="0.089" /><testcase classname="backend.tests.test_iter62_routes_refactor_and_live_notifs.TestConnectionsDomain" name="test_list_connections_shape" time="0.451" /><testcase classname="backend.tests.test_iter62_routes_refactor_and_live_notifs.TestConnectionsDomain" name="test_connections_requires_auth" time="0.124" /><testcase classname="backend.tests.test_iter62_routes_refactor_and_live_notifs.TestConnectionsDomain" name="test_sandbox_import_then_list_then_cleanup" time="0.306" /><testcase classname="backend.tests.test_iter62_routes_refactor_and_live_notifs.TestWorkoutsDomain" name="test_start_list_end_flow" time="0.208" /><testcase classname="backend.tests.test_iter62_routes_refactor_and_live_notifs.TestWorkoutsDomain" name="test_summarize_manual_and_history" time="0.106" /><testcase classname="backend.tests.test_iter62_routes_refactor_and_live_notifs.TestWorkoutsDomain" name="test_stats_energy_shape" time="0.052" /><testcase classname="backend.tests.test_iter62_routes_refactor_and_live_notifs.TestCoreRegression" name="test_profile" time="0.058" /><testcase classname="backend.tests.test_iter62_routes_refactor_and_live_notifs.TestCoreRegression" name="test_plan" time="0.058" /><testcase classname="backend.tests.test_iter62_routes_refactor_and_live_notifs.TestCoreRegression" name="test_plan_gate" time="1.532" /><testcase classname="backend.tests.test_iter62_routes_refactor_and_live_notifs.TestCoreRegression" name="test_benchmark_nudge" time="0.069" /><testcase classname="backend.tests.test_iter62_routes_refactor_and_live_notifs.TestCoreRegression" name="test_checkin_and_adaptations" time="0.096" /><testcase classname="backend.tests.test_iter62_routes_refactor_and_live_notifs.TestCoreRegression" name="test_rider_prs" time="0.049" /></testsuite></testsuites>