<?xml version="1.0" encoding="utf-8"?><testsuites name="pytest tests"><testsuite name="pytest" errors="0" failures="0" skipped="2" tests="8" time="1.496" timestamp="2026-09-12T05:57:16.359037+00:00" hostname="agent-env-58795608-06e6-4590-83e6-248653031b9c"><testcase classname="backend.tests.test_iter121_missed_structured_plan.TestRiderMissedBasic" name="test_missed_returns_200_and_valid_shape" time="0.498" /><testcase classname="backend.tests.test_iter121_missed_structured_plan.TestRiderMissedBasic" name="test_missed_items_shape" time="0.066" /><testcase classname="backend.tests.test_iter121_missed_structured_plan.TestStructuredMissedResolve" name="test_skip_structured_entry_removes_from_missed" time="0.067"><skipped type="pytest.skip" message="No naturally-occurring past-due structured-plan missed entry found with current seed data — verified GET /api/rider/missed still returns 200 valid JSON (see TestRiderMissedBasic).">/app/backend/tests/test_iter121_missed_structured_plan.py:89: No naturally-occurring past-due structured-plan missed entry found with current seed data — verified GET /api/rider/missed still returns 200 valid JSON (see TestRiderMissedBasic).</skipped></testcase><testcase classname="backend.tests.test_iter121_missed_structured_plan.TestStructuredMissedResolve" name="test_reschedule_structured_entry_appears_in_calendar" time="0.065"><skipped type="pytest.skip" message="No naturally-occurring past-due structured-plan missed entry found with current seed data.">/app/backend/tests/test_iter121_missed_structured_plan.py:106: No naturally-occurring past-due structured-plan missed entry found with current seed data.</skipped></testcase><testcase classname="backend.tests.test_iter121_missed_structured_plan.TestStructuredMissedResolve" name="test_invalid_entry_id_format" time="0.066" /><testcase classname="backend.tests.test_iter121_missed_structured_plan.TestStructuredMissedResolve" name="test_invalid_action" time="0.064" /><testcase classname="backend.tests.test_iter121_missed_structured_plan.TestAdhocMissedRegression" name="test_adhoc_missed_skip_flow" time="0.337" /><testcase classname="backend.tests.test_iter121_missed_structured_plan.TestAdhocMissedRegression" name="test_adhoc_missed_reschedule_flow" time="0.264" /></testsuite></testsuites>