<?xml version="1.0" encoding="utf-8"?><testsuites name="pytest tests"><testsuite name="pytest" errors="0" failures="0" skipped="0" tests="16" time="3.992" timestamp="2026-07-25T03:26:52.562917+00:00" hostname="agent-env-3f1f45d1-fbcd-47a8-8433-853540166b23"><testcase classname="tests.test_auth_verify_reset.TestRegisterAndMe" name="test_register_returns_token_and_unverified_user" time="0.584" /><testcase classname="tests.test_auth_verify_reset.TestRegisterAndMe" name="test_me_reports_email_verified_false_for_new_user" time="0.047" /><testcase classname="tests.test_auth_verify_reset.TestRegisterAndMe" name="test_me_reports_email_verified_true_for_demo" time="0.310" /><testcase classname="tests.test_auth_verify_reset.TestRegisterAndMe" name="test_register_writes_verify_token_to_db" time="0.002" /><testcase classname="tests.test_auth_verify_reset.TestVerifyEmail" name="test_verify_email_bad_token_returns_html_error" time="0.103" /><testcase classname="tests.test_auth_verify_reset.TestVerifyEmail" name="test_verify_email_missing_token_returns_html_error" time="0.137" /><testcase classname="tests.test_auth_verify_reset.TestVerifyEmail" name="test_verify_email_valid_token_sets_email_verified" time="0.101" /><testcase classname="tests.test_auth_verify_reset.TestResendVerification" name="test_resend_requires_auth" time="0.043" /><testcase classname="tests.test_auth_verify_reset.TestResendVerification" name="test_resend_for_already_verified_returns_ok" time="0.320" /><testcase classname="tests.test_auth_verify_reset.TestResendVerification" name="test_resend_for_unverified_502_is_expected_in_preview" time="0.526" /><testcase classname="tests.test_auth_verify_reset.TestForgotAndReset" name="test_forgot_password_unknown_email_returns_ok" time="0.043" /><testcase classname="tests.test_auth_verify_reset.TestForgotAndReset" name="test_forgot_password_existing_writes_reset_token" time="0.641" /><testcase classname="tests.test_auth_verify_reset.TestForgotAndReset" name="test_reset_password_page_returns_html_form" time="0.097" /><testcase classname="tests.test_auth_verify_reset.TestForgotAndReset" name="test_reset_rejects_short_password" time="0.050" /><testcase classname="tests.test_auth_verify_reset.TestForgotAndReset" name="test_reset_rejects_invalid_token" time="0.045" /><testcase classname="tests.test_auth_verify_reset.TestForgotAndReset" name="test_reset_password_success_and_login_with_new_password" time="0.803" /></testsuite></testsuites>