<?xml version="1.0" encoding="utf-8"?><testsuites name="pytest tests"><testsuite name="pytest" errors="0" failures="0" skipped="0" tests="6" time="7.605" timestamp="2026-09-12T04:27:40.987255+00:00" hostname="agent-env-58795608-06e6-4590-83e6-248653031b9c"><testcase classname="backend.tests.test_iter112_struggle_and_debrief.TestCoachCueStruggle" name="test_struggle_cue_returns_200" time="2.247" /><testcase classname="backend.tests.test_iter112_struggle_and_debrief.TestCoachCueStruggle" name="test_safety_cue_returns_200_calm" time="0.837" /><testcase classname="backend.tests.test_iter112_struggle_and_debrief.TestCoachCueStruggle" name="test_live_cue_regression" time="0.925" /><testcase classname="backend.tests.test_iter112_struggle_and_debrief.TestCoachDebriefStruggles" name="test_debrief_with_struggles_200" time="1.219" /><testcase classname="backend.tests.test_iter118_systemic_fatigue.TestSystemicFatigueCue" name="test_systemic_fatigue_cue_returns_200_hydration_cue" time="1.268" /><testcase classname="backend.tests.test_iter118_systemic_fatigue.TestSystemicFatigueCue" name="test_power_fade_without_systemic_fatigue_still_generic_struggle_cue" time="1.042" /></testsuite></testsuites>