<?xml version="1.0" encoding="utf-8"?><testsuites name="pytest tests"><testsuite name="pytest" errors="0" failures="0" skipped="0" tests="6" time="0.877" timestamp="2026-09-06T09:47:14.958462+00:00" hostname="agent-env-58795608-06e6-4590-83e6-248653031b9c"><testcase classname="backend.tests.test_iter104_strava_and_health_rename.TestConnectionsProviders" name="test_connections_ok" time="0.498" /><testcase classname="backend.tests.test_iter104_strava_and_health_rename.TestConnectionsProviders" name="test_no_google_fit" time="0.062" /><testcase classname="backend.tests.test_iter104_strava_and_health_rename.TestConnectionsProviders" name="test_apple_health_present" time="0.066" /><testcase classname="backend.tests.test_iter104_strava_and_health_rename.TestConnectionsProviders" name="test_health_connect_renamed" time="0.061" /><testcase classname="backend.tests.test_iter104_strava_and_health_rename.TestConnectionsProviders" name="test_strava_registered_not_configured" time="0.066" /><testcase classname="backend.tests.test_iter104_strava_and_health_rename.TestStravaAuthorize" name="test_authorize_setup_required" time="0.065" /></testsuite></testsuites>