<?xml version="1.0" encoding="utf-8"?><testsuites name="pytest tests"><testsuite name="pytest" errors="0" failures="0" skipped="0" tests="3" time="11.539" timestamp="2026-07-24T01:22:48.726374+00:00" hostname="agent-env-3f1f45d1-fbcd-47a8-8433-853540166b23"><testcase classname="backend.tests.test_iter23_seated_and_sensor.TestCoachCueSeated" name="test_coach_cue_seated_true" time="1.890" /><testcase classname="backend.tests.test_iter23_seated_and_sensor.TestCoachCueSeated" name="test_coach_cue_seated_false" time="1.594" /><testcase classname="backend.tests.test_iter23_seated_and_sensor.TestWsTelemetrySensor" name="test_sensor_override_and_fallback" time="8.009" /></testsuite></testsuites>