<?xml version="1.0" encoding="utf-8"?><testsuites name="pytest tests"><testsuite name="pytest" errors="0" failures="0" skipped="0" tests="13" time="7.398" timestamp="2026-08-11T18:08:02.401160+00:00" hostname="agent-env-3f1f45d1-fbcd-47a8-8433-853540166b23"><testcase classname="backend.tests.test_iter90_screen_captures_admin.TestAuth" name="test_no_bearer_returns_401" time="0.156" /><testcase classname="backend.tests.test_iter90_screen_captures_admin.TestAuth" name="test_wrong_bearer_returns_401" time="0.129" /><testcase classname="backend.tests.test_iter90_screen_captures_admin.TestAuth" name="test_rider_token_returns_403" time="0.632" /><testcase classname="backend.tests.test_iter90_screen_captures_admin.TestAuth" name="test_hwg_service_token_returns_200" time="0.164" /><testcase classname="backend.tests.test_iter90_screen_captures_admin.TestScreens" name="test_screens_catalogue_shape_and_count" time="0.205" /><testcase classname="backend.tests.test_iter90_screen_captures_admin.TestStatus" name="test_status_shape" time="0.179" /><testcase classname="backend.tests.test_iter90_screen_captures_admin.TestList" name="test_list_includes_thumb_excludes_heavy" time="0.256" /><testcase classname="backend.tests.test_iter90_screen_captures_admin.TestStoreListing" name="test_get_store_listing_has_all_fields" time="0.120" /><testcase classname="backend.tests.test_iter90_screen_captures_admin.TestStoreListing" name="test_put_partial_updates_only_subtitle" time="0.927" /><testcase classname="backend.tests.test_iter90_screen_captures_admin.TestCaptureImage" name="test_framed_variant_returns_png" time="0.185" /><testcase classname="backend.tests.test_iter90_screen_captures_admin.TestCaptureImage" name="test_bogus_variant_returns_422" time="0.122" /><testcase classname="backend.tests.test_iter90_screen_captures_admin.TestCaptureImage" name="test_unknown_key_returns_404" time="0.122" /><testcase classname="backend.tests.test_iter90_screen_captures_admin.TestExport" name="test_export_returns_zip_with_attachment" time="3.995" /></testsuite></testsuites>