<?xml version="1.0" encoding="utf-8"?><testsuites name="pytest tests"><testsuite name="pytest" errors="0" failures="0" skipped="0" tests="10" time="44.860" timestamp="2026-09-04T09:33:57.469981+00:00" hostname="agent-env-58795608-06e6-4590-83e6-248653031b9c"><testcase classname="backend.tests.test_iter97_event_swap_templates.TestEventDate" name="test_preview_echoes_event_date" time="15.849" /><testcase classname="backend.tests.test_iter97_event_swap_templates.TestEventDate" name="test_accept_schedules_last_week_on_event_week" time="0.178" /><testcase classname="backend.tests.test_iter97_event_swap_templates.TestSwapSession" name="test_easier_reduces_load" time="2.803" /><testcase classname="backend.tests.test_iter97_event_swap_templates.TestSwapSession" name="test_harder_increases_load" time="3.869" /><testcase classname="backend.tests.test_iter97_event_swap_templates.TestSwapSession" name="test_focus_returns_cycling" time="4.533" /><testcase classname="backend.tests.test_iter97_event_swap_templates.TestSwapPersistsCustomPlan" name="test_swap_persists_via_week_and_day_index" time="13.397" /><testcase classname="backend.tests.test_iter97_event_swap_templates.TestSwapPersistsCustomPlan" name="test_swap_persists_via_workout_id_only" time="3.717" /><testcase classname="backend.tests.test_iter97_event_swap_templates.TestPlanTemplates" name="test_crud_flow" time="0.232" /><testcase classname="backend.tests.test_iter97_event_swap_templates.TestPlanTemplates" name="test_post_rejects_empty_plan" time="0.054" /><testcase classname="backend.tests.test_iter97_event_swap_templates" name="test_restore_demo_plan_final" time="0.175" /></testsuite></testsuites>