<?xml version="1.0" encoding="utf-8"?><testsuites name="pytest tests"><testsuite name="pytest" errors="0" failures="0" skipped="0" tests="7" time="1.025" timestamp="2026-09-06T10:24:38.084062+00:00" hostname="agent-env-58795608-06e6-4590-83e6-248653031b9c"><testcase classname="backend.tests.test_iter105_strava_push_and_samples" name="test_summarize_returns_id_and_avg_hr" time="0.540" /><testcase classname="backend.tests.test_iter105_strava_push_and_samples" name="test_ride_history_has_samples_and_avg_hr" time="0.071" /><testcase classname="backend.tests.test_iter105_strava_push_and_samples" name="test_strava_ride_status_all_false" time="0.073" /><testcase classname="backend.tests.test_iter105_strava_push_and_samples" name="test_strava_push_returns_400_when_not_connected" time="0.071" /><testcase classname="backend.tests.test_iter105_strava_push_and_samples" name="test_strava_push_missing_ride_id_400" time="0.068" /><testcase classname="backend.tests.test_iter105_strava_push_and_samples" name="test_strava_settings_patch_ok" time="0.068" /><testcase classname="backend.tests.test_iter105_strava_push_and_samples" name="test_connections_lists_expected_providers_and_no_google_fit" time="0.072" /></testsuite></testsuites>