<?xml version="1.0" encoding="utf-8"?><testsuites name="pytest tests"><testsuite name="pytest" errors="0" failures="0" skipped="0" tests="8" time="2.608" timestamp="2026-08-05T01:59:34.261740+00:00" hostname="agent-env-3f1f45d1-fbcd-47a8-8433-853540166b23"><testcase classname="tests.test_iter76_activities_upload.TestUpload" name="test_gpx_upload_returns_metrics" time="0.684" /><testcase classname="tests.test_iter76_activities_upload.TestUpload" name="test_tcx_upload_returns_metrics" time="0.199" /><testcase classname="tests.test_iter76_activities_upload.TestUpload" name="test_unsupported_extension_400" time="0.217" /><testcase classname="tests.test_iter76_activities_upload.TestListActivities" name="test_list_contains_uploaded_outdoor" time="0.130" /><testcase classname="tests.test_iter76_activities_upload.TestActivityDetail" name="test_detail_has_full_analysis" time="0.103" /><testcase classname="tests.test_iter76_activities_upload.TestActivityDetail" name="test_detail_via_import_prefix" time="0.366" /><testcase classname="tests.test_iter76_activities_upload.TestFtp" name="test_ftp_roundtrip" time="0.483" /><testcase classname="tests.test_iter76_activities_upload.TestFtp" name="test_ftp_out_of_range_400" time="0.312" /></testsuite></testsuites>