<?xml version="1.0" encoding="utf-8"?><testsuites name="pytest tests"><testsuite name="pytest" errors="0" failures="0" skipped="0" tests="5" time="5.796" timestamp="2026-09-12T04:10:59.569099+00:00" hostname="agent-env-58795608-06e6-4590-83e6-248653031b9c"><testcase classname="backend.tests.test_iter117_wprime_predictive.TestPredictiveWPrimeCue" name="test_preemptive_struggle_cue_returns_200" time="2.479" /><testcase classname="backend.tests.test_iter117_wprime_predictive.TestPredictiveWPrimeCue" name="test_struggle_cue_without_new_fields_still_200" time="0.989" /><testcase classname="backend.tests.test_iter117_wprime_predictive.TestPredictiveWPrimeCue" name="test_minimal_live_cue_no_new_fields_regression" time="1.175" /><testcase classname="backend.tests.test_iter117_wprime_predictive.TestRiderSettingsMaxHrAge" name="test_age_persists_via_rider_profile" time="0.595" /><testcase classname="backend.tests.test_iter117_wprime_predictive.TestRiderSettingsMaxHrAge" name="test_max_hr_persists_via_activities_ftp" time="0.495" /></testsuite></testsuites>