<?xml version="1.0" encoding="utf-8"?><testsuites name="pytest tests"><testsuite name="pytest" errors="0" failures="0" skipped="0" tests="5" time="0.762" timestamp="2026-09-06T09:36:30.391639+00:00" hostname="agent-env-58795608-06e6-4590-83e6-248653031b9c"><testcase classname="backend.tests.test_iter103_no_google_fit.TestGoogleFitRetired" name="test_connections_endpoint_ok" time="0.472" /><testcase classname="backend.tests.test_iter103_no_google_fit.TestGoogleFitRetired" name="test_no_google_fit_id_or_name" time="0.058" /><testcase classname="backend.tests.test_iter103_no_google_fit.TestGoogleFitRetired" name="test_health_connect_present_and_native" time="0.058" /><testcase classname="backend.tests.test_iter103_no_google_fit.TestGoogleFitRetired" name="test_apple_health_present_and_native" time="0.059" /><testcase classname="backend.tests.test_iter103_no_google_fit.TestGoogleFitRetired" name="test_response_shape" time="0.060" /></testsuite></testsuites>