<?xml version="1.0" encoding="utf-8"?><testsuites name="pytest tests"><testsuite name="pytest" errors="0" failures="0" skipped="0" tests="6" time="0.830" timestamp="2026-08-18T04:19:41.212259+00:00" hostname="agent-env-3f1f45d1-fbcd-47a8-8433-853540166b23"><testcase classname="backend.tests.test_iter92_scenic_elevation_backfill" name="test_at_least_one_route_present" time="0.780" /><testcase classname="backend.tests.test_iter92_scenic_elevation_backfill" name="test_all_routes_have_distance_km" time="0.000" /><testcase classname="backend.tests.test_iter92_scenic_elevation_backfill" name="test_all_routes_have_elevation_m" time="0.000" /><testcase classname="backend.tests.test_iter92_scenic_elevation_backfill" name="test_all_routes_have_elevation_profile" time="0.000" /><testcase classname="backend.tests.test_iter92_scenic_elevation_backfill" name="test_elevation_profile_shape" time="0.000" /><testcase classname="backend.tests.test_iter92_scenic_elevation_backfill" name="test_backfilled_routes_present" time="0.000" /></testsuite></testsuites>