<?xml version="1.0" encoding="utf-8"?><testsuites name="pytest tests"><testsuite name="pytest" errors="0" failures="0" skipped="0" tests="9" time="3.125" timestamp="2026-07-26T06:42:32.980053+00:00" hostname="agent-env-3f1f45d1-fbcd-47a8-8433-853540166b23"><testcase classname="tests.test_rider_prs.TestRiderPRs" name="test_a_first_completion" time="0.508" /><testcase classname="tests.test_rider_prs.TestRiderPRs" name="test_b_faster_time_sets_route_time_pr" time="0.097" /><testcase classname="tests.test_rider_prs.TestRiderPRs" name="test_c_higher_avg_power_sets_route_power_pr" time="0.097" /><testcase classname="tests.test_rider_prs.TestRiderPRs" name="test_d_faster_segment_adds_to_segments_prs" time="0.092" /><testcase classname="tests.test_rider_prs.TestRiderPRs" name="test_e_slower_weaker_submit_no_pr_no_change" time="0.299" /><testcase classname="tests.test_rider_prs.TestRiderPRs" name="test_f_uncompleted_faster_time_no_route_time_but_segments_compared" time="0.282" /><testcase classname="tests.test_rider_prs.TestRiderPRs" name="test_g_list_and_get_single_pr" time="0.191" /><testcase classname="tests.test_rider_prs.TestRiderPRs" name="test_h_pr_get_missing_route_returns_stub" time="0.095" /><testcase classname="tests.test_rider_prs.TestRiderPRs" name="test_i_user_scoping_isolation" time="1.387" /></testsuite></testsuites>