<?xml version="1.0" encoding="utf-8"?><testsuites name="pytest tests"><testsuite name="pytest" errors="0" failures="0" skipped="0" tests="8" time="0.959" timestamp="2026-07-23T18:59:33.625778+00:00" hostname="agent-env-3f1f45d1-fbcd-47a8-8433-853540166b23"><testcase classname="backend.tests.test_couch_to_road.TestRiderProfile" name="test_rider_is_green_lantern" time="0.359" /><testcase classname="backend.tests.test_couch_to_road.TestPlanEndpoint" name="test_plan_is_couch_to_road" time="0.084" /><testcase classname="backend.tests.test_couch_to_road.TestPlanEndpoint" name="test_plan_has_four_phases" time="0.077" /><testcase classname="backend.tests.test_couch_to_road.TestPlanEndpoint" name="test_plan_has_beginner_goals" time="0.073" /><testcase classname="backend.tests.test_couch_to_road.TestPlanEndpoint" name="test_plan_workout_ids" time="0.085" /><testcase classname="backend.tests.test_couch_to_road.TestCalendarWeek" name="test_calendar_week1_dates" time="0.080" /><testcase classname="backend.tests.test_couch_to_road.TestCalendarWeek" name="test_calendar_has_cycling_workout_ids" time="0.070" /><testcase classname="backend.tests.test_couch_to_road.TestCalendarWeek" name="test_calendar_has_slots" time="0.073" /></testsuite></testsuites>