<?xml version="1.0" encoding="utf-8"?><testsuites name="pytest tests"><testsuite name="pytest" errors="0" failures="0" skipped="0" tests="40" time="9.942" timestamp="2026-07-28T02:04:10.612308+00:00" hostname="agent-env-3f1f45d1-fbcd-47a8-8433-853540166b23"><testcase classname="backend.tests.test_iter64_rider_benchmark_refactor.TestRiderProfile" name="test_get_profile_shape" time="0.598" /><testcase classname="backend.tests.test_iter64_rider_benchmark_refactor.TestRiderProfile" name="test_put_profile_roundtrip_restore" time="0.143" /><testcase classname="backend.tests.test_iter64_rider_benchmark_refactor.TestRiderAppearance" name="test_get_appearance_defaults" time="0.047" /><testcase classname="backend.tests.test_iter64_rider_benchmark_refactor.TestRiderAppearance" name="test_put_appearance_restore" time="0.137" /><testcase classname="backend.tests.test_iter64_rider_benchmark_refactor.TestRiderPrefs" name="test_get_prefs_defaults" time="0.050" /><testcase classname="backend.tests.test_iter64_rider_benchmark_refactor.TestRiderPrefs" name="test_put_prefs_restore" time="0.145" /><testcase classname="backend.tests.test_iter64_rider_benchmark_refactor.TestRiderSettings" name="test_get_settings" time="0.044" /><testcase classname="backend.tests.test_iter64_rider_benchmark_refactor.TestRiderSettings" name="test_put_settings_restore" time="0.138" /><testcase classname="backend.tests.test_iter64_rider_benchmark_refactor.TestRiderKV" name="test_kv_set_get_delete" time="0.185" /><testcase classname="backend.tests.test_iter64_rider_benchmark_refactor.TestRiderKV" name="test_kv_invalid_key_rejected" time="0.044" /><testcase classname="backend.tests.test_iter64_rider_benchmark_refactor.TestRiderPRs" name="test_list_prs" time="0.044" /><testcase classname="backend.tests.test_iter64_rider_benchmark_refactor.TestRiderPRs" name="test_get_single_pr_default" time="0.045" /><testcase classname="backend.tests.test_iter64_rider_benchmark_refactor.TestRiderPRs" name="test_submit_pr_returns_shape" time="0.092" /><testcase classname="backend.tests.test_iter64_rider_benchmark_refactor.TestRiderSeasonAndProgress" name="test_season_all_time" time="0.059" /><testcase classname="backend.tests.test_iter64_rider_benchmark_refactor.TestRiderSeasonAndProgress" name="test_season_windowed" time="0.063" /><testcase classname="backend.tests.test_iter64_rider_benchmark_refactor.TestRiderSeasonAndProgress" name="test_progress_summary_shape" time="0.050" /><testcase classname="backend.tests.test_iter64_rider_benchmark_refactor.TestRiderSeasonAndProgress" name="test_achievements" time="0.046" /><testcase classname="backend.tests.test_iter64_rider_benchmark_refactor.TestSupplementary" name="test_supplementary_toggle" time="0.098" /><testcase classname="backend.tests.test_iter64_rider_benchmark_refactor.TestReadinessLevelCheckin" name="test_readiness" time="0.047" /><testcase classname="backend.tests.test_iter64_rider_benchmark_refactor.TestReadinessLevelCheckin" name="test_level" time="0.046" /><testcase classname="backend.tests.test_iter64_rider_benchmark_refactor.TestReadinessLevelCheckin" name="test_checkin_and_today" time="0.095" /><testcase classname="backend.tests.test_iter64_rider_benchmark_refactor.TestRiderAccountDeleteThrowaway" name="test_delete_account_throwaway" time="1.119" /><testcase classname="backend.tests.test_iter64_rider_benchmark_refactor.TestBenchmarkProfile" name="test_profile_shape" time="0.049" /><testcase classname="backend.tests.test_iter64_rider_benchmark_refactor.TestBenchmarkResults" name="test_results_list" time="0.048" /><testcase classname="backend.tests.test_iter64_rider_benchmark_refactor.TestBenchmarkResults" name="test_create_and_decision_roundtrip" time="0.183" /><testcase classname="backend.tests.test_iter64_rider_benchmark_refactor.TestBenchmarkSessions" name="test_session_lifecycle" time="0.185" /><testcase classname="backend.tests.test_iter64_rider_benchmark_refactor.TestBenchmarkSessions" name="test_session_missing_testid" time="0.045" /><testcase classname="backend.tests.test_iter64_rider_benchmark_refactor.TestBenchmarkZones" name="test_zones_reflect_seeded_ftp" time="0.051" /><testcase classname="backend.tests.test_iter64_rider_benchmark_refactor.TestBenchmarkPlanGate" name="test_plan_gate_couch_to_road" time="2.839" /><testcase classname="backend.tests.test_iter64_rider_benchmark_refactor.TestBenchmarkNudge" name="test_nudge_shape" time="0.048" /><testcase classname="backend.tests.test_iter64_rider_benchmark_refactor.TestBenchmarkPlanReview" name="test_plan_review_shape" time="0.046" /><testcase classname="backend.tests.test_iter64_rider_benchmark_refactor.TestBenchmarkTrends" name="test_trends_shape" time="0.048" /><testcase classname="backend.tests.test_iter64_rider_benchmark_refactor.TestBenchmarkWeek" name="test_get_and_restore_week" time="0.378" /><testcase classname="backend.tests.test_iter64_rider_benchmark_refactor.TestBenchmarkRecommendation" name="test_recommendation_shape" time="0.045" /><testcase classname="backend.tests.test_iter64_rider_benchmark_refactor.TestEngineConsumers" name="test_plan" time="0.093" /><testcase classname="backend.tests.test_iter64_rider_benchmark_refactor.TestEngineConsumers" name="test_calendar_week_uses_cal_status" time="0.050" /><testcase classname="backend.tests.test_iter64_rider_benchmark_refactor.TestEngineConsumers" name="test_coach_chat_history_uses_rider_line" time="0.046" /><testcase classname="backend.tests.test_iter64_rider_benchmark_refactor.TestEngineConsumers" name="test_coach_cue" time="1.626" /><testcase classname="backend.tests.test_iter64_rider_benchmark_refactor.TestEngineConsumers" name="test_plan_progress" time="0.051" /><testcase classname="backend.tests.test_iter64_rider_benchmark_refactor.TestAdminBenchmarkConfigCrossModule" name="test_flip_and_restore" time="0.651" /></testsuite></testsuites>