<?xml version="1.0" encoding="utf-8"?><testsuites name="pytest tests"><testsuite name="pytest" errors="0" failures="0" skipped="0" tests="4" time="0.774" timestamp="2026-08-23T06:53:56.409002+00:00" hostname="agent-env-3f1f45d1-fbcd-47a8-8433-853540166b23"><testcase classname="backend.tests.test_iter94_admin_feedback_gate.TestAdminFeedbackGate" name="test_service_token_200" time="0.249" /><testcase classname="backend.tests.test_iter94_admin_feedback_gate.TestAdminFeedbackGate" name="test_rider_token_403" time="0.313" /><testcase classname="backend.tests.test_iter94_admin_feedback_gate.TestAdminFeedbackGate" name="test_missing_auth_401" time="0.114" /><testcase classname="backend.tests.test_iter94_admin_feedback_gate.TestAdminFeedbackGate" name="test_bogus_token_401" time="0.043" /></testsuite></testsuites>