<?xml version="1.0" encoding="utf-8"?><testsuites name="pytest tests"><testsuite name="pytest" errors="0" failures="0" skipped="0" tests="6" time="3.247" timestamp="2026-07-28T06:32:59.794167+00:00" hostname="agent-env-3f1f45d1-fbcd-47a8-8433-853540166b23"><testcase classname="backend.tests.test_iter69_favourites_and_interest.TestScenicFavourites" name="test_favourite_unknown_route_returns_404" time="0.591" /><testcase classname="backend.tests.test_iter69_favourites_and_interest.TestScenicFavourites" name="test_favourites_round_trip" time="0.551" /><testcase classname="backend.tests.test_iter69_favourites_and_interest.TestScenicFavourites" name="test_delete_nonexistent_is_idempotent" time="0.079" /><testcase classname="backend.tests.test_iter69_favourites_and_interest.TestModeInterest" name="test_invalid_mode_rejected_422" time="0.081" /><testcase classname="backend.tests.test_iter69_favourites_and_interest.TestModeInterest" name="test_register_list_remove" time="0.912" /><testcase classname="backend.tests.test_iter69_favourites_and_interest.TestModeInterest" name="test_all_valid_modes_accepted" time="0.973" /></testsuite></testsuites>