<?xml version="1.0" encoding="utf-8"?><testsuites name="pytest tests"><testsuite name="pytest" errors="0" failures="0" skipped="0" tests="3" time="5.079" timestamp="2026-08-23T06:16:50.918005+00:00" hostname="agent-env-3f1f45d1-fbcd-47a8-8433-853540166b23"><testcase classname="backend.tests.test_iter93_telemetry_ws" name="test_ws_live_mode_zeros_and_disconnected" time="1.714" /><testcase classname="backend.tests.test_iter93_telemetry_ws" name="test_ws_sensor_pushes_real_values_and_source_sensor" time="1.768" /><testcase classname="backend.tests.test_iter93_telemetry_ws" name="test_ws_demo_mode_source_estimated_and_nonzero_power" time="1.574" /></testsuite></testsuites>