<?xml version="1.0" encoding="utf-8"?><testsuites name="pytest tests"><testsuite name="pytest" errors="0" failures="2" skipped="0" tests="8" time="0.977" timestamp="2026-07-24T08:51:42.334904+00:00" hostname="agent-env-3f1f45d1-fbcd-47a8-8433-853540166b23"><testcase classname="backend.tests.test_ride_beyond.TestPlansCatalog" name="test_ride_beyond_is_advanced_structured_4_weeks" time="0.395"><failure message="AssertionError: level: None&#10;assert '' == 'advanced'&#10;  &#10;  - advanced">backend/tests/test_ride_beyond.py:45: in test_ride_beyond_is_advanced_structured_4_weeks
    assert (rb.get("level") or "").lower() == "advanced", f"level: {rb.get('level')}"
E   AssertionError: level: None
E   assert '' == 'advanced'
E     
E     - advanced</failure></testcase><testcase classname="backend.tests.test_ride_beyond.TestOnboardingRecommendAdvanced" name="test_advanced_profile_recommends_ride_beyond" time="0.047"><failure message="AssertionError: expected Advanced, got: Intermediate — full={'level': 'Intermediate', 'recommended': {'id': 'ride-stronger', 'title': 'Ride Stronger', 'authored': True}, 'plans': [{'id': 'couch-to-road', 'title': 'From Couch to Road', 'description': None, 'type': 'structured', 'duration_weeks': 16, 'week_count': 16, 'updated_at': '2026-07-24T01:58:13.011282+00:00'}, {'id': 'build-and-climb', 'title': 'Build &amp; Climb', 'description': 'A 12-week plan to build sustainable power, climbing strength and endurance so you can conquer long climbs with confidence.', 'type': 'roadmap', 'duration_weeks': 12, 'week_count': 0, 'updated_at': '2026-07-24T01:58:13.012410+00:00'}, {'id': 'ride-stronger', 'title': 'Ride Stronger', 'description': 'A 12-week intermediate plan across three phases — Foundation &amp; Control, Strength &amp; Sustainable Power, and Goal Ready — that builds endurance, cadence, tempo, threshold and seated climbing, then converts it into goal-ready performance and a personalised achievement ride.', 'type': 'structured', 'duration_weeks': 12, 'week_count': 12, 'updated_at': '2026-07-24T07:25:14.854886+00:00'}, {'id': 'ride-beyond', 'title': 'Ride Beyond', 'description': 'An advanced 12-week performance plan across three phases — Performance Foundation, Power &amp; Durability, and Peak Performance — that develops sustainable power, aerobic durability, climbing strength, cadence control and performance under fatigue, toward a personalised achievement ride.', 'type': 'structured', 'duration_weeks': 4, 'week_count': 4, 'updated_at': '2026-07-24T08:40:39.682716+00:00'}], 'allow_free': True}&#10;assert 'intermediate' == 'advanced'&#10;  &#10;  - advanced&#10;  + intermediate">backend/tests/test_ride_beyond.py:69: in test_advanced_profile_recommends_ride_beyond
    assert level == "advanced", f"expected Advanced, got: {data.get('level')} — full={data}"
E   AssertionError: expected Advanced, got: Intermediate — full={'level': 'Intermediate', 'recommended': {'id': 'ride-stronger', 'title': 'Ride Stronger', 'authored': True}, 'plans': [{'id': 'couch-to-road', 'title': 'From Couch to Road', 'description': None, 'type': 'structured', 'duration_weeks': 16, 'week_count': 16, 'updated_at': '2026-07-24T01:58:13.011282+00:00'}, {'id': 'build-and-climb', 'title': 'Build &amp; Climb', 'description': 'A 12-week plan to build sustainable power, climbing strength and endurance so you can conquer long climbs with confidence.', 'type': 'roadmap', 'duration_weeks': 12, 'week_count': 0, 'updated_at': '2026-07-24T01:58:13.012410+00:00'}, {'id': 'ride-stronger', 'title': 'Ride Stronger', 'description': 'A 12-week intermediate plan across three phases — Foundation &amp; Control, Strength &amp; Sustainable Power, and Goal Ready — that builds endurance, cadence, tempo, threshold and seated climbing, then converts it into goal-ready performance and a personalised achievement ride.', 'type': 'structured', 'duration_weeks': 12, 'week_count': 12, 'updated_at': '2026-07-24T07:25:14.854886+00:00'}, {'id': 'ride-beyond', 'title': 'Ride Beyond', 'description': 'An advanced 12-week performance plan across three phases — Performance Foundation, Power &amp; Durability, and Peak Performance — that develops sustainable power, aerobic durability, climbing strength, cadence control and performance under fatigue, toward a personalised achievement ride.', 'type': 'structured', 'duration_weeks': 4, 'week_count': 4, 'updated_at': '2026-07-24T08:40:39.682716+00:00'}], 'allow_free': True}
E   assert 'intermediate' == 'advanced'
E     
E     - advanced
E     + intermediate</failure></testcase><testcase classname="backend.tests.test_ride_beyond.TestAssignRideBeyond" name="test_assign_and_fetch_structured_plan" time="0.089" /><testcase classname="backend.tests.test_ride_beyond.TestCalendarWeek" name="test_calendar_week_maps_days_to_rides" time="0.048" /><testcase classname="backend.tests.test_ride_beyond.TestRideStrongerRegression" name="test_ride_stronger_still_12_weeks" time="0.088" /><testcase classname="backend.tests.test_ride_beyond.TestRideStrongerRegression" name="test_ride_stronger_calendar_week" time="0.044" /><testcase classname="backend.tests.test_ride_beyond.TestCouchToRoadRegression" name="test_reassign_couch_to_road" time="0.125" /><testcase classname="backend.tests.test_ride_beyond.TestCouchToRoadRegression" name="test_couch_to_road_calendar_week" time="0.044" /></testsuite></testsuites>