<?xml version="1.0" encoding="utf-8"?><testsuites name="pytest tests"><testsuite name="pytest" errors="0" failures="0" skipped="0" tests="13" time="7.312" timestamp="2026-07-28T09:41:14.440095+00:00" hostname="agent-env-3f1f45d1-fbcd-47a8-8433-853540166b23"><testcase classname="backend.tests.test_iter71_scenic_discoveries.TestScenicRegression" name="test_list_routes" time="0.888" /><testcase classname="backend.tests.test_iter71_scenic_discoveries.TestScenicRegression" name="test_get_route" time="0.848" /><testcase classname="backend.tests.test_iter71_scenic_discoveries.TestScenicRegression" name="test_get_route_pois" time="0.097" /><testcase classname="backend.tests.test_iter71_scenic_discoveries.TestScenicRegression" name="test_favourites_roundtrip" time="1.520" /><testcase classname="backend.tests.test_iter71_scenic_discoveries.TestDiscoveries" name="test_list_empty_for_random_route" time="0.331" /><testcase classname="backend.tests.test_iter71_scenic_discoveries.TestDiscoveries" name="test_create_discovery" time="0.588" /><testcase classname="backend.tests.test_iter71_scenic_discoveries.TestDiscoveries" name="test_idempotent_per_poi_order" time="0.340" /><testcase classname="backend.tests.test_iter71_scenic_discoveries.TestDiscoveries" name="test_patch_discovery" time="0.094" /><testcase classname="backend.tests.test_iter71_scenic_discoveries.TestDiscoveries" name="test_patch_404" time="0.096" /><testcase classname="backend.tests.test_iter71_scenic_discoveries.TestDiscoveries" name="test_user_isolation" time="0.743" /><testcase classname="backend.tests.test_iter71_scenic_discoveries.TestDiscoveries" name="test_delete_discovery" time="1.112" /><testcase classname="backend.tests.test_iter71_scenic_discoveries.TestJourneys" name="test_journeys_endpoint_shape" time="0.097" /><testcase classname="backend.tests.test_iter71_scenic_discoveries.TestJourneys" name="test_journeys_never_fabricated_for_fresh_user" time="0.479" /></testsuite></testsuites>