<?xml version="1.0" encoding="utf-8"?><testsuites name="pytest tests"><testsuite name="pytest" errors="0" failures="0" skipped="0" tests="4" time="5.578" timestamp="2026-09-11T10:33:54.609162+00:00" hostname="agent-env-58795608-06e6-4590-83e6-248653031b9c"><testcase classname="backend.tests.test_iter112_struggle_and_debrief.TestCoachCueStruggle" name="test_struggle_cue_returns_200" time="2.361" /><testcase classname="backend.tests.test_iter112_struggle_and_debrief.TestCoachCueStruggle" name="test_safety_cue_returns_200_calm" time="0.947" /><testcase classname="backend.tests.test_iter112_struggle_and_debrief.TestCoachCueStruggle" name="test_live_cue_regression" time="0.998" /><testcase classname="backend.tests.test_iter112_struggle_and_debrief.TestCoachDebriefStruggles" name="test_debrief_with_struggles_200" time="1.216" /></testsuite></testsuites>