<?xml version="1.0" encoding="utf-8"?><testsuites name="pytest tests"><testsuite name="pytest" errors="0" failures="0" skipped="0" tests="9" time="3.351" timestamp="2026-07-26T11:59:25.720241+00:00" hostname="agent-env-3f1f45d1-fbcd-47a8-8433-853540166b23"><testcase classname="backend.tests.test_iter45_prefs_persist.TestRiderSettingsExtended" name="test_put_and_get_new_keys_persist" time="0.732" /><testcase classname="backend.tests.test_iter45_prefs_persist.TestRiderSettingsExtended" name="test_user_scoped_new_keys" time="0.671" /><testcase classname="backend.tests.test_iter45_prefs_persist.TestRiderSettingsExtended" name="test_restore_defaults" time="0.193" /><testcase classname="backend.tests.test_iter45_prefs_persist.TestRiderKV" name="test_kv_set_get_remove" time="0.585" /><testcase classname="backend.tests.test_iter45_prefs_persist.TestRiderKV" name="test_invalid_key_with_dot_rejected" time="0.093" /><testcase classname="backend.tests.test_iter45_prefs_persist.TestRiderKV" name="test_empty_key_rejected" time="0.100" /><testcase classname="backend.tests.test_iter45_prefs_persist.TestRiderKV" name="test_kv_user_scoped" time="0.364" /><testcase classname="backend.tests.test_iter45_prefs_persist.TestRegression" name="test_equipment_keys_still_work" time="0.371" /><testcase classname="backend.tests.test_iter45_prefs_persist.TestRegression" name="test_rider_prefs_still_returns_coach_fields" time="0.189" /></testsuite></testsuites>