<?xml version="1.0" encoding="utf-8"?><testsuites name="pytest tests"><testsuite name="pytest" errors="0" failures="0" skipped="0" tests="4" time="5.648" timestamp="2026-09-12T02:37:10.588392+00:00" hostname="agent-env-58795608-06e6-4590-83e6-248653031b9c"><testcase classname="tests.test_iter112_struggle_and_debrief.TestCoachCueStruggle" name="test_struggle_cue_returns_200" time="2.553" /><testcase classname="tests.test_iter112_struggle_and_debrief.TestCoachCueStruggle" name="test_safety_cue_returns_200_calm" time="0.885" /><testcase classname="tests.test_iter112_struggle_and_debrief.TestCoachCueStruggle" name="test_live_cue_regression" time="0.801" /><testcase classname="tests.test_iter112_struggle_and_debrief.TestCoachDebriefStruggles" name="test_debrief_with_struggles_200" time="1.362" /></testsuite></testsuites>