<?xml version="1.0" encoding="utf-8"?><testsuites name="pytest tests"><testsuite name="pytest" errors="0" failures="1" skipped="3" tests="9" time="2.367" timestamp="2026-09-11T12:44:03.425948+00:00" hostname="agent-env-58795608-06e6-4590-83e6-248653031b9c"><testcase classname="backend.tests.test_readiness_downgrade.TestPreconditions" name="test_plan_has_hard_ride_today" time="0.634" /><testcase classname="backend.tests.test_readiness_downgrade.TestLowReadinessDowngrade" name="test_low_checkin_returns_downgrade_available" time="0.220"><skipped type="pytest.skip" message="No hard ride scheduled today for downgrade to trigger: {'available': False}">/app/backend/tests/test_readiness_downgrade.py:79: No hard ride scheduled today for downgrade to trigger: {'available': False}</skipped></testcase><testcase classname="backend.tests.test_readiness_downgrade.TestLowReadinessDowngrade" name="test_readiness_today_includes_downgrade" time="0.161" /><testcase classname="backend.tests.test_readiness_downgrade.TestLowReadinessDowngrade" name="test_readiness_suggestion_endpoint_matches" time="0.162" /><testcase classname="backend.tests.test_readiness_downgrade.TestAcceptAndUndo" name="test_accept_downgrade_swaps_plan" time="0.356"><skipped type="pytest.skip" message="downgrade not available to accept: {'available': False}">/app/backend/tests/test_readiness_downgrade.py:104: downgrade not available to accept: {'available': False}</skipped></testcase><testcase classname="backend.tests.test_readiness_downgrade.TestAcceptAndUndo" name="test_undo_restores_original_ride" time="0.152"><failure message="AssertionError: {&quot;detail&quot;:[{&quot;type&quot;:&quot;missing&quot;,&quot;loc&quot;:[&quot;body&quot;,&quot;start_date&quot;],&quot;msg&quot;:&quot;Field required&quot;,&quot;input&quot;:{},&quot;url&quot;:&quot;https://errors.pydantic.dev/2.13/v/missing&quot;}]}&#10;assert 422 == 200&#10; +  where 422 = &lt;Response [422]&gt;.status_code">backend/tests/test_readiness_downgrade.py:121: in test_undo_restores_original_ride
    assert r.status_code == 200, r.text
E   AssertionError: {"detail":[{"type":"missing","loc":["body","start_date"],"msg":"Field required","input":{},"url":"https://errors.pydantic.dev/2.13/v/missing"}]}
E   assert 422 == 200
E    +  where 422 = &lt;Response [422]&gt;.status_code</failure></testcase><testcase classname="backend.tests.test_readiness_downgrade.TestDismissFlow" name="test_fresh_checkin_then_dismiss" time="0.340"><skipped type="pytest.skip" message="downgrade not available: {'available': False}">/app/backend/tests/test_readiness_downgrade.py:131: downgrade not available: {'available': False}</skipped></testcase><testcase classname="backend.tests.test_readiness_downgrade.TestGoodReadinessNoDowngrade" name="test_good_checkin_no_downgrade" time="0.141" /><testcase classname="backend.tests.test_readiness_downgrade.TestSafetyOverridePrecedence" name="test_symptom_override_shows_no_downgrade" time="0.130" /></testsuite></testsuites>