<?xml version="1.0" encoding="utf-8"?><testsuites name="pytest tests"><testsuite name="pytest" errors="0" failures="0" skipped="0" tests="10" time="2.710" timestamp="2026-09-14T11:49:07.791529+00:00" hostname="agent-env-58795608-06e6-4590-83e6-248653031b9c"><testcase classname="backend.tests.test_regression_2026_security_hardening.TestRiderLogin" name="test_demo_login_returns_user" time="0.229" /><testcase classname="backend.tests.test_regression_2026_security_hardening.TestAdminPasswordRotation" name="test_old_password_rejected" time="0.225" /><testcase classname="backend.tests.test_regression_2026_security_hardening.TestAdminPasswordRotation" name="test_new_password_accepted" time="0.226" /><testcase classname="backend.tests.test_regression_2026_security_hardening.TestAdminConsoleCoreFlows" name="test_list_users" time="0.006" /><testcase classname="backend.tests.test_regression_2026_security_hardening.TestAdminConsoleCoreFlows" name="test_user_detail" time="0.010" /><testcase classname="backend.tests.test_regression_2026_security_hardening.TestAdminConsoleCoreFlows" name="test_dashboard_loads" time="0.006" /><testcase classname="backend.tests.test_regression_2026_security_hardening.TestAdminConsoleCoreFlows" name="test_search_with_regex_special_chars_no_hang" time="0.005" /><testcase classname="backend.tests.test_regression_2026_security_hardening.TestAdminConsoleCoreFlows" name="test_search_normal_query_still_works" time="0.005" /><testcase classname="backend.tests.test_regression_2026_security_hardening.TestCoachChat" name="test_send_message_and_get_reply" time="1.921" /><testcase classname="backend.tests.test_regression_2026_security_hardening.TestPlanTemplatesOwnUserFlow" name="test_save_list_delete_roundtrip" time="0.012" /></testsuite></testsuites>