<?xml version="1.0" encoding="utf-8"?><testsuites name="pytest tests"><testsuite name="pytest" errors="0" failures="0" skipped="0" tests="3" time="8.934" timestamp="2026-07-23T13:39:53.611515+00:00" hostname="agent-env-3f1f45d1-fbcd-47a8-8433-853540166b23"><testcase classname="tests.test_intervals_debrief.TestCoachDebriefIntervals" name="test_debrief_accepts_interval_fields" time="5.211" /><testcase classname="tests.test_intervals_debrief.TestCoachDebriefIntervals" name="test_debrief_backwards_compat_without_intervals" time="3.573" /><testcase classname="tests.test_intervals_debrief.TestSummarizeStillWorks" name="test_summarize_empty_returns_reference" time="0.099" /></testsuite></testsuites>