<?xml version="1.0" encoding="utf-8"?><testsuites name="pytest tests"><testsuite name="pytest" errors="0" failures="0" skipped="0" tests="6" time="10.085" timestamp="2026-09-12T01:22:13.887303+00:00" hostname="agent-env-58795608-06e6-4590-83e6-248653031b9c"><testcase classname="backend.tests.test_coach_weekly_note.TestCoachWeeklyNote" name="test_weekly_note_returns_valid_shape[demo@roujaune.app-demo9900]" time="0.673" /><testcase classname="backend.tests.test_coach_weekly_note.TestCoachWeeklyNote" name="test_weekly_note_returns_valid_shape[greenlantern@roujaune.app-rideon9900]" time="2.555" /><testcase classname="backend.tests.test_coach_weekly_note.TestCoachWeeklyNote" name="test_weekly_note_refresh[demo@roujaune.app-demo9900]" time="1.724" /><testcase classname="backend.tests.test_coach_weekly_note.TestCoachWeeklyNote" name="test_weekly_note_refresh[greenlantern@roujaune.app-rideon9900]" time="1.699" /><testcase classname="backend.tests.test_coach_weekly_note.TestCoachWeeklyNote" name="test_adaptation_callouts_inspection[demo@roujaune.app-demo9900]" time="1.648" /><testcase classname="backend.tests.test_coach_weekly_note.TestCoachWeeklyNote" name="test_adaptation_callouts_inspection[greenlantern@roujaune.app-rideon9900]" time="1.726" /></testsuite></testsuites>