<?xml version="1.0" encoding="utf-8"?><testsuites name="pytest tests"><testsuite name="pytest" errors="0" failures="0" skipped="0" tests="14" time="2.255" timestamp="2026-09-14T11:48:15.301636+00:00" hostname="agent-env-58795608-06e6-4590-83e6-248653031b9c"><testcase classname="backend.tests.test_security_audit_2026_isolation.TestPlanTemplateIsolation" name="test_full_roundtrip" time="1.124" /><testcase classname="backend.tests.test_security_audit_2026_isolation.TestNotificationReadStateIsolation" name="test_read_state_not_shared" time="0.008" /><testcase classname="backend.tests.test_security_audit_2026_isolation.TestRidePhotoIsolation" name="test_ride_photo_endpoints_scoped_to_owner" time="0.105" /><testcase classname="backend.tests.test_admin_service_token.TestServiceTokenGrantsAdmin" name="test_admin_me" time="0.002" /><testcase classname="backend.tests.test_admin_service_token.TestServiceTokenGrantsAdmin" name="test_admin_users" time="0.045" /><testcase classname="backend.tests.test_admin_service_token.TestServiceTokenGrantsAdmin" name="test_admin_dashboard" time="0.045" /><testcase classname="backend.tests.test_admin_service_token.TestServiceTokenGrantsAdmin" name="test_admin_metrics" time="0.043" /><testcase classname="backend.tests.test_admin_service_token.TestServiceTokenSecurity" name="test_wrong_token_returns_401" time="0.043" /><testcase classname="backend.tests.test_admin_service_token.TestServiceTokenSecurity" name="test_missing_auth_returns_401" time="0.002" /><testcase classname="backend.tests.test_admin_service_token.TestRiderBoundary" name="test_rider_token_forbidden_on_admin_me" time="0.309" /><testcase classname="backend.tests.test_admin_service_token.TestRiderBoundary" name="test_rider_token_forbidden_on_admin_users" time="0.043" /><testcase classname="backend.tests.test_admin_service_token.TestInteractiveAdminRegression" name="test_admin_login_token_hits_admin_me" time="0.311" /><testcase classname="backend.tests.test_admin_service_token.TestRiderRegression" name="test_auth_me_with_rider_token" time="0.043" /><testcase classname="backend.tests.test_admin_service_token.TestRiderRegression" name="test_analysis_streak_with_rider_token" time="0.044" /></testsuite></testsuites>