<?xml version="1.0" encoding="utf-8"?><testsuites name="pytest tests"><testsuite name="pytest" errors="0" failures="0" skipped="0" tests="6" time="10.666" timestamp="2026-07-23T09:38:50.910231+00:00" hostname="agent-env-3f1f45d1-fbcd-47a8-8433-853540166b23"><testcase classname="backend.tests.test_coach_chat.TestCoachChatAlberto" name="test_chat_alberto_returns_persona_reply" time="8.088" /><testcase classname="backend.tests.test_coach_chat.TestCoachChatAlberto" name="test_history_alberto_persisted" time="0.042" /><testcase classname="backend.tests.test_coach_chat.TestCoachChatAlberto" name="test_history_adriana_isolated" time="0.043" /><testcase classname="backend.tests.test_coach_chat.TestCoachChatAlberto" name="test_delete_alberto_history" time="0.082" /><testcase classname="backend.tests.test_coach_chat.TestCoachChatStyle" name="test_chat_essential_style_shape" time="2.224" /><testcase classname="backend.tests.test_coach_chat.TestCoachChatValidation" name="test_empty_message_rejected" time="0.123" /></testsuite></testsuites>